<?xml version="1.0" encoding="UTF-8"?>
<testsuite xmlns:xsi="http://www.w3.org/2001/XMLSchema-instance" xsi:noNamespaceSchemaLocation="https://maven.apache.org/surefire/maven-surefire-plugin/xsd/surefire-test-report.xsd" version="3.0.2" name="com.catastrophe.notifications.domain.service.NotificationServiceTest" time="0.52" tests="14" errors="0" skipped="0" failures="0">
  <properties>
[...]
</properties>
  <testcase name="markAllAsRead_delegates_and_returns_count" classname="com.catastrophe.notifications.domain.service.NotificationServiceTest" time="0.483">
    <system-out><![CDATA[20:49:47.081 [main] INFO com.catastrophe.notifications.domain.service.NotificationService -- Marcadas 7 notificaciones como leídas para gato a785f5fc-1dc8-4b6f-89f8-4dd155a1dee9
]]></system-out>
    <system-err><![CDATA[Mockito is currently self-attaching to enable the inline-mock-maker. This will no longer work in future releases of the JDK. Please add Mockito as an agent to your build what is described in Mockito's documentation: https://javadoc.io/doc/org.mockito/mockito-core/latest/org/mockito/Mockito.html#0.3
WARNING: A Java agent has been loaded dynamically (/Users/srebagli/.m2/repository/net/bytebuddy/byte-buddy-agent/1.15.11/byte-buddy-agent-1.15.11.jar)
WARNING: If a serviceability tool is in use, please run with -XX:+EnableDynamicAgentLoading to hide this warning
WARNING: If a serviceability tool is not in use, please run with -Djdk.instrument.traceUsage for more information
WARNING: Dynamic loading of agents will be disallowed by default in a future release
]]></system-err>
  </testcase>
  <testcase name="markAsRead_throws_when_notification_does_not_exist" classname="com.catastrophe.notifications.domain.service.NotificationServiceTest" time="0.002"/>
  <testcase name="handleEvent_returns_empty_for_ignored_event_types" classname="com.catastrophe.notifications.domain.service.NotificationServiceTest" time="0.009"/>
  <testcase name="xpGained_with_level_up_creates_notification_and_updates_tracker" classname="com.catastrophe.notifications.domain.service.NotificationServiceTest" time="0.007">
    <system-out><![CDATA[20:49:47.097 [main] INFO com.catastrophe.notifications.domain.service.NotificationService -- Level-up detectado para gato 056b59cb-ba4d-4f6d-99c3-1fcd1e0de7ce: 2 → 3
20:49:47.103 [main] INFO com.catastrophe.notifications.domain.service.NotificationService -- Notificación creada: type=LEVEL_UP, recipient=056b59cb-ba4d-4f6d-99c3-1fcd1e0de7ce, id=501d65f7-dcd1-4a05-81df-f65d4f3d7fe7
]]></system-out>
  </testcase>
  <testcase name="handleEvent_persists_notification_for_relevant_event" classname="com.catastrophe.notifications.domain.service.NotificationServiceTest" time="0.001">
    <system-out><![CDATA[20:49:47.105 [main] INFO com.catastrophe.notifications.domain.service.NotificationService -- Notificación creada: type=POST_LIKED, recipient=0afd8772-cff0-4fcf-9425-9aa5b46e0db8, id=98920759-eef6-4aca-a63f-95ab00d9c061
]]></system-out>
  </testcase>
  <testcase name="handleEvent_is_idempotent_when_event_already_processed" classname="com.catastrophe.notifications.domain.service.NotificationServiceTest" time="0.002"/>
  <testcase name="markAsRead_persists_change_and_returns_updated" classname="com.catastrophe.notifications.domain.service.NotificationServiceTest" time="0.001"/>
  <testcase name="xpGained_first_time_seen_does_not_notify_but_records_level" classname="com.catastrophe.notifications.domain.service.NotificationServiceTest" time="0.001"/>
  <testcase name="xpGained_without_level_up_does_not_notify_but_updates_tracker" classname="com.catastrophe.notifications.domain.service.NotificationServiceTest" time="0.001"/>
  <testcase name="findFeed_rejects_invalid_size" classname="com.catastrophe.notifications.domain.service.NotificationServiceTest" time="0.001"/>
  <testcase name="findFeed_rejects_negative_page" classname="com.catastrophe.notifications.domain.service.NotificationServiceTest" time="0.001"/>
  <testcase name="markAsRead_throws_when_notification_belongs_to_another_cat" classname="com.catastrophe.notifications.domain.service.NotificationServiceTest" time="0.001"/>
  <testcase name="handleEvent_persists_adventure_completed" classname="com.catastrophe.notifications.domain.service.NotificationServiceTest" time="0.001">
    <system-out><![CDATA[20:49:47.115 [main] INFO com.catastrophe.notifications.domain.service.NotificationService -- Notificación creada: type=ADVENTURE_COMPLETED, recipient=10a5d603-dd13-44b1-b097-3de7b1b53147, id=beca439f-9ac5-4bae-b99c-6d6daf9dfcee
]]></system-out>
  </testcase>
  <testcase name="findFeed_delegates_to_repository" classname="com.catastrophe.notifications.domain.service.NotificationServiceTest" time="0.003"/>
</testsuite>