<?xml version="1.0" encoding="UTF-8"?>
<testsuite xmlns:xsi="http://www.w3.org/2001/XMLSchema-instance" xsi:noNamespaceSchemaLocation="https://maven.apache.org/surefire/maven-surefire-plugin/xsd/surefire-test-report.xsd" version="3.0.2" name="com.catastrophe.profiles.adapter.in.web.CatIntegrationTest" time="9.178" tests="7" errors="0" skipped="0" failures="0">
  <properties>
[...]
</properties>
  <testcase name="duplicateCatNameReturns422" classname="com.catastrophe.profiles.adapter.in.web.CatIntegrationTest" time="1.026">
    <system-out><![CDATA[2026-05-17T20:26:47.268+02:00  INFO 6611 --- [catastrophe-profiles] [           main] t.c.s.AnnotationConfigContextLoaderUtils : Could not detect default configuration classes for test class [com.catastrophe.profiles.adapter.in.web.CatIntegrationTest]: CatIntegrationTest does not declare any static, non-private, non-final, nested classes annotated with @Configuration.
2026-05-17T20:26:47.270+02:00  INFO 6611 --- [catastrophe-profiles] [           main] .b.t.c.SpringBootTestContextBootstrapper : Found @SpringBootConfiguration com.catastrophe.profiles.ProfilesApplication for test class com.catastrophe.profiles.adapter.in.web.CatIntegrationTest
2026-05-17T20:26:47.271+02:00  INFO 6611 --- [catastrophe-profiles] [           main] tc.confluentinc/cp-kafka:7.7.1           : Creating container for image: confluentinc/cp-kafka:7.7.1
2026-05-17T20:26:47.283+02:00  INFO 6611 --- [catastrophe-profiles] [           main] tc.confluentinc/cp-kafka:7.7.1           : Container confluentinc/cp-kafka:7.7.1 is starting: 877caba485619979e7dd9a630db5164c73e6898258cab3514b9fd1d89b1e3224
2026-05-17T20:26:47.326+02:00  INFO 6611 --- [catastrophe-profiles] [        kafka-1] org.apache.kafka.clients.NetworkClient   : [Consumer clientId=consumer-profiles-xp-applier-1, groupId=profiles-xp-applier] Node 1 disconnected.
2026-05-17T20:26:47.326+02:00  WARN 6611 --- [catastrophe-profiles] [        kafka-1] org.apache.kafka.clients.NetworkClient   : [Consumer clientId=consumer-profiles-xp-applier-1, groupId=profiles-xp-applier] Connection to node 1 (localhost/127.0.0.1:36985) could not be established. Node may not be available.
2026-05-17T20:26:47.543+02:00  INFO 6611 --- [catastrophe-profiles] [        kafka-1] org.apache.kafka.clients.NetworkClient   : [Consumer clientId=consumer-profiles-xp-applier-1, groupId=profiles-xp-applier] Node 1 disconnected.
2026-05-17T20:26:47.543+02:00  WARN 6611 --- [catastrophe-profiles] [        kafka-1] org.apache.kafka.clients.NetworkClient   : [Consumer clientId=consumer-profiles-xp-applier-1, groupId=profiles-xp-applier] Connection to node 1 (localhost/127.0.0.1:36985) could not be established. Node may not be available.
2026-05-17T20:26:47.800+02:00  INFO 6611 --- [catastrophe-profiles] [        kafka-1] org.apache.kafka.clients.NetworkClient   : [Consumer clientId=consumer-profiles-xp-applier-1, groupId=profiles-xp-applier] Node 1 disconnected.
2026-05-17T20:26:47.800+02:00  WARN 6611 --- [catastrophe-profiles] [        kafka-1] org.apache.kafka.clients.NetworkClient   : [Consumer clientId=consumer-profiles-xp-applier-1, groupId=profiles-xp-applier] Connection to node 1 (localhost/127.0.0.1:36985) could not be established. Node may not be available.
2026-05-17T20:26:48.235+02:00  INFO 6611 --- [catastrophe-profiles] [        kafka-1] org.apache.kafka.clients.NetworkClient   : [Consumer clientId=consumer-profiles-xp-applier-1, groupId=profiles-xp-applier] Node 1 disconnected.
2026-05-17T20:26:48.236+02:00  WARN 6611 --- [catastrophe-profiles] [        kafka-1] org.apache.kafka.clients.NetworkClient   : [Consumer clientId=consumer-profiles-xp-applier-1, groupId=profiles-xp-applier] Connection to node 1 (localhost/127.0.0.1:36985) could not be established. Node may not be available.
2026-05-17T20:26:49.093+02:00  INFO 6611 --- [catastrophe-profiles] [        kafka-1] org.apache.kafka.clients.NetworkClient   : [Consumer clientId=consumer-profiles-xp-applier-1, groupId=profiles-xp-applier] Node 1 disconnected.
2026-05-17T20:26:49.093+02:00  WARN 6611 --- [catastrophe-profiles] [        kafka-1] org.apache.kafka.clients.NetworkClient   : [Consumer clientId=consumer-profiles-xp-applier-1, groupId=profiles-xp-applier] Connection to node 1 (localhost/127.0.0.1:36985) could not be established. Node may not be available.
2026-05-17T20:26:49.942+02:00  INFO 6611 --- [catastrophe-profiles] [           main] tc.confluentinc/cp-kafka:7.7.1           : Container confluentinc/cp-kafka:7.7.1 started in PT2.6718S
2026-05-17T20:26:49.943+02:00  INFO 6611 --- [catastrophe-profiles] [           main] tc.redis:7-alpine                        : Creating container for image: redis:7-alpine
2026-05-17T20:26:49.969+02:00  INFO 6611 --- [catastrophe-profiles] [           main] tc.redis:7-alpine                        : Container redis:7-alpine is starting: fda23db8218812744cad527b6ee4ddc69a6857081b5e1d896e25bdc8f3f21b8a
2026-05-17T20:26:50.115+02:00  INFO 6611 --- [catastrophe-profiles] [        kafka-1] org.apache.kafka.clients.NetworkClient   : [Consumer clientId=consumer-profiles-xp-applier-1, groupId=profiles-xp-applier] Node 1 disconnected.
2026-05-17T20:26:50.115+02:00  WARN 6611 --- [catastrophe-profiles] [        kafka-1] org.apache.kafka.clients.NetworkClient   : [Consumer clientId=consumer-profiles-xp-applier-1, groupId=profiles-xp-applier] Connection to node 1 (localhost/127.0.0.1:36985) could not be established. Node may not be available.
2026-05-17T20:26:50.118+02:00  INFO 6611 --- [catastrophe-profiles] [           main] tc.redis:7-alpine                        : Container redis:7-alpine started in PT0.174078S
2026-05-17T20:26:50.118+02:00  INFO 6611 --- [catastrophe-profiles] [           main] tc.postgres:16-alpine                    : Creating container for image: postgres:16-alpine
2026-05-17T20:26:50.130+02:00  INFO 6611 --- [catastrophe-profiles] [           main] tc.postgres:16-alpine                    : Container postgres:16-alpine is starting: 0ddf09cf5254f69677cfda0a3f172530376b839c36b4616890d9662e825ee5d7
2026-05-17T20:26:51.116+02:00  INFO 6611 --- [catastrophe-profiles] [        kafka-1] org.apache.kafka.clients.NetworkClient   : [Consumer clientId=consumer-profiles-xp-applier-1, groupId=profiles-xp-applier] Node 1 disconnected.
2026-05-17T20:26:51.116+02:00  WARN 6611 --- [catastrophe-profiles] [        kafka-1] org.apache.kafka.clients.NetworkClient   : [Consumer clientId=consumer-profiles-xp-applier-1, groupId=profiles-xp-applier] Connection to node 1 (localhost/127.0.0.1:36985) could not be established. Node may not be available.
2026-05-17T20:26:51.200+02:00  INFO 6611 --- [catastrophe-profiles] [           main] tc.postgres:16-alpine                    : Container postgres:16-alpine started in PT1.082439S
2026-05-17T20:26:51.200+02:00  INFO 6611 --- [catastrophe-profiles] [           main] tc.postgres:16-alpine                    : Container is started (JDBC URL: jdbc:postgresql://localhost:34239/catastrophe_profiles?loggerLevel=OFF)

  .   ____          _            __ _ _
 /\\ / ___'_ __ _ _(_)_ __  __ _ \ \ \ \
( ( )\___ | '_ | '_| | '_ \/ _` | \ \ \ \
 \\/  ___)| |_)| | | | | || (_| |  ) ) ) )
  '  |____| .__|_| |_|_| |_\__, | / / / /
 =========|_|==============|___/=/_/_/_/

 :: Spring Boot ::                (v3.4.4)

2026-05-17T20:26:51.221+02:00  INFO 6611 --- [catastrophe-profiles] [           main] c.c.p.adapter.in.web.CatIntegrationTest  : Starting CatIntegrationTest using Java 21.0.9 with PID 6611 (started by srebagli in /Users/srebagli/Projects/CATastrophe/catastrophe-profiles)
2026-05-17T20:26:51.221+02:00 DEBUG 6611 --- [catastrophe-profiles] [           main] c.c.p.adapter.in.web.CatIntegrationTest  : Running with Spring Boot v3.4.4, Spring v6.2.5
2026-05-17T20:26:51.222+02:00  INFO 6611 --- [catastrophe-profiles] [           main] c.c.p.adapter.in.web.CatIntegrationTest  : No active profile set, falling back to 1 default profile: "default"
2026-05-17T20:26:51.344+02:00  INFO 6611 --- [catastrophe-profiles] [           main] .s.d.r.c.RepositoryConfigurationDelegate : Multiple Spring Data modules found, entering strict repository configuration mode
2026-05-17T20:26:51.344+02:00  INFO 6611 --- [catastrophe-profiles] [           main] .s.d.r.c.RepositoryConfigurationDelegate : Bootstrapping Spring Data JPA repositories in DEFAULT mode.
2026-05-17T20:26:51.354+02:00  INFO 6611 --- [catastrophe-profiles] [           main] .s.d.r.c.RepositoryConfigurationDelegate : Finished Spring Data repository scanning in 9 ms. Found 3 JPA repository interfaces.
2026-05-17T20:26:51.355+02:00  INFO 6611 --- [catastrophe-profiles] [           main] .s.d.r.c.RepositoryConfigurationDelegate : Multiple Spring Data modules found, entering strict repository configuration mode
2026-05-17T20:26:51.355+02:00  INFO 6611 --- [catastrophe-profiles] [           main] .s.d.r.c.RepositoryConfigurationDelegate : Bootstrapping Spring Data Redis repositories in DEFAULT mode.
2026-05-17T20:26:51.359+02:00  INFO 6611 --- [catastrophe-profiles] [           main] .RepositoryConfigurationExtensionSupport : Spring Data Redis - Could not safely identify store assignment for repository candidate interface com.catastrophe.profiles.adapter.out.persistence.repository.JpaCatRepository; If you want this repository to be a Redis repository, consider annotating your entities with one of these annotations: org.springframework.data.redis.core.RedisHash (preferred), or consider extending one of the following types with your repository: org.springframework.data.keyvalue.repository.KeyValueRepository
2026-05-17T20:26:51.359+02:00  INFO 6611 --- [catastrophe-profiles] [           main] .RepositoryConfigurationExtensionSupport : Spring Data Redis - Could not safely identify store assignment for repository candidate interface com.catastrophe.profiles.adapter.out.persistence.repository.JpaHumanRepository; If you want this repository to be a Redis repository, consider annotating your entities with one of these annotations: org.springframework.data.redis.core.RedisHash (preferred), or consider extending one of the following types with your repository: org.springframework.data.keyvalue.repository.KeyValueRepository
2026-05-17T20:26:51.359+02:00  INFO 6611 --- [catastrophe-profiles] [           main] .RepositoryConfigurationExtensionSupport : Spring Data Redis - Could not safely identify store assignment for repository candidate interface com.catastrophe.profiles.adapter.out.persistence.repository.JpaProcessedXpEventRepository; If you want this repository to be a Redis repository, consider annotating your entities with one of these annotations: org.springframework.data.redis.core.RedisHash (preferred), or consider extending one of the following types with your repository: org.springframework.data.keyvalue.repository.KeyValueRepository
2026-05-17T20:26:51.359+02:00  INFO 6611 --- [catastrophe-profiles] [           main] .s.d.r.c.RepositoryConfigurationDelegate : Finished Spring Data repository scanning in 3 ms. Found 0 Redis repository interfaces.
2026-05-17T20:26:51.453+02:00  INFO 6611 --- [catastrophe-profiles] [           main] o.s.b.w.embedded.tomcat.TomcatWebServer  : Tomcat initialized with port 0 (http)
2026-05-17T20:26:51.454+02:00  INFO 6611 --- [catastrophe-profiles] [           main] o.apache.catalina.core.StandardService   : Starting service [Tomcat]
2026-05-17T20:26:51.454+02:00  INFO 6611 --- [catastrophe-profiles] [           main] o.apache.catalina.core.StandardEngine    : Starting Servlet engine: [Apache Tomcat/10.1.39]
2026-05-17T20:26:51.462+02:00  INFO 6611 --- [catastrophe-profiles] [           main] o.a.c.c.C.[Tomcat-1].[localhost].[/]     : Initializing Spring embedded WebApplicationContext
2026-05-17T20:26:51.462+02:00  INFO 6611 --- [catastrophe-profiles] [           main] w.s.c.ServletWebServerApplicationContext : Root WebApplicationContext: initialization completed in 238 ms
2026-05-17T20:26:51.536+02:00  INFO 6611 --- [catastrophe-profiles] [           main] com.zaxxer.hikari.HikariDataSource       : HikariPool-3 - Starting...
2026-05-17T20:26:51.554+02:00  INFO 6611 --- [catastrophe-profiles] [           main] com.zaxxer.hikari.pool.HikariPool        : HikariPool-3 - Added connection org.postgresql.jdbc.PgConnection@38515041
2026-05-17T20:26:51.554+02:00  INFO 6611 --- [catastrophe-profiles] [           main] com.zaxxer.hikari.HikariDataSource       : HikariPool-3 - Start completed.
2026-05-17T20:26:51.555+02:00  INFO 6611 --- [catastrophe-profiles] [           main] org.flywaydb.core.FlywayExecutor         : Database: jdbc:postgresql://localhost:34239/catastrophe_profiles?loggerLevel=OFF (PostgreSQL 16.13)
2026-05-17T20:26:51.563+02:00  INFO 6611 --- [catastrophe-profiles] [           main] o.f.c.i.s.JdbcTableSchemaHistory         : Schema history table "public"."flyway_schema_history" does not exist yet
2026-05-17T20:26:51.563+02:00  INFO 6611 --- [catastrophe-profiles] [           main] o.f.core.internal.command.DbValidate     : Successfully validated 1 migration (execution time 00:00.002s)
2026-05-17T20:26:51.568+02:00  INFO 6611 --- [catastrophe-profiles] [           main] o.f.c.i.s.JdbcTableSchemaHistory         : Creating Schema History table "public"."flyway_schema_history" ...
2026-05-17T20:26:51.583+02:00  INFO 6611 --- [catastrophe-profiles] [           main] o.f.core.internal.command.DbMigrate      : Current version of schema "public": << Empty Schema >>
2026-05-17T20:26:51.587+02:00  INFO 6611 --- [catastrophe-profiles] [           main] o.f.core.internal.command.DbMigrate      : Migrating schema "public" to version "1 - create identity tables"
2026-05-17T20:26:51.603+02:00  INFO 6611 --- [catastrophe-profiles] [           main] o.f.core.internal.command.DbMigrate      : Successfully applied 1 migration to schema "public", now at version v1 (execution time 00:00.013s)
2026-05-17T20:26:51.630+02:00  INFO 6611 --- [catastrophe-profiles] [           main] o.hibernate.jpa.internal.util.LogHelper  : HHH000204: Processing PersistenceUnitInfo [name: default]
2026-05-17T20:26:51.631+02:00  INFO 6611 --- [catastrophe-profiles] [           main] o.h.c.internal.RegionFactoryInitiator    : HHH000026: Second-level cache disabled
2026-05-17T20:26:51.636+02:00  INFO 6611 --- [catastrophe-profiles] [           main] o.s.o.j.p.SpringPersistenceUnitInfo      : No LoadTimeWeaver setup: ignoring JPA class transformer
2026-05-17T20:26:51.638+02:00  WARN 6611 --- [catastrophe-profiles] [           main] org.hibernate.orm.deprecation            : HHH90000025: PostgreSQLDialect does not need to be specified explicitly using 'hibernate.dialect' (remove the property setting and it will be selected by default)
2026-05-17T20:26:51.639+02:00  INFO 6611 --- [catastrophe-profiles] [           main] org.hibernate.orm.connections.pooling    : HHH10001005: Database info:
	Database JDBC URL [Connecting through datasource 'HikariDataSource (HikariPool-3)']
	Database driver: undefined/unknown
	Database version: 16.13
	Autocommit mode: undefined/unknown
	Isolation level: undefined/unknown
	Minimum pool size: undefined/unknown
	Maximum pool size: undefined/unknown
2026-05-17T20:26:51.675+02:00  INFO 6611 --- [catastrophe-profiles] [           main] o.h.e.t.j.p.i.JtaPlatformInitiator       : HHH000489: No JTA platform available (set 'hibernate.transaction.jta.platform' to enable JTA platform integration)
2026-05-17T20:26:51.682+02:00  INFO 6611 --- [catastrophe-profiles] [           main] j.LocalContainerEntityManagerFactoryBean : Initialized JPA EntityManagerFactory for persistence unit 'default'
2026-05-17T20:26:51.815+02:00  INFO 6611 --- [catastrophe-profiles] [           main] eAuthenticationProviderManagerConfigurer : Global AuthenticationManager configured with AuthenticationProvider bean with name authenticationProvider
2026-05-17T20:26:51.815+02:00  WARN 6611 --- [catastrophe-profiles] [           main] r$InitializeUserDetailsManagerConfigurer : Global AuthenticationManager configured with an AuthenticationProvider bean. UserDetailsService beans will not be used by Spring Security for automatically configuring username/password login. Consider removing the AuthenticationProvider bean. Alternatively, consider using the UserDetailsService in a manually instantiated DaoAuthenticationProvider. If the current configuration is intentional, to turn off this warning, increase the logging level of 'org.springframework.security.config.annotation.authentication.configuration.InitializeUserDetailsBeanManagerConfigurer' to ERROR
2026-05-17T20:26:51.841+02:00 DEBUG 6611 --- [catastrophe-profiles] [           main] o.s.s.jackson2.SecurityJackson2Modules   : Loaded module org.springframework.security.jackson2.CoreJackson2Module, now registering
2026-05-17T20:26:51.841+02:00 DEBUG 6611 --- [catastrophe-profiles] [           main] o.s.s.jackson2.SecurityJackson2Modules   : Loaded module org.springframework.security.web.jackson2.WebJackson2Module, now registering
2026-05-17T20:26:51.841+02:00 DEBUG 6611 --- [catastrophe-profiles] [           main] o.s.s.jackson2.SecurityJackson2Modules   : Loaded module org.springframework.security.web.server.jackson2.WebServerJackson2Module, now registering
2026-05-17T20:26:51.841+02:00 DEBUG 6611 --- [catastrophe-profiles] [           main] o.s.s.jackson2.SecurityJackson2Modules   : Loaded module org.springframework.security.web.jackson2.WebServletJackson2Module, now registering
2026-05-17T20:26:51.841+02:00 DEBUG 6611 --- [catastrophe-profiles] [           main] o.s.s.jackson2.SecurityJackson2Modules   : Loaded module com.fasterxml.jackson.datatype.jsr310.JavaTimeModule, now registering
2026-05-17T20:26:51.989+02:00  INFO 6611 --- [catastrophe-profiles] [           main] o.s.b.a.e.web.EndpointLinksResolver      : Exposing 4 endpoints beneath base path '/actuator'
2026-05-17T20:26:52.022+02:00 DEBUG 6611 --- [catastrophe-profiles] [           main] o.s.s.web.DefaultSecurityFilterChain     : Will secure any request with filters: DisableEncodeUrlFilter, WebAsyncManagerIntegrationFilter, SecurityContextHolderFilter, HeaderWriterFilter, LogoutFilter, ConcurrentSessionFilter, RequestCacheAwareFilter, SecurityContextHolderAwareRequestFilter, AnonymousAuthenticationFilter, SessionManagementFilter, ExceptionTranslationFilter, AuthorizationFilter
2026-05-17T20:26:52.117+02:00  INFO 6611 --- [catastrophe-profiles] [        kafka-1] org.apache.kafka.clients.NetworkClient   : [Consumer clientId=consumer-profiles-xp-applier-1, groupId=profiles-xp-applier] Node 1 disconnected.
2026-05-17T20:26:52.117+02:00  WARN 6611 --- [catastrophe-profiles] [        kafka-1] org.apache.kafka.clients.NetworkClient   : [Consumer clientId=consumer-profiles-xp-applier-1, groupId=profiles-xp-applier] Connection to node 1 (localhost/127.0.0.1:36985) could not be established. Node may not be available.
2026-05-17T20:26:52.249+02:00  INFO 6611 --- [catastrophe-profiles] [           main] o.a.c.c.C.[Tomcat-1].[localhost].[/]     : Initializing Spring TestDispatcherServlet ''
2026-05-17T20:26:52.249+02:00  INFO 6611 --- [catastrophe-profiles] [           main] o.s.t.web.servlet.TestDispatcherServlet  : Initializing Servlet ''
2026-05-17T20:26:52.250+02:00  INFO 6611 --- [catastrophe-profiles] [           main] o.s.t.web.servlet.TestDispatcherServlet  : Completed initialization in 1 ms
2026-05-17T20:26:52.263+02:00  INFO 6611 --- [catastrophe-profiles] [           main] o.s.b.w.embedded.tomcat.TomcatWebServer  : Tomcat started on port 49342 (http) with context path '/'
2026-05-17T20:26:52.264+02:00  INFO 6611 --- [catastrophe-profiles] [           main] o.a.k.clients.consumer.ConsumerConfig    : ConsumerConfig values: 
	allow.auto.create.topics = true
	auto.commit.interval.ms = 5000
	auto.include.jmx.reporter = true
	auto.offset.reset = earliest
	bootstrap.servers = [PLAINTEXT://localhost:45457]
	check.crcs = true
	client.dns.lookup = use_all_dns_ips
	client.id = consumer-profiles-xp-applier-2
	client.rack = 
	connections.max.idle.ms = 540000
	default.api.timeout.ms = 60000
	enable.auto.commit = false
	enable.metrics.push = true
	exclude.internal.topics = true
	fetch.max.bytes = 52428800
	fetch.max.wait.ms = 500
	fetch.min.bytes = 1
	group.id = profiles-xp-applier
	group.instance.id = null
	group.protocol = classic
	group.remote.assignor = null
	heartbeat.interval.ms = 3000
	interceptor.classes = []
	internal.leave.group.on.close = true
	internal.throw.on.fetch.stable.offset.unsupported = false
	isolation.level = read_uncommitted
	key.deserializer = class org.apache.kafka.common.serialization.StringDeserializer
	max.partition.fetch.bytes = 1048576
	max.poll.interval.ms = 300000
	max.poll.records = 500
	metadata.max.age.ms = 300000
	metadata.recovery.strategy = none
	metric.reporters = []
	metrics.num.samples = 2
	metrics.recording.level = INFO
	metrics.sample.window.ms = 30000
	partition.assignment.strategy = [class org.apache.kafka.clients.consumer.RangeAssignor, class org.apache.kafka.clients.consumer.CooperativeStickyAssignor]
	receive.buffer.bytes = 65536
	reconnect.backoff.max.ms = 1000
	reconnect.backoff.ms = 50
	request.timeout.ms = 30000
	retry.backoff.max.ms = 1000
	retry.backoff.ms = 100
	sasl.client.callback.handler.class = null
	sasl.jaas.config = null
	sasl.kerberos.kinit.cmd = /usr/bin/kinit
	sasl.kerberos.min.time.before.relogin = 60000
	sasl.kerberos.service.name = null
	sasl.kerberos.ticket.renew.jitter = 0.05
	sasl.kerberos.ticket.renew.window.factor = 0.8
	sasl.login.callback.handler.class = null
	sasl.login.class = null
	sasl.login.connect.timeout.ms = null
	sasl.login.read.timeout.ms = null
	sasl.login.refresh.buffer.seconds = 300
	sasl.login.refresh.min.period.seconds = 60
	sasl.login.refresh.window.factor = 0.8
	sasl.login.refresh.window.jitter = 0.05
	sasl.login.retry.backoff.max.ms = 10000
	sasl.login.retry.backoff.ms = 100
	sasl.mechanism = GSSAPI
	sasl.oauthbearer.clock.skew.seconds = 30
	sasl.oauthbearer.expected.audience = null
	sasl.oauthbearer.expected.issuer = null
	sasl.oauthbearer.jwks.endpoint.refresh.ms = 3600000
	sasl.oauthbearer.jwks.endpoint.retry.backoff.max.ms = 10000
	sasl.oauthbearer.jwks.endpoint.retry.backoff.ms = 100
	sasl.oauthbearer.jwks.endpoint.url = null
	sasl.oauthbearer.scope.claim.name = scope
	sasl.oauthbearer.sub.claim.name = sub
	sasl.oauthbearer.token.endpoint.url = null
	security.protocol = PLAINTEXT
	security.providers = null
	send.buffer.bytes = 131072
	session.timeout.ms = 45000
	socket.connection.setup.timeout.max.ms = 30000
	socket.connection.setup.timeout.ms = 10000
	ssl.cipher.suites = null
	ssl.enabled.protocols = [TLSv1.2, TLSv1.3]
	ssl.endpoint.identification.algorithm = https
	ssl.engine.factory.class = null
	ssl.key.password = null
	ssl.keymanager.algorithm = SunX509
	ssl.keystore.certificate.chain = null
	ssl.keystore.key = null
	ssl.keystore.location = null
	ssl.keystore.password = null
	ssl.keystore.type = JKS
	ssl.protocol = TLSv1.3
	ssl.provider = null
	ssl.secure.random.implementation = null
	ssl.trustmanager.algorithm = PKIX
	ssl.truststore.certificates = null
	ssl.truststore.location = null
	ssl.truststore.password = null
	ssl.truststore.type = JKS
	value.deserializer = class org.springframework.kafka.support.serializer.JsonDeserializer

2026-05-17T20:26:52.264+02:00  INFO 6611 --- [catastrophe-profiles] [           main] o.a.k.c.t.i.KafkaMetricsCollector        : initializing Kafka metrics collector
2026-05-17T20:26:52.267+02:00  INFO 6611 --- [catastrophe-profiles] [           main] o.a.kafka.common.utils.AppInfoParser     : Kafka version: 3.8.1
2026-05-17T20:26:52.267+02:00  INFO 6611 --- [catastrophe-profiles] [           main] o.a.kafka.common.utils.AppInfoParser     : Kafka commitId: 70d6ff42debf7e17
2026-05-17T20:26:52.267+02:00  INFO 6611 --- [catastrophe-profiles] [           main] o.a.kafka.common.utils.AppInfoParser     : Kafka startTimeMs: 1779042412267
2026-05-17T20:26:52.268+02:00  INFO 6611 --- [catastrophe-profiles] [           main] o.a.k.c.c.internals.LegacyKafkaConsumer  : [Consumer clientId=consumer-profiles-xp-applier-2, groupId=profiles-xp-applier] Subscribed to topic(s): catastrophe.gamification
2026-05-17T20:26:52.273+02:00  INFO 6611 --- [catastrophe-profiles] [           main] c.c.p.adapter.in.web.CatIntegrationTest  : Started CatIntegrationTest in 1.07 seconds (process running for 17.75)
2026-05-17T20:26:52.281+02:00 DEBUG 6611 --- [catastrophe-profiles] [           main] org.hibernate.SQL                        : 
    select
        ce1_0.id,
        ce1_0.age_months,
        ce1_0.avatar_url,
        ce1_0.bio,
        ce1_0.breed,
        ce1_0.created_at,
        ce1_0.human_id,
        ce1_0.level,
        ce1_0.mood,
        ce1_0.name,
        ce1_0.updated_at,
        ce1_0.xp 
    from
        cats ce1_0
2026-05-17T20:26:52.284+02:00 DEBUG 6611 --- [catastrophe-profiles] [           main] org.hibernate.SQL                        : 
    select
        he1_0.id,
        he1_0.active,
        he1_0.created_at,
        he1_0.display_name,
        he1_0.email,
        he1_0.last_login,
        he1_0.password_hash,
        he1_0.username 
    from
        humans he1_0
2026-05-17T20:26:52.286+02:00 DEBUG 6611 --- [catastrophe-profiles] [           main] o.s.security.web.FilterChainProxy        : Securing POST /api/v1/auth/register
2026-05-17T20:26:52.287+02:00 DEBUG 6611 --- [catastrophe-profiles] [           main] o.s.s.w.a.AnonymousAuthenticationFilter  : Set SecurityContextHolder to anonymous SecurityContext
2026-05-17T20:26:52.287+02:00 DEBUG 6611 --- [catastrophe-profiles] [           main] o.s.security.web.FilterChainProxy        : Secured POST /api/v1/auth/register
2026-05-17T20:26:52.297+02:00 DEBUG 6611 --- [catastrophe-profiles] [           main] org.hibernate.SQL                        : 
    select
        he1_0.id 
    from
        humans he1_0 
    where
        he1_0.username=? 
    fetch
        first ? rows only
2026-05-17T20:26:52.300+02:00 DEBUG 6611 --- [catastrophe-profiles] [           main] org.hibernate.SQL                        : 
    select
        he1_0.id 
    from
        humans he1_0 
    where
        he1_0.email=? 
    fetch
        first ? rows only
2026-05-17T20:26:52.312+02:00  WARN 6611 --- [catastrophe-profiles] [        kafka-1] org.apache.kafka.clients.NetworkClient   : [Consumer clientId=consumer-profiles-xp-applier-2, groupId=profiles-xp-applier] Error while fetching metadata with correlation id 2 : {catastrophe.gamification=LEADER_NOT_AVAILABLE}
2026-05-17T20:26:52.312+02:00  INFO 6611 --- [catastrophe-profiles] [        kafka-1] org.apache.kafka.clients.Metadata        : [Consumer clientId=consumer-profiles-xp-applier-2, groupId=profiles-xp-applier] Cluster ID: TZshTVIhQqK6c5PIhA_u-Q
2026-05-17T20:26:52.377+02:00 DEBUG 6611 --- [catastrophe-profiles] [           main] org.hibernate.SQL                        : 
    select
        he1_0.id,
        he1_0.active,
        he1_0.created_at,
        he1_0.display_name,
        he1_0.email,
        he1_0.last_login,
        he1_0.password_hash,
        he1_0.username 
    from
        humans he1_0 
    where
        he1_0.id=?
2026-05-17T20:26:52.380+02:00 DEBUG 6611 --- [catastrophe-profiles] [           main] org.hibernate.SQL                        : 
    insert 
    into
        humans
        (active, created_at, display_name, email, last_login, password_hash, username, id) 
    values
        (?, ?, ?, ?, ?, ?, ?, ?)
2026-05-17T20:26:52.385+02:00 DEBUG 6611 --- [catastrophe-profiles] [           main] o.s.security.web.FilterChainProxy        : Securing POST /api/v1/auth/login
2026-05-17T20:26:52.385+02:00 DEBUG 6611 --- [catastrophe-profiles] [           main] o.s.s.w.a.AnonymousAuthenticationFilter  : Set SecurityContextHolder to anonymous SecurityContext
2026-05-17T20:26:52.385+02:00 DEBUG 6611 --- [catastrophe-profiles] [           main] o.s.security.web.FilterChainProxy        : Secured POST /api/v1/auth/login
2026-05-17T20:26:52.444+02:00  INFO 6611 --- [catastrophe-profiles] [        kafka-1] o.a.k.c.c.internals.ConsumerCoordinator  : [Consumer clientId=consumer-profiles-xp-applier-2, groupId=profiles-xp-applier] Discovered group coordinator localhost:45457 (id: 2147483646 rack: null)
2026-05-17T20:26:52.444+02:00  INFO 6611 --- [catastrophe-profiles] [        kafka-1] o.a.k.c.c.internals.ConsumerCoordinator  : [Consumer clientId=consumer-profiles-xp-applier-2, groupId=profiles-xp-applier] (Re-)joining group
2026-05-17T20:26:52.456+02:00  INFO 6611 --- [catastrophe-profiles] [        kafka-1] o.a.k.c.c.internals.ConsumerCoordinator  : [Consumer clientId=consumer-profiles-xp-applier-2, groupId=profiles-xp-applier] Request joining group due to: need to re-join with the given member-id: consumer-profiles-xp-applier-2-1afa6101-1b03-4c7c-9603-2c4e6e8a50b6
2026-05-17T20:26:52.456+02:00  INFO 6611 --- [catastrophe-profiles] [        kafka-1] o.a.k.c.c.internals.ConsumerCoordinator  : [Consumer clientId=consumer-profiles-xp-applier-2, groupId=profiles-xp-applier] (Re-)joining group
2026-05-17T20:26:52.464+02:00 DEBUG 6611 --- [catastrophe-profiles] [           main] org.hibernate.SQL                        : 
    select
        he1_0.id,
        he1_0.active,
        he1_0.created_at,
        he1_0.display_name,
        he1_0.email,
        he1_0.last_login,
        he1_0.password_hash,
        he1_0.username 
    from
        humans he1_0 
    where
        he1_0.username=?
2026-05-17T20:26:52.465+02:00  INFO 6611 --- [catastrophe-profiles] [        kafka-1] o.a.k.c.c.internals.ConsumerCoordinator  : [Consumer clientId=consumer-profiles-xp-applier-2, groupId=profiles-xp-applier] Successfully joined group with generation Generation{generationId=1, memberId='consumer-profiles-xp-applier-2-1afa6101-1b03-4c7c-9603-2c4e6e8a50b6', protocol='range'}
2026-05-17T20:26:52.466+02:00  INFO 6611 --- [catastrophe-profiles] [        kafka-1] o.a.k.c.c.internals.ConsumerCoordinator  : [Consumer clientId=consumer-profiles-xp-applier-2, groupId=profiles-xp-applier] Finished assignment for group at generation 1: {consumer-profiles-xp-applier-2-1afa6101-1b03-4c7c-9603-2c4e6e8a50b6=Assignment(partitions=[catastrophe.gamification-0])}
2026-05-17T20:26:52.482+02:00  INFO 6611 --- [catastrophe-profiles] [        kafka-1] o.a.k.c.c.internals.ConsumerCoordinator  : [Consumer clientId=consumer-profiles-xp-applier-2, groupId=profiles-xp-applier] Successfully synced group in generation Generation{generationId=1, memberId='consumer-profiles-xp-applier-2-1afa6101-1b03-4c7c-9603-2c4e6e8a50b6', protocol='range'}
2026-05-17T20:26:52.482+02:00  INFO 6611 --- [catastrophe-profiles] [        kafka-1] o.a.k.c.c.internals.ConsumerCoordinator  : [Consumer clientId=consumer-profiles-xp-applier-2, groupId=profiles-xp-applier] Notifying assignor about the new Assignment(partitions=[catastrophe.gamification-0])
2026-05-17T20:26:52.482+02:00  INFO 6611 --- [catastrophe-profiles] [        kafka-1] k.c.c.i.ConsumerRebalanceListenerInvoker : [Consumer clientId=consumer-profiles-xp-applier-2, groupId=profiles-xp-applier] Adding newly assigned partitions: catastrophe.gamification-0
2026-05-17T20:26:52.487+02:00  INFO 6611 --- [catastrophe-profiles] [        kafka-1] o.a.k.c.c.internals.ConsumerCoordinator  : [Consumer clientId=consumer-profiles-xp-applier-2, groupId=profiles-xp-applier] Found no committed offset for partition catastrophe.gamification-0
2026-05-17T20:26:52.492+02:00  INFO 6611 --- [catastrophe-profiles] [        kafka-1] o.a.k.c.c.internals.SubscriptionState    : [Consumer clientId=consumer-profiles-xp-applier-2, groupId=profiles-xp-applier] Resetting offset for partition catastrophe.gamification-0 to position FetchPosition{offset=0, offsetEpoch=Optional.empty, currentLeader=LeaderAndEpoch{leader=Optional[localhost:45457 (id: 1 rack: null)], epoch=0}}.
2026-05-17T20:26:52.492+02:00  INFO 6611 --- [catastrophe-profiles] [        kafka-1] o.s.k.l.KafkaMessageListenerContainer    : profiles-xp-applier: partitions assigned: [catastrophe.gamification-0]
2026-05-17T20:26:52.540+02:00 DEBUG 6611 --- [catastrophe-profiles] [           main] o.s.s.a.dao.DaoAuthenticationProvider    : Authenticated user
2026-05-17T20:26:52.541+02:00 DEBUG 6611 --- [catastrophe-profiles] [           main] org.hibernate.SQL                        : 
    select
        he1_0.id,
        he1_0.active,
        he1_0.created_at,
        he1_0.display_name,
        he1_0.email,
        he1_0.last_login,
        he1_0.password_hash,
        he1_0.username 
    from
        humans he1_0 
    where
        he1_0.username=?
2026-05-17T20:26:52.553+02:00 DEBUG 6611 --- [catastrophe-profiles] [           main] o.s.security.web.FilterChainProxy        : Securing POST /api/v1/cats
2026-05-17T20:26:52.556+02:00 DEBUG 6611 --- [catastrophe-profiles] [           main] w.c.HttpSessionSecurityContextRepository : Retrieved SecurityContextImpl [Authentication=UsernamePasswordAuthenticationToken [Principal=org.springframework.security.core.userdetails.User [Username=duper, Password=[PROTECTED], Enabled=true, AccountNonExpired=true, CredentialsNonExpired=true, AccountNonLocked=true, Granted Authorities=[ROLE_HUMAN]], Credentials=[PROTECTED], Authenticated=true, Details=null, Granted Authorities=[ROLE_HUMAN]]]
2026-05-17T20:26:52.556+02:00 DEBUG 6611 --- [catastrophe-profiles] [           main] o.s.security.web.FilterChainProxy        : Secured POST /api/v1/cats
2026-05-17T20:26:52.561+02:00 DEBUG 6611 --- [catastrophe-profiles] [           main] org.hibernate.SQL                        : 
    select
        he1_0.id,
        he1_0.active,
        he1_0.created_at,
        he1_0.display_name,
        he1_0.email,
        he1_0.last_login,
        he1_0.password_hash,
        he1_0.username 
    from
        humans he1_0 
    where
        he1_0.username=?
2026-05-17T20:26:52.564+02:00 DEBUG 6611 --- [catastrophe-profiles] [           main] org.hibernate.SQL                        : 
    select
        ce1_0.id 
    from
        cats ce1_0 
    where
        ce1_0.human_id=? 
        and ce1_0.name=? 
    fetch
        first ? rows only
2026-05-17T20:26:53.119+02:00  INFO 6611 --- [catastrophe-profiles] [        kafka-1] org.apache.kafka.clients.NetworkClient   : [Consumer clientId=consumer-profiles-xp-applier-1, groupId=profiles-xp-applier] Node 1 disconnected.
2026-05-17T20:26:53.119+02:00  WARN 6611 --- [catastrophe-profiles] [        kafka-1] org.apache.kafka.clients.NetworkClient   : [Consumer clientId=consumer-profiles-xp-applier-1, groupId=profiles-xp-applier] Connection to node 1 (localhost/127.0.0.1:36985) could not be established. Node may not be available.
2026-05-17T20:26:53.123+02:00 DEBUG 6611 --- [catastrophe-profiles] [           main] org.hibernate.SQL                        : 
    select
        ce1_0.id,
        ce1_0.age_months,
        ce1_0.avatar_url,
        ce1_0.bio,
        ce1_0.breed,
        ce1_0.created_at,
        ce1_0.human_id,
        ce1_0.level,
        ce1_0.mood,
        ce1_0.name,
        ce1_0.updated_at,
        ce1_0.xp 
    from
        cats ce1_0 
    where
        ce1_0.id=?
2026-05-17T20:26:53.128+02:00 DEBUG 6611 --- [catastrophe-profiles] [           main] c.c.p.a.o.messaging.KafkaEventPublisher  : Publicando evento CatCreated en topic 'catastrophe.profiles' con key '31f3b4d5-7c3b-4b68-8d63-1bc56dcd279c'
2026-05-17T20:26:53.134+02:00  INFO 6611 --- [catastrophe-profiles] [           main] o.a.k.clients.producer.ProducerConfig    : ProducerConfig values: 
	acks = -1
	auto.include.jmx.reporter = true
	batch.size = 16384
	bootstrap.servers = [PLAINTEXT://localhost:45457]
	buffer.memory = 33554432
	client.dns.lookup = use_all_dns_ips
	client.id = catastrophe-profiles-producer-1
	compression.gzip.level = -1
	compression.lz4.level = 9
	compression.type = none
	compression.zstd.level = 3
	connections.max.idle.ms = 540000
	delivery.timeout.ms = 120000
	enable.idempotence = true
	enable.metrics.push = true
	interceptor.classes = []
	key.serializer = class org.apache.kafka.common.serialization.StringSerializer
	linger.ms = 0
	max.block.ms = 60000
	max.in.flight.requests.per.connection = 5
	max.request.size = 1048576
	metadata.max.age.ms = 300000
	metadata.max.idle.ms = 300000
	metadata.recovery.strategy = none
	metric.reporters = []
	metrics.num.samples = 2
	metrics.recording.level = INFO
	metrics.sample.window.ms = 30000
	partitioner.adaptive.partitioning.enable = true
	partitioner.availability.timeout.ms = 0
	partitioner.class = null
	partitioner.ignore.keys = false
	receive.buffer.bytes = 32768
	reconnect.backoff.max.ms = 1000
	reconnect.backoff.ms = 50
	request.timeout.ms = 30000
	retries = 2147483647
	retry.backoff.max.ms = 1000
	retry.backoff.ms = 100
	sasl.client.callback.handler.class = null
	sasl.jaas.config = null
	sasl.kerberos.kinit.cmd = /usr/bin/kinit
	sasl.kerberos.min.time.before.relogin = 60000
	sasl.kerberos.service.name = null
	sasl.kerberos.ticket.renew.jitter = 0.05
	sasl.kerberos.ticket.renew.window.factor = 0.8
	sasl.login.callback.handler.class = null
	sasl.login.class = null
	sasl.login.connect.timeout.ms = null
	sasl.login.read.timeout.ms = null
	sasl.login.refresh.buffer.seconds = 300
	sasl.login.refresh.min.period.seconds = 60
	sasl.login.refresh.window.factor = 0.8
	sasl.login.refresh.window.jitter = 0.05
	sasl.login.retry.backoff.max.ms = 10000
	sasl.login.retry.backoff.ms = 100
	sasl.mechanism = GSSAPI
	sasl.oauthbearer.clock.skew.seconds = 30
	sasl.oauthbearer.expected.audience = null
	sasl.oauthbearer.expected.issuer = null
	sasl.oauthbearer.jwks.endpoint.refresh.ms = 3600000
	sasl.oauthbearer.jwks.endpoint.retry.backoff.max.ms = 10000
	sasl.oauthbearer.jwks.endpoint.retry.backoff.ms = 100
	sasl.oauthbearer.jwks.endpoint.url = null
	sasl.oauthbearer.scope.claim.name = scope
	sasl.oauthbearer.sub.claim.name = sub
	sasl.oauthbearer.token.endpoint.url = null
	security.protocol = PLAINTEXT
	security.providers = null
	send.buffer.bytes = 131072
	socket.connection.setup.timeout.max.ms = 30000
	socket.connection.setup.timeout.ms = 10000
	ssl.cipher.suites = null
	ssl.enabled.protocols = [TLSv1.2, TLSv1.3]
	ssl.endpoint.identification.algorithm = https
	ssl.engine.factory.class = null
	ssl.key.password = null
	ssl.keymanager.algorithm = SunX509
	ssl.keystore.certificate.chain = null
	ssl.keystore.key = null
	ssl.keystore.location = null
	ssl.keystore.password = null
	ssl.keystore.type = JKS
	ssl.protocol = TLSv1.3
	ssl.provider = null
	ssl.secure.random.implementation = null
	ssl.trustmanager.algorithm = PKIX
	ssl.truststore.certificates = null
	ssl.truststore.location = null
	ssl.truststore.password = null
	ssl.truststore.type = JKS
	transaction.timeout.ms = 60000
	transactional.id = null
	value.serializer = class org.springframework.kafka.support.serializer.JsonSerializer

2026-05-17T20:26:53.134+02:00  INFO 6611 --- [catastrophe-profiles] [           main] o.a.k.c.t.i.KafkaMetricsCollector        : initializing Kafka metrics collector
2026-05-17T20:26:53.139+02:00  INFO 6611 --- [catastrophe-profiles] [           main] o.a.k.clients.producer.KafkaProducer     : [Producer clientId=catastrophe-profiles-producer-1] Instantiated an idempotent producer.
2026-05-17T20:26:53.146+02:00  INFO 6611 --- [catastrophe-profiles] [           main] o.a.kafka.common.utils.AppInfoParser     : Kafka version: 3.8.1
2026-05-17T20:26:53.146+02:00  INFO 6611 --- [catastrophe-profiles] [           main] o.a.kafka.common.utils.AppInfoParser     : Kafka commitId: 70d6ff42debf7e17
2026-05-17T20:26:53.146+02:00  INFO 6611 --- [catastrophe-profiles] [           main] o.a.kafka.common.utils.AppInfoParser     : Kafka startTimeMs: 1779042413146
2026-05-17T20:26:53.162+02:00  WARN 6611 --- [catastrophe-profiles] [iles-producer-1] org.apache.kafka.clients.NetworkClient   : [Producer clientId=catastrophe-profiles-producer-1] Error while fetching metadata with correlation id 1 : {catastrophe.profiles=LEADER_NOT_AVAILABLE}
2026-05-17T20:26:53.162+02:00  INFO 6611 --- [catastrophe-profiles] [iles-producer-1] org.apache.kafka.clients.Metadata        : [Producer clientId=catastrophe-profiles-producer-1] Cluster ID: TZshTVIhQqK6c5PIhA_u-Q
2026-05-17T20:26:53.270+02:00  INFO 6611 --- [catastrophe-profiles] [iles-producer-1] o.a.k.c.p.internals.TransactionManager   : [Producer clientId=catastrophe-profiles-producer-1] ProducerId set to 0 with epoch 0
2026-05-17T20:26:53.279+02:00 DEBUG 6611 --- [catastrophe-profiles] [           main] org.hibernate.SQL                        : 
    insert 
    into
        cats
        (age_months, avatar_url, bio, breed, created_at, human_id, level, mood, name, updated_at, xp, id) 
    values
        (?, ?, ?, ?, ?, ?, ?, ?, ?, ?, ?, ?)
2026-05-17T20:26:53.288+02:00 DEBUG 6611 --- [catastrophe-profiles] [           main] o.s.security.web.FilterChainProxy        : Securing POST /api/v1/cats
2026-05-17T20:26:53.289+02:00 DEBUG 6611 --- [catastrophe-profiles] [           main] w.c.HttpSessionSecurityContextRepository : Retrieved SecurityContextImpl [Authentication=UsernamePasswordAuthenticationToken [Principal=org.springframework.security.core.userdetails.User [Username=duper, Password=[PROTECTED], Enabled=true, AccountNonExpired=true, CredentialsNonExpired=true, AccountNonLocked=true, Granted Authorities=[ROLE_HUMAN]], Credentials=[PROTECTED], Authenticated=true, Details=null, Granted Authorities=[ROLE_HUMAN]]]
2026-05-17T20:26:53.290+02:00 DEBUG 6611 --- [catastrophe-profiles] [           main] o.s.security.web.FilterChainProxy        : Secured POST /api/v1/cats
2026-05-17T20:26:53.291+02:00 DEBUG 6611 --- [catastrophe-profiles] [           main] org.hibernate.SQL                        : 
    select
        he1_0.id,
        he1_0.active,
        he1_0.created_at,
        he1_0.display_name,
        he1_0.email,
        he1_0.last_login,
        he1_0.password_hash,
        he1_0.username 
    from
        humans he1_0 
    where
        he1_0.username=?
2026-05-17T20:26:53.293+02:00 DEBUG 6611 --- [catastrophe-profiles] [           main] org.hibernate.SQL                        : 
    select
        ce1_0.id 
    from
        cats ce1_0 
    where
        ce1_0.human_id=? 
        and ce1_0.name=? 
    fetch
        first ? rows only
2026-05-17T20:26:53.294+02:00 DEBUG 6611 --- [catastrophe-profiles] [           main] c.c.p.a.in.web.GlobalExceptionHandler    : Regla de negocio violada [UNIQUE_CAT_NAME]: Ya tienes un gato llamado 'Duplicado'
2026-05-17T20:26:53.296+02:00 DEBUG 6611 --- [catastrophe-profiles] [iles-producer-1] c.c.p.a.o.messaging.KafkaEventPublisher  : Evento CatCreated publicado con offset 0
]]></system-out>
  </testcase>
  <testcase name="cannotModifyOthersCat" classname="com.catastrophe.profiles.adapter.in.web.CatIntegrationTest" time="0.544">
    <system-out><![CDATA[2026-05-17T20:26:53.302+02:00 DEBUG 6611 --- [catastrophe-profiles] [           main] org.hibernate.SQL                        : 
    select
        ce1_0.id,
        ce1_0.age_months,
        ce1_0.avatar_url,
        ce1_0.bio,
        ce1_0.breed,
        ce1_0.created_at,
        ce1_0.human_id,
        ce1_0.level,
        ce1_0.mood,
        ce1_0.name,
        ce1_0.updated_at,
        ce1_0.xp 
    from
        cats ce1_0
2026-05-17T20:26:53.303+02:00 DEBUG 6611 --- [catastrophe-profiles] [           main] org.hibernate.SQL                        : 
    delete 
    from
        cats 
    where
        id=?
2026-05-17T20:26:53.304+02:00 DEBUG 6611 --- [catastrophe-profiles] [           main] org.hibernate.SQL                        : 
    select
        he1_0.id,
        he1_0.active,
        he1_0.created_at,
        he1_0.display_name,
        he1_0.email,
        he1_0.last_login,
        he1_0.password_hash,
        he1_0.username 
    from
        humans he1_0
2026-05-17T20:26:53.305+02:00 DEBUG 6611 --- [catastrophe-profiles] [           main] org.hibernate.SQL                        : 
    delete 
    from
        humans 
    where
        id=?
2026-05-17T20:26:53.306+02:00 DEBUG 6611 --- [catastrophe-profiles] [           main] o.s.security.web.FilterChainProxy        : Securing POST /api/v1/auth/register
2026-05-17T20:26:53.307+02:00 DEBUG 6611 --- [catastrophe-profiles] [           main] o.s.s.w.a.AnonymousAuthenticationFilter  : Set SecurityContextHolder to anonymous SecurityContext
2026-05-17T20:26:53.307+02:00 DEBUG 6611 --- [catastrophe-profiles] [           main] o.s.security.web.FilterChainProxy        : Secured POST /api/v1/auth/register
2026-05-17T20:26:53.308+02:00 DEBUG 6611 --- [catastrophe-profiles] [           main] org.hibernate.SQL                        : 
    select
        he1_0.id 
    from
        humans he1_0 
    where
        he1_0.username=? 
    fetch
        first ? rows only
2026-05-17T20:26:53.308+02:00 DEBUG 6611 --- [catastrophe-profiles] [           main] org.hibernate.SQL                        : 
    select
        he1_0.id 
    from
        humans he1_0 
    where
        he1_0.email=? 
    fetch
        first ? rows only
2026-05-17T20:26:53.381+02:00 DEBUG 6611 --- [catastrophe-profiles] [           main] org.hibernate.SQL                        : 
    select
        he1_0.id,
        he1_0.active,
        he1_0.created_at,
        he1_0.display_name,
        he1_0.email,
        he1_0.last_login,
        he1_0.password_hash,
        he1_0.username 
    from
        humans he1_0 
    where
        he1_0.id=?
2026-05-17T20:26:53.382+02:00 DEBUG 6611 --- [catastrophe-profiles] [           main] org.hibernate.SQL                        : 
    insert 
    into
        humans
        (active, created_at, display_name, email, last_login, password_hash, username, id) 
    values
        (?, ?, ?, ?, ?, ?, ?, ?)
2026-05-17T20:26:53.384+02:00 DEBUG 6611 --- [catastrophe-profiles] [           main] o.s.security.web.FilterChainProxy        : Securing POST /api/v1/auth/login
2026-05-17T20:26:53.384+02:00 DEBUG 6611 --- [catastrophe-profiles] [           main] o.s.s.w.a.AnonymousAuthenticationFilter  : Set SecurityContextHolder to anonymous SecurityContext
2026-05-17T20:26:53.384+02:00 DEBUG 6611 --- [catastrophe-profiles] [           main] o.s.security.web.FilterChainProxy        : Secured POST /api/v1/auth/login
2026-05-17T20:26:53.385+02:00 DEBUG 6611 --- [catastrophe-profiles] [           main] org.hibernate.SQL                        : 
    select
        he1_0.id,
        he1_0.active,
        he1_0.created_at,
        he1_0.display_name,
        he1_0.email,
        he1_0.last_login,
        he1_0.password_hash,
        he1_0.username 
    from
        humans he1_0 
    where
        he1_0.username=?
2026-05-17T20:26:53.455+02:00 DEBUG 6611 --- [catastrophe-profiles] [           main] o.s.s.a.dao.DaoAuthenticationProvider    : Authenticated user
2026-05-17T20:26:53.456+02:00 DEBUG 6611 --- [catastrophe-profiles] [           main] org.hibernate.SQL                        : 
    select
        he1_0.id,
        he1_0.active,
        he1_0.created_at,
        he1_0.display_name,
        he1_0.email,
        he1_0.last_login,
        he1_0.password_hash,
        he1_0.username 
    from
        humans he1_0 
    where
        he1_0.username=?
2026-05-17T20:26:53.461+02:00 DEBUG 6611 --- [catastrophe-profiles] [           main] o.s.security.web.FilterChainProxy        : Securing POST /api/v1/cats
2026-05-17T20:26:53.463+02:00 DEBUG 6611 --- [catastrophe-profiles] [           main] w.c.HttpSessionSecurityContextRepository : Retrieved SecurityContextImpl [Authentication=UsernamePasswordAuthenticationToken [Principal=org.springframework.security.core.userdetails.User [Username=humano1, Password=[PROTECTED], Enabled=true, AccountNonExpired=true, CredentialsNonExpired=true, AccountNonLocked=true, Granted Authorities=[ROLE_HUMAN]], Credentials=[PROTECTED], Authenticated=true, Details=null, Granted Authorities=[ROLE_HUMAN]]]
2026-05-17T20:26:53.463+02:00 DEBUG 6611 --- [catastrophe-profiles] [           main] o.s.security.web.FilterChainProxy        : Secured POST /api/v1/cats
2026-05-17T20:26:53.464+02:00 DEBUG 6611 --- [catastrophe-profiles] [           main] org.hibernate.SQL                        : 
    select
        he1_0.id,
        he1_0.active,
        he1_0.created_at,
        he1_0.display_name,
        he1_0.email,
        he1_0.last_login,
        he1_0.password_hash,
        he1_0.username 
    from
        humans he1_0 
    where
        he1_0.username=?
2026-05-17T20:26:53.466+02:00 DEBUG 6611 --- [catastrophe-profiles] [           main] org.hibernate.SQL                        : 
    select
        ce1_0.id 
    from
        cats ce1_0 
    where
        ce1_0.human_id=? 
        and ce1_0.name=? 
    fetch
        first ? rows only
2026-05-17T20:26:53.651+02:00 DEBUG 6611 --- [catastrophe-profiles] [           main] org.hibernate.SQL                        : 
    select
        ce1_0.id,
        ce1_0.age_months,
        ce1_0.avatar_url,
        ce1_0.bio,
        ce1_0.breed,
        ce1_0.created_at,
        ce1_0.human_id,
        ce1_0.level,
        ce1_0.mood,
        ce1_0.name,
        ce1_0.updated_at,
        ce1_0.xp 
    from
        cats ce1_0 
    where
        ce1_0.id=?
2026-05-17T20:26:53.654+02:00 DEBUG 6611 --- [catastrophe-profiles] [           main] c.c.p.a.o.messaging.KafkaEventPublisher  : Publicando evento CatCreated en topic 'catastrophe.profiles' con key '1d53a48a-59fc-499b-a0f8-208a0cf9a954'
2026-05-17T20:26:53.655+02:00 DEBUG 6611 --- [catastrophe-profiles] [           main] org.hibernate.SQL                        : 
    insert 
    into
        cats
        (age_months, avatar_url, bio, breed, created_at, human_id, level, mood, name, updated_at, xp, id) 
    values
        (?, ?, ?, ?, ?, ?, ?, ?, ?, ?, ?, ?)
2026-05-17T20:26:53.661+02:00 DEBUG 6611 --- [catastrophe-profiles] [iles-producer-1] c.c.p.a.o.messaging.KafkaEventPublisher  : Evento CatCreated publicado con offset 1
2026-05-17T20:26:53.664+02:00 DEBUG 6611 --- [catastrophe-profiles] [           main] o.s.security.web.FilterChainProxy        : Securing POST /api/v1/auth/register
2026-05-17T20:26:53.665+02:00 DEBUG 6611 --- [catastrophe-profiles] [           main] o.s.s.w.a.AnonymousAuthenticationFilter  : Set SecurityContextHolder to anonymous SecurityContext
2026-05-17T20:26:53.665+02:00 DEBUG 6611 --- [catastrophe-profiles] [           main] o.s.security.web.FilterChainProxy        : Secured POST /api/v1/auth/register
2026-05-17T20:26:53.666+02:00 DEBUG 6611 --- [catastrophe-profiles] [           main] org.hibernate.SQL                        : 
    select
        he1_0.id 
    from
        humans he1_0 
    where
        he1_0.username=? 
    fetch
        first ? rows only
2026-05-17T20:26:53.668+02:00 DEBUG 6611 --- [catastrophe-profiles] [           main] org.hibernate.SQL                        : 
    select
        he1_0.id 
    from
        humans he1_0 
    where
        he1_0.email=? 
    fetch
        first ? rows only
2026-05-17T20:26:53.745+02:00 DEBUG 6611 --- [catastrophe-profiles] [           main] org.hibernate.SQL                        : 
    select
        he1_0.id,
        he1_0.active,
        he1_0.created_at,
        he1_0.display_name,
        he1_0.email,
        he1_0.last_login,
        he1_0.password_hash,
        he1_0.username 
    from
        humans he1_0 
    where
        he1_0.id=?
2026-05-17T20:26:53.747+02:00 DEBUG 6611 --- [catastrophe-profiles] [           main] org.hibernate.SQL                        : 
    insert 
    into
        humans
        (active, created_at, display_name, email, last_login, password_hash, username, id) 
    values
        (?, ?, ?, ?, ?, ?, ?, ?)
2026-05-17T20:26:53.749+02:00 DEBUG 6611 --- [catastrophe-profiles] [           main] o.s.security.web.FilterChainProxy        : Securing POST /api/v1/auth/login
2026-05-17T20:26:53.749+02:00 DEBUG 6611 --- [catastrophe-profiles] [           main] o.s.s.w.a.AnonymousAuthenticationFilter  : Set SecurityContextHolder to anonymous SecurityContext
2026-05-17T20:26:53.749+02:00 DEBUG 6611 --- [catastrophe-profiles] [           main] o.s.security.web.FilterChainProxy        : Secured POST /api/v1/auth/login
2026-05-17T20:26:53.750+02:00 DEBUG 6611 --- [catastrophe-profiles] [           main] org.hibernate.SQL                        : 
    select
        he1_0.id,
        he1_0.active,
        he1_0.created_at,
        he1_0.display_name,
        he1_0.email,
        he1_0.last_login,
        he1_0.password_hash,
        he1_0.username 
    from
        humans he1_0 
    where
        he1_0.username=?
2026-05-17T20:26:53.823+02:00 DEBUG 6611 --- [catastrophe-profiles] [           main] o.s.s.a.dao.DaoAuthenticationProvider    : Authenticated user
2026-05-17T20:26:53.824+02:00 DEBUG 6611 --- [catastrophe-profiles] [           main] org.hibernate.SQL                        : 
    select
        he1_0.id,
        he1_0.active,
        he1_0.created_at,
        he1_0.display_name,
        he1_0.email,
        he1_0.last_login,
        he1_0.password_hash,
        he1_0.username 
    from
        humans he1_0 
    where
        he1_0.username=?
2026-05-17T20:26:53.830+02:00 DEBUG 6611 --- [catastrophe-profiles] [           main] o.s.security.web.FilterChainProxy        : Securing PUT /api/v1/cats/1d53a48a-59fc-499b-a0f8-208a0cf9a954
2026-05-17T20:26:53.831+02:00 DEBUG 6611 --- [catastrophe-profiles] [           main] w.c.HttpSessionSecurityContextRepository : Retrieved SecurityContextImpl [Authentication=UsernamePasswordAuthenticationToken [Principal=org.springframework.security.core.userdetails.User [Username=humano2, Password=[PROTECTED], Enabled=true, AccountNonExpired=true, CredentialsNonExpired=true, AccountNonLocked=true, Granted Authorities=[ROLE_HUMAN]], Credentials=[PROTECTED], Authenticated=true, Details=null, Granted Authorities=[ROLE_HUMAN]]]
2026-05-17T20:26:53.832+02:00 DEBUG 6611 --- [catastrophe-profiles] [           main] o.s.security.web.FilterChainProxy        : Secured PUT /api/v1/cats/1d53a48a-59fc-499b-a0f8-208a0cf9a954
2026-05-17T20:26:53.835+02:00 DEBUG 6611 --- [catastrophe-profiles] [           main] org.hibernate.SQL                        : 
    select
        ce1_0.id,
        ce1_0.age_months,
        ce1_0.avatar_url,
        ce1_0.bio,
        ce1_0.breed,
        ce1_0.created_at,
        ce1_0.human_id,
        ce1_0.level,
        ce1_0.mood,
        ce1_0.name,
        ce1_0.updated_at,
        ce1_0.xp 
    from
        cats ce1_0 
    where
        ce1_0.id=?
2026-05-17T20:26:53.838+02:00 DEBUG 6611 --- [catastrophe-profiles] [           main] org.hibernate.SQL                        : 
    select
        he1_0.id,
        he1_0.active,
        he1_0.created_at,
        he1_0.display_name,
        he1_0.email,
        he1_0.last_login,
        he1_0.password_hash,
        he1_0.username 
    from
        humans he1_0 
    where
        he1_0.username=?
2026-05-17T20:26:53.840+02:00 DEBUG 6611 --- [catastrophe-profiles] [           main] c.c.p.a.in.web.GlobalExceptionHandler    : Regla de negocio violada [CAT_OWNERSHIP]: Este gato no te pertenece. ¡Solo su humano asistente puede gestionarlo!
]]></system-out>
  </testcase>
  <testcase name="updateOwnCat" classname="com.catastrophe.profiles.adapter.in.web.CatIntegrationTest" time="0.43">
    <system-out><![CDATA[2026-05-17T20:26:53.847+02:00 DEBUG 6611 --- [catastrophe-profiles] [           main] org.hibernate.SQL                        : 
    select
        ce1_0.id,
        ce1_0.age_months,
        ce1_0.avatar_url,
        ce1_0.bio,
        ce1_0.breed,
        ce1_0.created_at,
        ce1_0.human_id,
        ce1_0.level,
        ce1_0.mood,
        ce1_0.name,
        ce1_0.updated_at,
        ce1_0.xp 
    from
        cats ce1_0
2026-05-17T20:26:53.849+02:00 DEBUG 6611 --- [catastrophe-profiles] [           main] org.hibernate.SQL                        : 
    delete 
    from
        cats 
    where
        id=?
2026-05-17T20:26:53.851+02:00 DEBUG 6611 --- [catastrophe-profiles] [           main] org.hibernate.SQL                        : 
    select
        he1_0.id,
        he1_0.active,
        he1_0.created_at,
        he1_0.display_name,
        he1_0.email,
        he1_0.last_login,
        he1_0.password_hash,
        he1_0.username 
    from
        humans he1_0
2026-05-17T20:26:53.853+02:00 DEBUG 6611 --- [catastrophe-profiles] [           main] org.hibernate.SQL                        : 
    delete 
    from
        humans 
    where
        id=?
2026-05-17T20:26:53.854+02:00 DEBUG 6611 --- [catastrophe-profiles] [           main] org.hibernate.SQL                        : 
    delete 
    from
        humans 
    where
        id=?
2026-05-17T20:26:53.857+02:00 DEBUG 6611 --- [catastrophe-profiles] [           main] o.s.security.web.FilterChainProxy        : Securing POST /api/v1/auth/register
2026-05-17T20:26:53.857+02:00 DEBUG 6611 --- [catastrophe-profiles] [           main] o.s.s.w.a.AnonymousAuthenticationFilter  : Set SecurityContextHolder to anonymous SecurityContext
2026-05-17T20:26:53.857+02:00 DEBUG 6611 --- [catastrophe-profiles] [           main] o.s.security.web.FilterChainProxy        : Secured POST /api/v1/auth/register
2026-05-17T20:26:53.858+02:00 DEBUG 6611 --- [catastrophe-profiles] [           main] org.hibernate.SQL                        : 
    select
        he1_0.id 
    from
        humans he1_0 
    where
        he1_0.username=? 
    fetch
        first ? rows only
2026-05-17T20:26:53.860+02:00 DEBUG 6611 --- [catastrophe-profiles] [           main] org.hibernate.SQL                        : 
    select
        he1_0.id 
    from
        humans he1_0 
    where
        he1_0.email=? 
    fetch
        first ? rows only
2026-05-17T20:26:53.932+02:00 DEBUG 6611 --- [catastrophe-profiles] [           main] org.hibernate.SQL                        : 
    select
        he1_0.id,
        he1_0.active,
        he1_0.created_at,
        he1_0.display_name,
        he1_0.email,
        he1_0.last_login,
        he1_0.password_hash,
        he1_0.username 
    from
        humans he1_0 
    where
        he1_0.id=?
2026-05-17T20:26:53.937+02:00 DEBUG 6611 --- [catastrophe-profiles] [           main] org.hibernate.SQL                        : 
    insert 
    into
        humans
        (active, created_at, display_name, email, last_login, password_hash, username, id) 
    values
        (?, ?, ?, ?, ?, ?, ?, ?)
2026-05-17T20:26:53.940+02:00 DEBUG 6611 --- [catastrophe-profiles] [           main] o.s.security.web.FilterChainProxy        : Securing POST /api/v1/auth/login
2026-05-17T20:26:53.940+02:00 DEBUG 6611 --- [catastrophe-profiles] [           main] o.s.s.w.a.AnonymousAuthenticationFilter  : Set SecurityContextHolder to anonymous SecurityContext
2026-05-17T20:26:53.940+02:00 DEBUG 6611 --- [catastrophe-profiles] [           main] o.s.security.web.FilterChainProxy        : Secured POST /api/v1/auth/login
2026-05-17T20:26:53.942+02:00 DEBUG 6611 --- [catastrophe-profiles] [           main] org.hibernate.SQL                        : 
    select
        he1_0.id,
        he1_0.active,
        he1_0.created_at,
        he1_0.display_name,
        he1_0.email,
        he1_0.last_login,
        he1_0.password_hash,
        he1_0.username 
    from
        humans he1_0 
    where
        he1_0.username=?
2026-05-17T20:26:54.012+02:00 DEBUG 6611 --- [catastrophe-profiles] [           main] o.s.s.a.dao.DaoAuthenticationProvider    : Authenticated user
2026-05-17T20:26:54.012+02:00 DEBUG 6611 --- [catastrophe-profiles] [           main] org.hibernate.SQL                        : 
    select
        he1_0.id,
        he1_0.active,
        he1_0.created_at,
        he1_0.display_name,
        he1_0.email,
        he1_0.last_login,
        he1_0.password_hash,
        he1_0.username 
    from
        humans he1_0 
    where
        he1_0.username=?
2026-05-17T20:26:54.017+02:00 DEBUG 6611 --- [catastrophe-profiles] [           main] o.s.security.web.FilterChainProxy        : Securing POST /api/v1/cats
2026-05-17T20:26:54.018+02:00 DEBUG 6611 --- [catastrophe-profiles] [           main] w.c.HttpSessionSecurityContextRepository : Retrieved SecurityContextImpl [Authentication=UsernamePasswordAuthenticationToken [Principal=org.springframework.security.core.userdetails.User [Username=updater, Password=[PROTECTED], Enabled=true, AccountNonExpired=true, CredentialsNonExpired=true, AccountNonLocked=true, Granted Authorities=[ROLE_HUMAN]], Credentials=[PROTECTED], Authenticated=true, Details=null, Granted Authorities=[ROLE_HUMAN]]]
2026-05-17T20:26:54.018+02:00 DEBUG 6611 --- [catastrophe-profiles] [           main] o.s.security.web.FilterChainProxy        : Secured POST /api/v1/cats
2026-05-17T20:26:54.019+02:00 DEBUG 6611 --- [catastrophe-profiles] [           main] org.hibernate.SQL                        : 
    select
        he1_0.id,
        he1_0.active,
        he1_0.created_at,
        he1_0.display_name,
        he1_0.email,
        he1_0.last_login,
        he1_0.password_hash,
        he1_0.username 
    from
        humans he1_0 
    where
        he1_0.username=?
2026-05-17T20:26:54.021+02:00 DEBUG 6611 --- [catastrophe-profiles] [           main] org.hibernate.SQL                        : 
    select
        ce1_0.id 
    from
        cats ce1_0 
    where
        ce1_0.human_id=? 
        and ce1_0.name=? 
    fetch
        first ? rows only
2026-05-17T20:26:54.132+02:00  INFO 6611 --- [catastrophe-profiles] [        kafka-1] org.apache.kafka.clients.NetworkClient   : [Consumer clientId=consumer-profiles-xp-applier-1, groupId=profiles-xp-applier] Node 1 disconnected.
2026-05-17T20:26:54.133+02:00  WARN 6611 --- [catastrophe-profiles] [        kafka-1] org.apache.kafka.clients.NetworkClient   : [Consumer clientId=consumer-profiles-xp-applier-1, groupId=profiles-xp-applier] Connection to node 1 (localhost/127.0.0.1:36985) could not be established. Node may not be available.
2026-05-17T20:26:54.241+02:00 DEBUG 6611 --- [catastrophe-profiles] [           main] org.hibernate.SQL                        : 
    select
        ce1_0.id,
        ce1_0.age_months,
        ce1_0.avatar_url,
        ce1_0.bio,
        ce1_0.breed,
        ce1_0.created_at,
        ce1_0.human_id,
        ce1_0.level,
        ce1_0.mood,
        ce1_0.name,
        ce1_0.updated_at,
        ce1_0.xp 
    from
        cats ce1_0 
    where
        ce1_0.id=?
2026-05-17T20:26:54.244+02:00 DEBUG 6611 --- [catastrophe-profiles] [           main] c.c.p.a.o.messaging.KafkaEventPublisher  : Publicando evento CatCreated en topic 'catastrophe.profiles' con key 'c939948f-5846-41c8-8114-0b70a48cac10'
2026-05-17T20:26:54.245+02:00 DEBUG 6611 --- [catastrophe-profiles] [           main] org.hibernate.SQL                        : 
    insert 
    into
        cats
        (age_months, avatar_url, bio, breed, created_at, human_id, level, mood, name, updated_at, xp, id) 
    values
        (?, ?, ?, ?, ?, ?, ?, ?, ?, ?, ?, ?)
2026-05-17T20:26:54.250+02:00 DEBUG 6611 --- [catastrophe-profiles] [iles-producer-1] c.c.p.a.o.messaging.KafkaEventPublisher  : Evento CatCreated publicado con offset 2
2026-05-17T20:26:54.254+02:00 DEBUG 6611 --- [catastrophe-profiles] [           main] o.s.security.web.FilterChainProxy        : Securing PUT /api/v1/cats/c939948f-5846-41c8-8114-0b70a48cac10
2026-05-17T20:26:54.255+02:00 DEBUG 6611 --- [catastrophe-profiles] [           main] w.c.HttpSessionSecurityContextRepository : Retrieved SecurityContextImpl [Authentication=UsernamePasswordAuthenticationToken [Principal=org.springframework.security.core.userdetails.User [Username=updater, Password=[PROTECTED], Enabled=true, AccountNonExpired=true, CredentialsNonExpired=true, AccountNonLocked=true, Granted Authorities=[ROLE_HUMAN]], Credentials=[PROTECTED], Authenticated=true, Details=null, Granted Authorities=[ROLE_HUMAN]]]
2026-05-17T20:26:54.256+02:00 DEBUG 6611 --- [catastrophe-profiles] [           main] o.s.security.web.FilterChainProxy        : Secured PUT /api/v1/cats/c939948f-5846-41c8-8114-0b70a48cac10
2026-05-17T20:26:54.257+02:00 DEBUG 6611 --- [catastrophe-profiles] [           main] org.hibernate.SQL                        : 
    select
        ce1_0.id,
        ce1_0.age_months,
        ce1_0.avatar_url,
        ce1_0.bio,
        ce1_0.breed,
        ce1_0.created_at,
        ce1_0.human_id,
        ce1_0.level,
        ce1_0.mood,
        ce1_0.name,
        ce1_0.updated_at,
        ce1_0.xp 
    from
        cats ce1_0 
    where
        ce1_0.id=?
2026-05-17T20:26:54.260+02:00 DEBUG 6611 --- [catastrophe-profiles] [           main] org.hibernate.SQL                        : 
    select
        he1_0.id,
        he1_0.active,
        he1_0.created_at,
        he1_0.display_name,
        he1_0.email,
        he1_0.last_login,
        he1_0.password_hash,
        he1_0.username 
    from
        humans he1_0 
    where
        he1_0.username=?
2026-05-17T20:26:54.262+02:00 DEBUG 6611 --- [catastrophe-profiles] [           main] org.hibernate.SQL                        : 
    select
        ce1_0.id,
        ce1_0.age_months,
        ce1_0.avatar_url,
        ce1_0.bio,
        ce1_0.breed,
        ce1_0.created_at,
        ce1_0.human_id,
        ce1_0.level,
        ce1_0.mood,
        ce1_0.name,
        ce1_0.updated_at,
        ce1_0.xp 
    from
        cats ce1_0 
    where
        ce1_0.id=?
2026-05-17T20:26:54.267+02:00 DEBUG 6611 --- [catastrophe-profiles] [           main] org.hibernate.SQL                        : 
    update
        cats 
    set
        age_months=?,
        avatar_url=?,
        bio=?,
        breed=?,
        human_id=?,
        level=?,
        mood=?,
        name=?,
        updated_at=?,
        xp=? 
    where
        id=?
]]></system-out>
  </testcase>
  <testcase name="deleteOwnCat" classname="com.catastrophe.profiles.adapter.in.web.CatIntegrationTest" time="0.377">
    <system-out><![CDATA[2026-05-17T20:26:54.278+02:00 DEBUG 6611 --- [catastrophe-profiles] [           main] org.hibernate.SQL                        : 
    select
        ce1_0.id,
        ce1_0.age_months,
        ce1_0.avatar_url,
        ce1_0.bio,
        ce1_0.breed,
        ce1_0.created_at,
        ce1_0.human_id,
        ce1_0.level,
        ce1_0.mood,
        ce1_0.name,
        ce1_0.updated_at,
        ce1_0.xp 
    from
        cats ce1_0
2026-05-17T20:26:54.279+02:00 DEBUG 6611 --- [catastrophe-profiles] [           main] org.hibernate.SQL                        : 
    delete 
    from
        cats 
    where
        id=?
2026-05-17T20:26:54.281+02:00 DEBUG 6611 --- [catastrophe-profiles] [           main] org.hibernate.SQL                        : 
    select
        he1_0.id,
        he1_0.active,
        he1_0.created_at,
        he1_0.display_name,
        he1_0.email,
        he1_0.last_login,
        he1_0.password_hash,
        he1_0.username 
    from
        humans he1_0
2026-05-17T20:26:54.282+02:00 DEBUG 6611 --- [catastrophe-profiles] [           main] org.hibernate.SQL                        : 
    delete 
    from
        humans 
    where
        id=?
2026-05-17T20:26:54.284+02:00 DEBUG 6611 --- [catastrophe-profiles] [           main] o.s.security.web.FilterChainProxy        : Securing POST /api/v1/auth/register
2026-05-17T20:26:54.284+02:00 DEBUG 6611 --- [catastrophe-profiles] [           main] o.s.s.w.a.AnonymousAuthenticationFilter  : Set SecurityContextHolder to anonymous SecurityContext
2026-05-17T20:26:54.284+02:00 DEBUG 6611 --- [catastrophe-profiles] [           main] o.s.security.web.FilterChainProxy        : Secured POST /api/v1/auth/register
2026-05-17T20:26:54.285+02:00 DEBUG 6611 --- [catastrophe-profiles] [           main] org.hibernate.SQL                        : 
    select
        he1_0.id 
    from
        humans he1_0 
    where
        he1_0.username=? 
    fetch
        first ? rows only
2026-05-17T20:26:54.286+02:00 DEBUG 6611 --- [catastrophe-profiles] [           main] org.hibernate.SQL                        : 
    select
        he1_0.id 
    from
        humans he1_0 
    where
        he1_0.email=? 
    fetch
        first ? rows only
2026-05-17T20:26:54.357+02:00 DEBUG 6611 --- [catastrophe-profiles] [           main] org.hibernate.SQL                        : 
    select
        he1_0.id,
        he1_0.active,
        he1_0.created_at,
        he1_0.display_name,
        he1_0.email,
        he1_0.last_login,
        he1_0.password_hash,
        he1_0.username 
    from
        humans he1_0 
    where
        he1_0.id=?
2026-05-17T20:26:54.358+02:00 DEBUG 6611 --- [catastrophe-profiles] [           main] org.hibernate.SQL                        : 
    insert 
    into
        humans
        (active, created_at, display_name, email, last_login, password_hash, username, id) 
    values
        (?, ?, ?, ?, ?, ?, ?, ?)
2026-05-17T20:26:54.361+02:00 DEBUG 6611 --- [catastrophe-profiles] [           main] o.s.security.web.FilterChainProxy        : Securing POST /api/v1/auth/login
2026-05-17T20:26:54.361+02:00 DEBUG 6611 --- [catastrophe-profiles] [           main] o.s.s.w.a.AnonymousAuthenticationFilter  : Set SecurityContextHolder to anonymous SecurityContext
2026-05-17T20:26:54.361+02:00 DEBUG 6611 --- [catastrophe-profiles] [           main] o.s.security.web.FilterChainProxy        : Secured POST /api/v1/auth/login
2026-05-17T20:26:54.362+02:00 DEBUG 6611 --- [catastrophe-profiles] [           main] org.hibernate.SQL                        : 
    select
        he1_0.id,
        he1_0.active,
        he1_0.created_at,
        he1_0.display_name,
        he1_0.email,
        he1_0.last_login,
        he1_0.password_hash,
        he1_0.username 
    from
        humans he1_0 
    where
        he1_0.username=?
2026-05-17T20:26:54.432+02:00 DEBUG 6611 --- [catastrophe-profiles] [           main] o.s.s.a.dao.DaoAuthenticationProvider    : Authenticated user
2026-05-17T20:26:54.433+02:00 DEBUG 6611 --- [catastrophe-profiles] [           main] org.hibernate.SQL                        : 
    select
        he1_0.id,
        he1_0.active,
        he1_0.created_at,
        he1_0.display_name,
        he1_0.email,
        he1_0.last_login,
        he1_0.password_hash,
        he1_0.username 
    from
        humans he1_0 
    where
        he1_0.username=?
2026-05-17T20:26:54.439+02:00 DEBUG 6611 --- [catastrophe-profiles] [           main] o.s.security.web.FilterChainProxy        : Securing POST /api/v1/cats
2026-05-17T20:26:54.440+02:00 DEBUG 6611 --- [catastrophe-profiles] [           main] w.c.HttpSessionSecurityContextRepository : Retrieved SecurityContextImpl [Authentication=UsernamePasswordAuthenticationToken [Principal=org.springframework.security.core.userdetails.User [Username=deleter, Password=[PROTECTED], Enabled=true, AccountNonExpired=true, CredentialsNonExpired=true, AccountNonLocked=true, Granted Authorities=[ROLE_HUMAN]], Credentials=[PROTECTED], Authenticated=true, Details=null, Granted Authorities=[ROLE_HUMAN]]]
2026-05-17T20:26:54.441+02:00 DEBUG 6611 --- [catastrophe-profiles] [           main] o.s.security.web.FilterChainProxy        : Secured POST /api/v1/cats
2026-05-17T20:26:54.441+02:00 DEBUG 6611 --- [catastrophe-profiles] [           main] org.hibernate.SQL                        : 
    select
        he1_0.id,
        he1_0.active,
        he1_0.created_at,
        he1_0.display_name,
        he1_0.email,
        he1_0.last_login,
        he1_0.password_hash,
        he1_0.username 
    from
        humans he1_0 
    where
        he1_0.username=?
2026-05-17T20:26:54.443+02:00 DEBUG 6611 --- [catastrophe-profiles] [           main] org.hibernate.SQL                        : 
    select
        ce1_0.id 
    from
        cats ce1_0 
    where
        ce1_0.human_id=? 
        and ce1_0.name=? 
    fetch
        first ? rows only
2026-05-17T20:26:54.621+02:00 DEBUG 6611 --- [catastrophe-profiles] [           main] org.hibernate.SQL                        : 
    select
        ce1_0.id,
        ce1_0.age_months,
        ce1_0.avatar_url,
        ce1_0.bio,
        ce1_0.breed,
        ce1_0.created_at,
        ce1_0.human_id,
        ce1_0.level,
        ce1_0.mood,
        ce1_0.name,
        ce1_0.updated_at,
        ce1_0.xp 
    from
        cats ce1_0 
    where
        ce1_0.id=?
2026-05-17T20:26:54.623+02:00 DEBUG 6611 --- [catastrophe-profiles] [           main] c.c.p.a.o.messaging.KafkaEventPublisher  : Publicando evento CatCreated en topic 'catastrophe.profiles' con key 'e4133a8b-7ce1-45b2-bcdf-3f8f0244e1b8'
2026-05-17T20:26:54.624+02:00 DEBUG 6611 --- [catastrophe-profiles] [           main] org.hibernate.SQL                        : 
    insert 
    into
        cats
        (age_months, avatar_url, bio, breed, created_at, human_id, level, mood, name, updated_at, xp, id) 
    values
        (?, ?, ?, ?, ?, ?, ?, ?, ?, ?, ?, ?)
2026-05-17T20:26:54.630+02:00 DEBUG 6611 --- [catastrophe-profiles] [iles-producer-1] c.c.p.a.o.messaging.KafkaEventPublisher  : Evento CatCreated publicado con offset 3
2026-05-17T20:26:54.634+02:00 DEBUG 6611 --- [catastrophe-profiles] [           main] o.s.security.web.FilterChainProxy        : Securing DELETE /api/v1/cats/e4133a8b-7ce1-45b2-bcdf-3f8f0244e1b8
2026-05-17T20:26:54.636+02:00 DEBUG 6611 --- [catastrophe-profiles] [           main] w.c.HttpSessionSecurityContextRepository : Retrieved SecurityContextImpl [Authentication=UsernamePasswordAuthenticationToken [Principal=org.springframework.security.core.userdetails.User [Username=deleter, Password=[PROTECTED], Enabled=true, AccountNonExpired=true, CredentialsNonExpired=true, AccountNonLocked=true, Granted Authorities=[ROLE_HUMAN]], Credentials=[PROTECTED], Authenticated=true, Details=null, Granted Authorities=[ROLE_HUMAN]]]
2026-05-17T20:26:54.636+02:00 DEBUG 6611 --- [catastrophe-profiles] [           main] o.s.security.web.FilterChainProxy        : Secured DELETE /api/v1/cats/e4133a8b-7ce1-45b2-bcdf-3f8f0244e1b8
2026-05-17T20:26:54.637+02:00 DEBUG 6611 --- [catastrophe-profiles] [           main] org.hibernate.SQL                        : 
    select
        ce1_0.id,
        ce1_0.age_months,
        ce1_0.avatar_url,
        ce1_0.bio,
        ce1_0.breed,
        ce1_0.created_at,
        ce1_0.human_id,
        ce1_0.level,
        ce1_0.mood,
        ce1_0.name,
        ce1_0.updated_at,
        ce1_0.xp 
    from
        cats ce1_0 
    where
        ce1_0.id=?
2026-05-17T20:26:54.640+02:00 DEBUG 6611 --- [catastrophe-profiles] [           main] org.hibernate.SQL                        : 
    select
        he1_0.id,
        he1_0.active,
        he1_0.created_at,
        he1_0.display_name,
        he1_0.email,
        he1_0.last_login,
        he1_0.password_hash,
        he1_0.username 
    from
        humans he1_0 
    where
        he1_0.username=?
2026-05-17T20:26:54.642+02:00 DEBUG 6611 --- [catastrophe-profiles] [           main] org.hibernate.SQL                        : 
    select
        ce1_0.id,
        ce1_0.age_months,
        ce1_0.avatar_url,
        ce1_0.bio,
        ce1_0.breed,
        ce1_0.created_at,
        ce1_0.human_id,
        ce1_0.level,
        ce1_0.mood,
        ce1_0.name,
        ce1_0.updated_at,
        ce1_0.xp 
    from
        cats ce1_0 
    where
        ce1_0.id=?
2026-05-17T20:26:54.643+02:00 DEBUG 6611 --- [catastrophe-profiles] [           main] org.hibernate.SQL                        : 
    delete 
    from
        cats 
    where
        id=?
2026-05-17T20:26:54.648+02:00 DEBUG 6611 --- [catastrophe-profiles] [           main] o.s.security.web.FilterChainProxy        : Securing GET /api/v1/cats/e4133a8b-7ce1-45b2-bcdf-3f8f0244e1b8
2026-05-17T20:26:54.648+02:00 DEBUG 6611 --- [catastrophe-profiles] [           main] o.s.s.w.a.AnonymousAuthenticationFilter  : Set SecurityContextHolder to anonymous SecurityContext
2026-05-17T20:26:54.648+02:00 DEBUG 6611 --- [catastrophe-profiles] [           main] o.s.security.web.FilterChainProxy        : Secured GET /api/v1/cats/e4133a8b-7ce1-45b2-bcdf-3f8f0244e1b8
2026-05-17T20:26:54.649+02:00 DEBUG 6611 --- [catastrophe-profiles] [           main] org.hibernate.SQL                        : 
    select
        ce1_0.id,
        ce1_0.age_months,
        ce1_0.avatar_url,
        ce1_0.bio,
        ce1_0.breed,
        ce1_0.created_at,
        ce1_0.human_id,
        ce1_0.level,
        ce1_0.mood,
        ce1_0.name,
        ce1_0.updated_at,
        ce1_0.xp 
    from
        cats ce1_0 
    where
        ce1_0.id=?
2026-05-17T20:26:54.651+02:00 DEBUG 6611 --- [catastrophe-profiles] [           main] c.c.p.a.in.web.GlobalExceptionHandler    : Recurso no encontrado: Cat con id e4133a8b-7ce1-45b2-bcdf-3f8f0244e1b8 no encontrado
]]></system-out>
  </testcase>
  <testcase name="createCatAuthenticated" classname="com.catastrophe.profiles.adapter.in.web.CatIntegrationTest" time="0.4">
    <system-out><![CDATA[2026-05-17T20:26:54.655+02:00 DEBUG 6611 --- [catastrophe-profiles] [           main] org.hibernate.SQL                        : 
    select
        ce1_0.id,
        ce1_0.age_months,
        ce1_0.avatar_url,
        ce1_0.bio,
        ce1_0.breed,
        ce1_0.created_at,
        ce1_0.human_id,
        ce1_0.level,
        ce1_0.mood,
        ce1_0.name,
        ce1_0.updated_at,
        ce1_0.xp 
    from
        cats ce1_0
2026-05-17T20:26:54.658+02:00 DEBUG 6611 --- [catastrophe-profiles] [           main] org.hibernate.SQL                        : 
    select
        he1_0.id,
        he1_0.active,
        he1_0.created_at,
        he1_0.display_name,
        he1_0.email,
        he1_0.last_login,
        he1_0.password_hash,
        he1_0.username 
    from
        humans he1_0
2026-05-17T20:26:54.659+02:00 DEBUG 6611 --- [catastrophe-profiles] [           main] org.hibernate.SQL                        : 
    delete 
    from
        humans 
    where
        id=?
2026-05-17T20:26:54.662+02:00 DEBUG 6611 --- [catastrophe-profiles] [           main] o.s.security.web.FilterChainProxy        : Securing POST /api/v1/auth/register
2026-05-17T20:26:54.662+02:00 DEBUG 6611 --- [catastrophe-profiles] [           main] o.s.s.w.a.AnonymousAuthenticationFilter  : Set SecurityContextHolder to anonymous SecurityContext
2026-05-17T20:26:54.662+02:00 DEBUG 6611 --- [catastrophe-profiles] [           main] o.s.security.web.FilterChainProxy        : Secured POST /api/v1/auth/register
2026-05-17T20:26:54.663+02:00 DEBUG 6611 --- [catastrophe-profiles] [           main] org.hibernate.SQL                        : 
    select
        he1_0.id 
    from
        humans he1_0 
    where
        he1_0.username=? 
    fetch
        first ? rows only
2026-05-17T20:26:54.665+02:00 DEBUG 6611 --- [catastrophe-profiles] [           main] org.hibernate.SQL                        : 
    select
        he1_0.id 
    from
        humans he1_0 
    where
        he1_0.email=? 
    fetch
        first ? rows only
2026-05-17T20:26:54.736+02:00 DEBUG 6611 --- [catastrophe-profiles] [           main] org.hibernate.SQL                        : 
    select
        he1_0.id,
        he1_0.active,
        he1_0.created_at,
        he1_0.display_name,
        he1_0.email,
        he1_0.last_login,
        he1_0.password_hash,
        he1_0.username 
    from
        humans he1_0 
    where
        he1_0.id=?
2026-05-17T20:26:54.738+02:00 DEBUG 6611 --- [catastrophe-profiles] [           main] org.hibernate.SQL                        : 
    insert 
    into
        humans
        (active, created_at, display_name, email, last_login, password_hash, username, id) 
    values
        (?, ?, ?, ?, ?, ?, ?, ?)
2026-05-17T20:26:54.740+02:00 DEBUG 6611 --- [catastrophe-profiles] [           main] o.s.security.web.FilterChainProxy        : Securing POST /api/v1/auth/login
2026-05-17T20:26:54.741+02:00 DEBUG 6611 --- [catastrophe-profiles] [           main] o.s.s.w.a.AnonymousAuthenticationFilter  : Set SecurityContextHolder to anonymous SecurityContext
[...]
    select
        he1_0.id,
        he1_0.active,
        he1_0.created_at,
        he1_0.display_name,
        he1_0.email,
        he1_0.last_login,
        he1_0.password_hash,
        he1_0.username 
    from
        humans he1_0
2026-05-17T20:26:55.061+02:00 DEBUG 6611 --- [catastrophe-profiles] [           main] org.hibernate.SQL                        : 
    delete 
    from
        humans 
    where
        id=?
2026-05-17T20:26:55.064+02:00 DEBUG 6611 --- [catastrophe-profiles] [           main] o.s.security.web.FilterChainProxy        : Securing POST /api/v1/auth/register
2026-05-17T20:26:55.064+02:00 DEBUG 6611 --- [catastrophe-profiles] [           main] o.s.s.w.a.AnonymousAuthenticationFilter  : Set SecurityContextHolder to anonymous SecurityContext
2026-05-17T20:26:55.064+02:00 DEBUG 6611 --- [catastrophe-profiles] [           main] o.s.security.web.FilterChainProxy        : Secured POST /api/v1/auth/register
2026-05-17T20:26:55.065+02:00 DEBUG 6611 --- [catastrophe-profiles] [           main] org.hibernate.SQL                        : 
    select
        he1_0.id 
    from
        humans he1_0 
    where
        he1_0.username=? 
    fetch
        first ? rows only
2026-05-17T20:26:55.067+02:00 DEBUG 6611 --- [catastrophe-profiles] [           main] org.hibernate.SQL                        : 
    select
        he1_0.id 
    from
        humans he1_0 
    where
        he1_0.email=? 
    fetch
        first ? rows only
2026-05-17T20:26:55.133+02:00  INFO 6611 --- [catastrophe-profiles] [        kafka-1] org.apache.kafka.clients.NetworkClient   : [Consumer clientId=consumer-profiles-xp-applier-1, groupId=profiles-xp-applier] Node 1 disconnected.
2026-05-17T20:26:55.133+02:00  WARN 6611 --- [catastrophe-profiles] [        kafka-1] org.apache.kafka.clients.NetworkClient   : [Consumer clientId=consumer-profiles-xp-applier-1, groupId=profiles-xp-applier] Connection to node 1 (localhost/127.0.0.1:36985) could not be established. Node may not be available.
2026-05-17T20:26:55.139+02:00 DEBUG 6611 --- [catastrophe-profiles] [           main] org.hibernate.SQL                        : 
    select
        he1_0.id,
        he1_0.active,
        he1_0.created_at,
        he1_0.display_name,
        he1_0.email,
        he1_0.last_login,
        he1_0.password_hash,
        he1_0.username 
    from
        humans he1_0 
    where
        he1_0.id=?
2026-05-17T20:26:55.140+02:00 DEBUG 6611 --- [catastrophe-profiles] [           main] org.hibernate.SQL                        : 
    insert 
    into
        humans
        (active, created_at, display_name, email, last_login, password_hash, username, id) 
    values
        (?, ?, ?, ?, ?, ?, ?, ?)
2026-05-17T20:26:55.142+02:00 DEBUG 6611 --- [catastrophe-profiles] [           main] o.s.security.web.FilterChainProxy        : Securing POST /api/v1/auth/login
2026-05-17T20:26:55.142+02:00 DEBUG 6611 --- [catastrophe-profiles] [           main] o.s.s.w.a.AnonymousAuthenticationFilter  : Set SecurityContextHolder to anonymous SecurityContext
2026-05-17T20:26:55.142+02:00 DEBUG 6611 --- [catastrophe-profiles] [           main] o.s.security.web.FilterChainProxy        : Secured POST /api/v1/auth/login
2026-05-17T20:26:55.143+02:00 DEBUG 6611 --- [catastrophe-profiles] [           main] org.hibernate.SQL                        : 
    select
        he1_0.id,
        he1_0.active,
        he1_0.created_at,
        he1_0.display_name,
        he1_0.email,
        he1_0.last_login,
        he1_0.password_hash,
        he1_0.username 
    from
        humans he1_0 
    where
        he1_0.username=?
2026-05-17T20:26:55.214+02:00 DEBUG 6611 --- [catastrophe-profiles] [           main] o.s.s.a.dao.DaoAuthenticationProvider    : Authenticated user
2026-05-17T20:26:55.214+02:00 DEBUG 6611 --- [catastrophe-profiles] [           main] org.hibernate.SQL                        : 
    select
        he1_0.id,
        he1_0.active,
        he1_0.created_at,
        he1_0.display_name,
        he1_0.email,
        he1_0.last_login,
        he1_0.password_hash,
        he1_0.username 
    from
        humans he1_0 
    where
        he1_0.username=?
2026-05-17T20:26:55.218+02:00 DEBUG 6611 --- [catastrophe-profiles] [           main] o.s.security.web.FilterChainProxy        : Securing POST /api/v1/cats
2026-05-17T20:26:55.219+02:00 DEBUG 6611 --- [catastrophe-profiles] [           main] w.c.HttpSessionSecurityContextRepository : Retrieved SecurityContextImpl [Authentication=UsernamePasswordAuthenticationToken [Principal=org.springframework.security.core.userdetails.User [Username=multicats, Password=[PROTECTED], Enabled=true, AccountNonExpired=true, CredentialsNonExpired=true, AccountNonLocked=true, Granted Authorities=[ROLE_HUMAN]], Credentials=[PROTECTED], Authenticated=true, Details=null, Granted Authorities=[ROLE_HUMAN]]]
2026-05-17T20:26:55.219+02:00 DEBUG 6611 --- [catastrophe-profiles] [           main] o.s.security.web.FilterChainProxy        : Secured POST /api/v1/cats
2026-05-17T20:26:55.220+02:00 DEBUG 6611 --- [catastrophe-profiles] [           main] org.hibernate.SQL                        : 
    select
        he1_0.id,
        he1_0.active,
        he1_0.created_at,
        he1_0.display_name,
        he1_0.email,
        he1_0.last_login,
        he1_0.password_hash,
        he1_0.username 
    from
        humans he1_0 
    where
        he1_0.username=?
2026-05-17T20:26:55.221+02:00 DEBUG 6611 --- [catastrophe-profiles] [           main] org.hibernate.SQL                        : 
    select
        ce1_0.id 
    from
        cats ce1_0 
    where
        ce1_0.human_id=? 
        and ce1_0.name=? 
    fetch
        first ? rows only
2026-05-17T20:26:55.443+02:00 DEBUG 6611 --- [catastrophe-profiles] [           main] org.hibernate.SQL                        : 
    select
        ce1_0.id,
        ce1_0.age_months,
        ce1_0.avatar_url,
        ce1_0.bio,
        ce1_0.breed,
        ce1_0.created_at,
        ce1_0.human_id,
        ce1_0.level,
        ce1_0.mood,
        ce1_0.name,
        ce1_0.updated_at,
        ce1_0.xp 
    from
        cats ce1_0 
    where
        ce1_0.id=?
2026-05-17T20:26:55.447+02:00 DEBUG 6611 --- [catastrophe-profiles] [           main] c.c.p.a.o.messaging.KafkaEventPublisher  : Publicando evento CatCreated en topic 'catastrophe.profiles' con key '767af20b-a7e7-4d7c-8f35-4c3ce5952dcd'
2026-05-17T20:26:55.448+02:00 DEBUG 6611 --- [catastrophe-profiles] [           main] org.hibernate.SQL                        : 
    insert 
    into
        cats
        (age_months, avatar_url, bio, breed, created_at, human_id, level, mood, name, updated_at, xp, id) 
    values
        (?, ?, ?, ?, ?, ?, ?, ?, ?, ?, ?, ?)
2026-05-17T20:26:55.453+02:00 DEBUG 6611 --- [catastrophe-profiles] [iles-producer-1] c.c.p.a.o.messaging.KafkaEventPublisher  : Evento CatCreated publicado con offset 5
2026-05-17T20:26:55.458+02:00 DEBUG 6611 --- [catastrophe-profiles] [           main] o.s.security.web.FilterChainProxy        : Securing POST /api/v1/cats
2026-05-17T20:26:55.459+02:00 DEBUG 6611 --- [catastrophe-profiles] [           main] w.c.HttpSessionSecurityContextRepository : Retrieved SecurityContextImpl [Authentication=UsernamePasswordAuthenticationToken [Principal=org.springframework.security.core.userdetails.User [Username=multicats, Password=[PROTECTED], Enabled=true, AccountNonExpired=true, CredentialsNonExpired=true, AccountNonLocked=true, Granted Authorities=[ROLE_HUMAN]], Credentials=[PROTECTED], Authenticated=true, Details=null, Granted Authorities=[ROLE_HUMAN]]]
2026-05-17T20:26:55.460+02:00 DEBUG 6611 --- [catastrophe-profiles] [           main] o.s.security.web.FilterChainProxy        : Secured POST /api/v1/cats
2026-05-17T20:26:55.462+02:00 DEBUG 6611 --- [catastrophe-profiles] [           main] org.hibernate.SQL                        : 
    select
        he1_0.id,
        he1_0.active,
        he1_0.created_at,
        he1_0.display_name,
        he1_0.email,
        he1_0.last_login,
        he1_0.password_hash,
        he1_0.username 
    from
        humans he1_0 
    where
        he1_0.username=?
2026-05-17T20:26:55.465+02:00 DEBUG 6611 --- [catastrophe-profiles] [           main] org.hibernate.SQL                        : 
    select
        ce1_0.id 
    from
        cats ce1_0 
    where
        ce1_0.human_id=? 
        and ce1_0.name=? 
    fetch
        first ? rows only
2026-05-17T20:26:55.683+02:00 DEBUG 6611 --- [catastrophe-profiles] [           main] org.hibernate.SQL                        : 
    select
        ce1_0.id,
        ce1_0.age_months,
        ce1_0.avatar_url,
        ce1_0.bio,
        ce1_0.breed,
        ce1_0.created_at,
        ce1_0.human_id,
        ce1_0.level,
        ce1_0.mood,
        ce1_0.name,
        ce1_0.updated_at,
        ce1_0.xp 
    from
        cats ce1_0 
    where
        ce1_0.id=?
2026-05-17T20:26:55.685+02:00 DEBUG 6611 --- [catastrophe-profiles] [           main] c.c.p.a.o.messaging.KafkaEventPublisher  : Publicando evento CatCreated en topic 'catastrophe.profiles' con key '210a279d-cd74-4903-b26e-b7db4a7bd4ce'
2026-05-17T20:26:55.686+02:00 DEBUG 6611 --- [catastrophe-profiles] [           main] org.hibernate.SQL                        : 
    insert 
    into
        cats
        (age_months, avatar_url, bio, breed, created_at, human_id, level, mood, name, updated_at, xp, id) 
    values
        (?, ?, ?, ?, ?, ?, ?, ?, ?, ?, ?, ?)
2026-05-17T20:26:55.689+02:00 DEBUG 6611 --- [catastrophe-profiles] [iles-producer-1] c.c.p.a.o.messaging.KafkaEventPublisher  : Evento CatCreated publicado con offset 6
2026-05-17T20:26:55.693+02:00 DEBUG 6611 --- [catastrophe-profiles] [           main] o.s.security.web.FilterChainProxy        : Securing GET /api/v1/cats/mine
2026-05-17T20:26:55.694+02:00 DEBUG 6611 --- [catastrophe-profiles] [           main] o.s.security.web.FilterChainProxy        : Secured GET /api/v1/cats/mine
2026-05-17T20:26:55.695+02:00 DEBUG 6611 --- [catastrophe-profiles] [           main] w.c.HttpSessionSecurityContextRepository : Retrieved SecurityContextImpl [Authentication=UsernamePasswordAuthenticationToken [Principal=org.springframework.security.core.userdetails.User [Username=multicats, Password=[PROTECTED], Enabled=true, AccountNonExpired=true, CredentialsNonExpired=true, AccountNonLocked=true, Granted Authorities=[ROLE_HUMAN]], Credentials=[PROTECTED], Authenticated=true, Details=null, Granted Authorities=[ROLE_HUMAN]]]
2026-05-17T20:26:55.696+02:00 DEBUG 6611 --- [catastrophe-profiles] [           main] org.hibernate.SQL                        : 
    select
        he1_0.id,
        he1_0.active,
        he1_0.created_at,
        he1_0.display_name,
        he1_0.email,
        he1_0.last_login,
        he1_0.password_hash,
        he1_0.username 
    from
        humans he1_0 
    where
        he1_0.username=?
2026-05-17T20:26:55.698+02:00 DEBUG 6611 --- [catastrophe-profiles] [           main] org.hibernate.SQL                        : 
    select
        ce1_0.id,
        ce1_0.age_months,
        ce1_0.avatar_url,
        ce1_0.bio,
        ce1_0.breed,
        ce1_0.created_at,
        ce1_0.human_id,
        ce1_0.level,
        ce1_0.mood,
        ce1_0.name,
        ce1_0.updated_at,
        ce1_0.xp 
    from
        cats ce1_0 
    where
        ce1_0.human_id=?
]]></system-out>
  </testcase>
  <testcase name="viewCatProfileIsPublic" classname="com.catastrophe.profiles.adapter.in.web.CatIntegrationTest" time="0.415">
    <system-out><![CDATA[2026-05-17T20:26:55.710+02:00 DEBUG 6611 --- [catastrophe-profiles] [           main] org.hibernate.SQL                        : 
    select
        ce1_0.id,
        ce1_0.age_months,
        ce1_0.avatar_url,
        ce1_0.bio,
        ce1_0.breed,
        ce1_0.created_at,
        ce1_0.human_id,
        ce1_0.level,
        ce1_0.mood,
        ce1_0.name,
        ce1_0.updated_at,
        ce1_0.xp 
    from
        cats ce1_0
2026-05-17T20:26:55.712+02:00 DEBUG 6611 --- [catastrophe-profiles] [           main] org.hibernate.SQL                        : 
    delete 
    from
        cats 
    where
        id=?
2026-05-17T20:26:55.713+02:00 DEBUG 6611 --- [catastrophe-profiles] [           main] org.hibernate.SQL                        : 
    delete 
    from
        cats 
    where
        id=?
2026-05-17T20:26:55.715+02:00 DEBUG 6611 --- [catastrophe-profiles] [           main] org.hibernate.SQL                        : 
    select
        he1_0.id,
        he1_0.active,
        he1_0.created_at,
        he1_0.display_name,
        he1_0.email,
        he1_0.last_login,
        he1_0.password_hash,
        he1_0.username 
    from
        humans he1_0
2026-05-17T20:26:55.716+02:00 DEBUG 6611 --- [catastrophe-profiles] [           main] org.hibernate.SQL                        : 
    delete 
    from
        humans 
    where
        id=?
2026-05-17T20:26:55.717+02:00 DEBUG 6611 --- [catastrophe-profiles] [           main] o.s.security.web.FilterChainProxy        : Securing POST /api/v1/auth/register
2026-05-17T20:26:55.718+02:00 DEBUG 6611 --- [catastrophe-profiles] [           main] o.s.s.w.a.AnonymousAuthenticationFilter  : Set SecurityContextHolder to anonymous SecurityContext
2026-05-17T20:26:55.718+02:00 DEBUG 6611 --- [catastrophe-profiles] [           main] o.s.security.web.FilterChainProxy        : Secured POST /api/v1/auth/register
2026-05-17T20:26:55.719+02:00 DEBUG 6611 --- [catastrophe-profiles] [           main] org.hibernate.SQL                        : 
    select
        he1_0.id 
    from
        humans he1_0 
    where
        he1_0.username=? 
    fetch
        first ? rows only
2026-05-17T20:26:55.720+02:00 DEBUG 6611 --- [catastrophe-profiles] [           main] org.hibernate.SQL                        : 
    select
        he1_0.id 
    from
        humans he1_0 
    where
        he1_0.email=? 
    fetch
        first ? rows only
2026-05-17T20:26:55.793+02:00 DEBUG 6611 --- [catastrophe-profiles] [           main] org.hibernate.SQL                        : 
    select
        he1_0.id,
        he1_0.active,
        he1_0.created_at,
        he1_0.display_name,
        he1_0.email,
        he1_0.last_login,
        he1_0.password_hash,
        he1_0.username 
    from
        humans he1_0 
    where
        he1_0.id=?
2026-05-17T20:26:55.794+02:00 DEBUG 6611 --- [catastrophe-profiles] [           main] org.hibernate.SQL                        : 
    insert 
    into
        humans
        (active, created_at, display_name, email, last_login, password_hash, username, id) 
    values
        (?, ?, ?, ?, ?, ?, ?, ?)
2026-05-17T20:26:55.797+02:00 DEBUG 6611 --- [catastrophe-profiles] [           main] o.s.security.web.FilterChainProxy        : Securing POST /api/v1/auth/login
2026-05-17T20:26:55.797+02:00 DEBUG 6611 --- [catastrophe-profiles] [           main] o.s.s.w.a.AnonymousAuthenticationFilter  : Set SecurityContextHolder to anonymous SecurityContext
2026-05-17T20:26:55.797+02:00 DEBUG 6611 --- [catastrophe-profiles] [           main] o.s.security.web.FilterChainProxy        : Secured POST /api/v1/auth/login
2026-05-17T20:26:55.798+02:00 DEBUG 6611 --- [catastrophe-profiles] [           main] org.hibernate.SQL                        : 
    select
        he1_0.id,
        he1_0.active,
        he1_0.created_at,
        he1_0.display_name,
        he1_0.email,
        he1_0.last_login,
        he1_0.password_hash,
        he1_0.username 
    from
        humans he1_0 
    where
        he1_0.username=?
2026-05-17T20:26:55.868+02:00 DEBUG 6611 --- [catastrophe-profiles] [           main] o.s.s.a.dao.DaoAuthenticationProvider    : Authenticated user
2026-05-17T20:26:55.869+02:00 DEBUG 6611 --- [catastrophe-profiles] [           main] org.hibernate.SQL                        : 
    select
        he1_0.id,
        he1_0.active,
        he1_0.created_at,
        he1_0.display_name,
        he1_0.email,
        he1_0.last_login,
        he1_0.password_hash,
        he1_0.username 
    from
        humans he1_0 
    where
        he1_0.username=?
2026-05-17T20:26:55.874+02:00 DEBUG 6611 --- [catastrophe-profiles] [           main] o.s.security.web.FilterChainProxy        : Securing POST /api/v1/cats
2026-05-17T20:26:55.875+02:00 DEBUG 6611 --- [catastrophe-profiles] [           main] w.c.HttpSessionSecurityContextRepository : Retrieved SecurityContextImpl [Authentication=UsernamePasswordAuthenticationToken [Principal=org.springframework.security.core.userdetails.User [Username=publicviewer, Password=[PROTECTED], Enabled=true, AccountNonExpired=true, CredentialsNonExpired=true, AccountNonLocked=true, Granted Authorities=[ROLE_HUMAN]], Credentials=[PROTECTED], Authenticated=true, Details=null, Granted Authorities=[ROLE_HUMAN]]]
2026-05-17T20:26:55.875+02:00 DEBUG 6611 --- [catastrophe-profiles] [           main] o.s.security.web.FilterChainProxy        : Secured POST /api/v1/cats
2026-05-17T20:26:55.876+02:00 DEBUG 6611 --- [catastrophe-profiles] [           main] org.hibernate.SQL                        : 
    select
        he1_0.id,
        he1_0.active,
        he1_0.created_at,
        he1_0.display_name,
        he1_0.email,
        he1_0.last_login,
        he1_0.password_hash,
        he1_0.username 
    from
        humans he1_0 
    where
        he1_0.username=?
2026-05-17T20:26:55.877+02:00 DEBUG 6611 --- [catastrophe-profiles] [           main] org.hibernate.SQL                        : 
    select
        ce1_0.id 
    from
        cats ce1_0 
    where
        ce1_0.human_id=? 
        and ce1_0.name=? 
    fetch
        first ? rows only
2026-05-17T20:26:56.100+02:00 DEBUG 6611 --- [catastrophe-profiles] [           main] org.hibernate.SQL                        : 
    select
        ce1_0.id,
        ce1_0.age_months,
        ce1_0.avatar_url,
        ce1_0.bio,
        ce1_0.breed,
        ce1_0.created_at,
        ce1_0.human_id,
        ce1_0.level,
        ce1_0.mood,
        ce1_0.name,
        ce1_0.updated_at,
        ce1_0.xp 
    from
        cats ce1_0 
    where
        ce1_0.id=?
2026-05-17T20:26:56.103+02:00 DEBUG 6611 --- [catastrophe-profiles] [           main] c.c.p.a.o.messaging.KafkaEventPublisher  : Publicando evento CatCreated en topic 'catastrophe.profiles' con key '9d87d372-9934-4ee8-8c53-2d03e0f3888e'
2026-05-17T20:26:56.104+02:00 DEBUG 6611 --- [catastrophe-profiles] [           main] org.hibernate.SQL                        : 
    insert 
    into
        cats
        (age_months, avatar_url, bio, breed, created_at, human_id, level, mood, name, updated_at, xp, id) 
    values
        (?, ?, ?, ?, ?, ?, ?, ?, ?, ?, ?, ?)
2026-05-17T20:26:56.110+02:00 DEBUG 6611 --- [catastrophe-profiles] [iles-producer-1] c.c.p.a.o.messaging.KafkaEventPublisher  : Evento CatCreated publicado con offset 7
2026-05-17T20:26:56.116+02:00 DEBUG 6611 --- [catastrophe-profiles] [           main] o.s.security.web.FilterChainProxy        : Securing GET /api/v1/cats/9d87d372-9934-4ee8-8c53-2d03e0f3888e
2026-05-17T20:26:56.116+02:00 DEBUG 6611 --- [catastrophe-profiles] [           main] o.s.s.w.a.AnonymousAuthenticationFilter  : Set SecurityContextHolder to anonymous SecurityContext
2026-05-17T20:26:56.117+02:00 DEBUG 6611 --- [catastrophe-profiles] [           main] o.s.security.web.FilterChainProxy        : Secured GET /api/v1/cats/9d87d372-9934-4ee8-8c53-2d03e0f3888e
2026-05-17T20:26:56.118+02:00 DEBUG 6611 --- [catastrophe-profiles] [           main] org.hibernate.SQL                        : 
    select
        ce1_0.id,
        ce1_0.age_months,
        ce1_0.avatar_url,
        ce1_0.bio,
        ce1_0.breed,
        ce1_0.created_at,
        ce1_0.human_id,
        ce1_0.level,
        ce1_0.mood,
        ce1_0.name,
        ce1_0.updated_at,
        ce1_0.xp 
    from
        cats ce1_0 
    where
        ce1_0.id=?
]]></system-out>
  </testcase>
</testsuite>