<?xml version="1.0" encoding="UTF-8"?>
<testsuite xmlns:xsi="http://www.w3.org/2001/XMLSchema-instance" xsi:noNamespaceSchemaLocation="https://maven.apache.org/surefire/maven-surefire-plugin/xsd/surefire-test-report.xsd" version="3.0.2" name="com.catastrophe.profiles.adapter.out.persistence.PersistenceIntegrationTest$CatPersistence" time="1.947" tests="5" errors="0" skipped="0" failures="0">
  <properties>
[...]
</properties>
  <testcase name="existsByHumanIdAndName" classname="com.catastrophe.profiles.adapter.out.persistence.PersistenceIntegrationTest$CatPersistence" time="0.398">
    <system-out><![CDATA[20:15:46.574 [main] INFO org.springframework.test.context.support.AnnotationConfigContextLoaderUtils -- Could not detect default configuration classes for test class [com.catastrophe.profiles.adapter.out.persistence.PersistenceIntegrationTest]: PersistenceIntegrationTest does not declare any static, non-private, non-final, nested classes annotated with @Configuration.
20:15:46.639 [main] INFO org.springframework.boot.test.context.SpringBootTestContextBootstrapper -- Found @SpringBootConfiguration com.catastrophe.profiles.ProfilesApplication for test class com.catastrophe.profiles.adapter.out.persistence.PersistenceIntegrationTest
20:15:46.663 [main] INFO org.testcontainers.images.PullPolicy -- Image pull policy will be performed by: DefaultPullPolicy()
20:15:46.664 [main] INFO org.testcontainers.utility.ImageNameSubstitutor -- Image name substitution will be performed by: DefaultImageNameSubstitutor (composite of 'ConfigurationFileImageNameSubstitutor' and 'PrefixingImageNameSubstitutor')
20:15:46.685 [main] INFO org.testcontainers.DockerClientFactory -- Testcontainers version: 1.20.4
20:15:46.777 [main] INFO org.testcontainers.dockerclient.DockerClientProviderStrategy -- Loaded org.testcontainers.dockerclient.UnixSocketClientProviderStrategy from ~/.testcontainers.properties, will try it first
20:15:46.969 [main] INFO org.testcontainers.dockerclient.DockerClientProviderStrategy -- Found Docker environment with local Unix socket (unix:///var/run/docker.sock)
20:15:46.970 [main] INFO org.testcontainers.DockerClientFactory -- Docker host IP address is localhost
20:15:47.003 [main] INFO org.testcontainers.DockerClientFactory -- Connected to docker: 
  Server Version: 5.3.2
  API Version: 1.41
  Operating System: fedora
  Total Memory: 3616 MB
20:15:47.052 [main] INFO tc.testcontainers/ryuk:0.11.0 -- Creating container for image: testcontainers/ryuk:0.11.0
20:15:47.101 [main] INFO tc.testcontainers/ryuk:0.11.0 -- Container testcontainers/ryuk:0.11.0 is starting: 5c2ba43351b86ab6925cf388aa16b80502e713f800aa18b513ff92b782fead67
20:15:47.296 [main] INFO tc.testcontainers/ryuk:0.11.0 -- Container testcontainers/ryuk:0.11.0 started in PT0.244636S
20:15:47.299 [main] INFO org.testcontainers.utility.RyukResourceReaper -- Ryuk started - will monitor and terminate Testcontainers containers on JVM exit
20:15:47.300 [main] INFO org.testcontainers.DockerClientFactory -- Checking the system...
20:15:47.300 [main] INFO org.testcontainers.DockerClientFactory -- ✔︎ Docker server version should be at least 1.6.0
20:15:47.304 [main] INFO tc.postgres:16-alpine -- Creating container for image: postgres:16-alpine
20:15:47.315 [main] INFO tc.postgres:16-alpine -- Container postgres:16-alpine is starting: 94f125f2a714a43842106e9fe36e6cad49a6e370847f2c14f8a391219045596c
20:15:48.171 [main] INFO tc.postgres:16-alpine -- Container postgres:16-alpine started in PT0.866142S
20:15:48.171 [main] INFO tc.postgres:16-alpine -- Container is started (JDBC URL: jdbc:postgresql://localhost:39583/catastrophe_profiles?loggerLevel=OFF)
20:15:48.182 [main] INFO org.springframework.test.context.support.AnnotationConfigContextLoaderUtils -- Could not detect default configuration classes for test class [com.catastrophe.profiles.adapter.out.persistence.PersistenceIntegrationTest$CatPersistence]: CatPersistence does not declare any static, non-private, non-final, nested classes annotated with @Configuration.
20:15:48.193 [main] INFO org.springframework.boot.test.context.SpringBootTestContextBootstrapper -- Found @SpringBootConfiguration com.catastrophe.profiles.ProfilesApplication for test class com.catastrophe.profiles.adapter.out.persistence.PersistenceIntegrationTest$CatPersistence

  .   ____          _            __ _ _
 /\\ / ___'_ __ _ _(_)_ __  __ _ \ \ \ \
( ( )\___ | '_ | '_| | '_ \/ _` | \ \ \ \
 \\/  ___)| |_)| | | | | || (_| |  ) ) ) )
  '  |____| .__|_| |_|_| |_\__, | / / / /
 =========|_|==============|___/=/_/_/_/

 :: Spring Boot ::                (v3.4.4)

2026-05-17T20:15:48.366+02:00  INFO 4750 --- [catastrophe-profiles] [           main] c.c.p.a.o.p.PersistenceIntegrationTest   : Starting PersistenceIntegrationTest using Java 21.0.9 with PID 4750 (started by srebagli in /Users/srebagli/Projects/CATastrophe/catastrophe-profiles)
2026-05-17T20:15:48.367+02:00 DEBUG 4750 --- [catastrophe-profiles] [           main] c.c.p.a.o.p.PersistenceIntegrationTest   : Running with Spring Boot v3.4.4, Spring v6.2.5
2026-05-17T20:15:48.367+02:00  INFO 4750 --- [catastrophe-profiles] [           main] c.c.p.a.o.p.PersistenceIntegrationTest   : No active profile set, falling back to 1 default profile: "default"
2026-05-17T20:15:48.526+02:00  INFO 4750 --- [catastrophe-profiles] [           main] .s.d.r.c.RepositoryConfigurationDelegate : Multiple Spring Data modules found, entering strict repository configuration mode
2026-05-17T20:15:48.526+02:00  INFO 4750 --- [catastrophe-profiles] [           main] .s.d.r.c.RepositoryConfigurationDelegate : Bootstrapping Spring Data JPA repositories in DEFAULT mode.
2026-05-17T20:15:48.590+02:00  INFO 4750 --- [catastrophe-profiles] [           main] .s.d.r.c.RepositoryConfigurationDelegate : Finished Spring Data repository scanning in 60 ms. Found 3 JPA repository interfaces.
2026-05-17T20:15:48.727+02:00  INFO 4750 --- [catastrophe-profiles] [           main] com.zaxxer.hikari.HikariDataSource       : HikariPool-1 - Starting...
2026-05-17T20:15:48.815+02:00  INFO 4750 --- [catastrophe-profiles] [           main] com.zaxxer.hikari.pool.HikariPool        : HikariPool-1 - Added connection org.postgresql.jdbc.PgConnection@66ab924
2026-05-17T20:15:48.815+02:00  INFO 4750 --- [catastrophe-profiles] [           main] com.zaxxer.hikari.HikariDataSource       : HikariPool-1 - Start completed.
2026-05-17T20:15:48.828+02:00  INFO 4750 --- [catastrophe-profiles] [           main] org.flywaydb.core.FlywayExecutor         : Database: jdbc:postgresql://localhost:39583/catastrophe_profiles?loggerLevel=OFF (PostgreSQL 16.13)
2026-05-17T20:15:48.852+02:00  INFO 4750 --- [catastrophe-profiles] [           main] o.f.c.i.s.JdbcTableSchemaHistory         : Schema history table "public"."flyway_schema_history" does not exist yet
2026-05-17T20:15:48.853+02:00  INFO 4750 --- [catastrophe-profiles] [           main] o.f.core.internal.command.DbValidate     : Successfully validated 1 migration (execution time 00:00.009s)
2026-05-17T20:15:48.865+02:00  INFO 4750 --- [catastrophe-profiles] [           main] o.f.c.i.s.JdbcTableSchemaHistory         : Creating Schema History table "public"."flyway_schema_history" ...
2026-05-17T20:15:48.896+02:00  INFO 4750 --- [catastrophe-profiles] [           main] o.f.core.internal.command.DbMigrate      : Current version of schema "public": << Empty Schema >>
2026-05-17T20:15:48.902+02:00  INFO 4750 --- [catastrophe-profiles] [           main] o.f.core.internal.command.DbMigrate      : Migrating schema "public" to version "1 - create identity tables"
2026-05-17T20:15:48.925+02:00  INFO 4750 --- [catastrophe-profiles] [           main] o.f.core.internal.command.DbMigrate      : Successfully applied 1 migration to schema "public", now at version v1 (execution time 00:00.015s)
2026-05-17T20:15:48.970+02:00  INFO 4750 --- [catastrophe-profiles] [           main] o.hibernate.jpa.internal.util.LogHelper  : HHH000204: Processing PersistenceUnitInfo [name: default]
2026-05-17T20:15:48.995+02:00  INFO 4750 --- [catastrophe-profiles] [           main] org.hibernate.Version                    : HHH000412: Hibernate ORM core version 6.6.11.Final
2026-05-17T20:15:49.009+02:00  INFO 4750 --- [catastrophe-profiles] [           main] o.h.c.internal.RegionFactoryInitiator    : HHH000026: Second-level cache disabled
2026-05-17T20:15:49.119+02:00  INFO 4750 --- [catastrophe-profiles] [           main] o.s.o.j.p.SpringPersistenceUnitInfo      : No LoadTimeWeaver setup: ignoring JPA class transformer
2026-05-17T20:15:49.143+02:00  WARN 4750 --- [catastrophe-profiles] [           main] org.hibernate.orm.deprecation            : HHH90000025: PostgreSQLDialect does not need to be specified explicitly using 'hibernate.dialect' (remove the property setting and it will be selected by default)
2026-05-17T20:15:49.150+02:00  INFO 4750 --- [catastrophe-profiles] [           main] org.hibernate.orm.connections.pooling    : HHH10001005: Database info:
	Database JDBC URL [Connecting through datasource 'HikariDataSource (HikariPool-1)']
	Database driver: undefined/unknown
	Database version: 16.13
	Autocommit mode: undefined/unknown
	Isolation level: undefined/unknown
	Minimum pool size: undefined/unknown
	Maximum pool size: undefined/unknown
2026-05-17T20:15:49.507+02:00  INFO 4750 --- [catastrophe-profiles] [           main] o.h.e.t.j.p.i.JtaPlatformInitiator       : HHH000489: No JTA platform available (set 'hibernate.transaction.jta.platform' to enable JTA platform integration)
2026-05-17T20:15:49.530+02:00  INFO 4750 --- [catastrophe-profiles] [           main] j.LocalContainerEntityManagerFactoryBean : Initialized JPA EntityManagerFactory for persistence unit 'default'
2026-05-17T20:15:49.668+02:00  INFO 4750 --- [catastrophe-profiles] [           main] c.c.p.a.o.p.PersistenceIntegrationTest   : Started PersistenceIntegrationTest in 1.45 seconds (process running for 3.445)
2026-05-17T20:15:50.017+02:00 DEBUG 4750 --- [catastrophe-profiles] [           main] org.hibernate.SQL                        : 
    select
        ce1_0.id,
        ce1_0.age_months,
        ce1_0.avatar_url,
        ce1_0.bio,
        ce1_0.breed,
        ce1_0.created_at,
        ce1_0.human_id,
        ce1_0.level,
        ce1_0.mood,
        ce1_0.name,
        ce1_0.updated_at,
        ce1_0.xp 
    from
        cats ce1_0
Hibernate: 
    select
        ce1_0.id,
        ce1_0.age_months,
        ce1_0.avatar_url,
        ce1_0.bio,
        ce1_0.breed,
        ce1_0.created_at,
        ce1_0.human_id,
        ce1_0.level,
        ce1_0.mood,
        ce1_0.name,
        ce1_0.updated_at,
        ce1_0.xp 
    from
        cats ce1_0
2026-05-17T20:15:50.026+02:00 DEBUG 4750 --- [catastrophe-profiles] [           main] org.hibernate.SQL                        : 
    select
        he1_0.id,
        he1_0.active,
        he1_0.created_at,
        he1_0.display_name,
        he1_0.email,
        he1_0.last_login,
        he1_0.password_hash,
        he1_0.username 
    from
        humans he1_0
Hibernate: 
    select
        he1_0.id,
        he1_0.active,
        he1_0.created_at,
        he1_0.display_name,
        he1_0.email,
        he1_0.last_login,
        he1_0.password_hash,
        he1_0.username 
    from
        humans he1_0
2026-05-17T20:15:50.032+02:00 DEBUG 4750 --- [catastrophe-profiles] [           main] org.hibernate.SQL                        : 
    select
        he1_0.id,
        he1_0.active,
        he1_0.created_at,
        he1_0.display_name,
        he1_0.email,
        he1_0.last_login,
        he1_0.password_hash,
        he1_0.username 
    from
        humans he1_0 
    where
        he1_0.id=?
Hibernate: 
    select
        he1_0.id,
        he1_0.active,
        he1_0.created_at,
        he1_0.display_name,
        he1_0.email,
        he1_0.last_login,
        he1_0.password_hash,
        he1_0.username 
    from
        humans he1_0 
    where
        he1_0.id=?
2026-05-17T20:15:50.039+02:00 DEBUG 4750 --- [catastrophe-profiles] [           main] org.hibernate.SQL                        : 
    select
        ce1_0.id,
        ce1_0.age_months,
        ce1_0.avatar_url,
        ce1_0.bio,
        ce1_0.breed,
        ce1_0.created_at,
        ce1_0.human_id,
        ce1_0.level,
        ce1_0.mood,
        ce1_0.name,
        ce1_0.updated_at,
        ce1_0.xp 
    from
        cats ce1_0 
    where
        ce1_0.id=?
Hibernate: 
    select
        ce1_0.id,
        ce1_0.age_months,
        ce1_0.avatar_url,
        ce1_0.bio,
        ce1_0.breed,
        ce1_0.created_at,
        ce1_0.human_id,
        ce1_0.level,
        ce1_0.mood,
        ce1_0.name,
        ce1_0.updated_at,
        ce1_0.xp 
    from
        cats ce1_0 
    where
        ce1_0.id=?
2026-05-17T20:15:50.052+02:00 DEBUG 4750 --- [catastrophe-profiles] [           main] org.hibernate.SQL                        : 
    insert 
    into
        humans
        (active, created_at, display_name, email, last_login, password_hash, username, id) 
    values
        (?, ?, ?, ?, ?, ?, ?, ?)
Hibernate: 
    insert 
    into
        humans
        (active, created_at, display_name, email, last_login, password_hash, username, id) 
    values
        (?, ?, ?, ?, ?, ?, ?, ?)
2026-05-17T20:15:50.055+02:00 DEBUG 4750 --- [catastrophe-profiles] [           main] org.hibernate.SQL                        : 
    insert 
    into
        cats
        (age_months, avatar_url, bio, breed, created_at, human_id, level, mood, name, updated_at, xp, id) 
    values
        (?, ?, ?, ?, ?, ?, ?, ?, ?, ?, ?, ?)
Hibernate: 
    insert 
    into
        cats
        (age_months, avatar_url, bio, breed, created_at, human_id, level, mood, name, updated_at, xp, id) 
    values
        (?, ?, ?, ?, ?, ?, ?, ?, ?, ?, ?, ?)
2026-05-17T20:15:50.057+02:00 DEBUG 4750 --- [catastrophe-profiles] [           main] org.hibernate.SQL                        : 
    select
        ce1_0.id 
    from
        cats ce1_0 
    where
        ce1_0.human_id=? 
        and ce1_0.name=? 
    fetch
        first ? rows only
Hibernate: 
    select
        ce1_0.id 
    from
        cats ce1_0 
    where
        ce1_0.human_id=? 
        and ce1_0.name=? 
    fetch
        first ? rows only
2026-05-17T20:15:50.062+02:00 DEBUG 4750 --- [catastrophe-profiles] [           main] org.hibernate.SQL                        : 
    select
        ce1_0.id 
    from
        cats ce1_0 
    where
        ce1_0.human_id=? 
        and ce1_0.name=? 
    fetch
        first ? rows only
Hibernate: 
    select
        ce1_0.id 
    from
        cats ce1_0 
    where
        ce1_0.human_id=? 
        and ce1_0.name=? 
    fetch
        first ? rows only
]]></system-out>
    <system-err><![CDATA[Mockito is currently self-attaching to enable the inline-mock-maker. This will no longer work in future releases of the JDK. Please add Mockito as an agent to your build what is described in Mockito's documentation: https://javadoc.io/doc/org.mockito/mockito-core/latest/org/mockito/Mockito.html#0.3
WARNING: A Java agent has been loaded dynamically (/Users/srebagli/.m2/repository/net/bytebuddy/byte-buddy-agent/1.15.11/byte-buddy-agent-1.15.11.jar)
WARNING: If a serviceability tool is in use, please run with -XX:+EnableDynamicAgentLoading to hide this warning
WARNING: If a serviceability tool is not in use, please run with -Djdk.instrument.traceUsage for more information
WARNING: Dynamic loading of agents will be disallowed by default in a future release
]]></system-err>
  </testcase>
  <testcase name="findByHumanId" classname="com.catastrophe.profiles.adapter.out.persistence.PersistenceIntegrationTest$CatPersistence" time="0.016">
    <system-out><![CDATA[2026-05-17T20:15:50.072+02:00 DEBUG 4750 --- [catastrophe-profiles] [           main] org.hibernate.SQL                        : 
    select
        ce1_0.id,
        ce1_0.age_months,
        ce1_0.avatar_url,
        ce1_0.bio,
        ce1_0.breed,
        ce1_0.created_at,
        ce1_0.human_id,
        ce1_0.level,
        ce1_0.mood,
        ce1_0.name,
        ce1_0.updated_at,
        ce1_0.xp 
    from
        cats ce1_0
Hibernate: 
    select
        ce1_0.id,
        ce1_0.age_months,
        ce1_0.avatar_url,
        ce1_0.bio,
        ce1_0.breed,
        ce1_0.created_at,
        ce1_0.human_id,
        ce1_0.level,
        ce1_0.mood,
        ce1_0.name,
        ce1_0.updated_at,
        ce1_0.xp 
    from
        cats ce1_0
2026-05-17T20:15:50.073+02:00 DEBUG 4750 --- [catastrophe-profiles] [           main] org.hibernate.SQL                        : 
    select
        he1_0.id,
        he1_0.active,
        he1_0.created_at,
        he1_0.display_name,
        he1_0.email,
        he1_0.last_login,
        he1_0.password_hash,
        he1_0.username 
    from
        humans he1_0
Hibernate: 
    select
        he1_0.id,
        he1_0.active,
        he1_0.created_at,
        he1_0.display_name,
        he1_0.email,
        he1_0.last_login,
        he1_0.password_hash,
        he1_0.username 
    from
        humans he1_0
2026-05-17T20:15:50.074+02:00 DEBUG 4750 --- [catastrophe-profiles] [           main] org.hibernate.SQL                        : 
    select
        he1_0.id,
        he1_0.active,
        he1_0.created_at,
        he1_0.display_name,
        he1_0.email,
        he1_0.last_login,
        he1_0.password_hash,
        he1_0.username 
    from
        humans he1_0 
    where
        he1_0.id=?
Hibernate: 
    select
        he1_0.id,
        he1_0.active,
        he1_0.created_at,
        he1_0.display_name,
        he1_0.email,
        he1_0.last_login,
        he1_0.password_hash,
        he1_0.username 
    from
        humans he1_0 
    where
        he1_0.id=?
2026-05-17T20:15:50.076+02:00 DEBUG 4750 --- [catastrophe-profiles] [           main] org.hibernate.SQL                        : 
    select
        ce1_0.id,
        ce1_0.age_months,
        ce1_0.avatar_url,
        ce1_0.bio,
        ce1_0.breed,
        ce1_0.created_at,
        ce1_0.human_id,
        ce1_0.level,
        ce1_0.mood,
        ce1_0.name,
        ce1_0.updated_at,
        ce1_0.xp 
    from
        cats ce1_0 
    where
        ce1_0.id=?
Hibernate: 
    select
        ce1_0.id,
        ce1_0.age_months,
        ce1_0.avatar_url,
        ce1_0.bio,
        ce1_0.breed,
        ce1_0.created_at,
        ce1_0.human_id,
        ce1_0.level,
        ce1_0.mood,
        ce1_0.name,
        ce1_0.updated_at,
        ce1_0.xp 
    from
        cats ce1_0 
    where
        ce1_0.id=?
2026-05-17T20:15:50.077+02:00 DEBUG 4750 --- [catastrophe-profiles] [           main] org.hibernate.SQL                        : 
    select
        ce1_0.id,
        ce1_0.age_months,
        ce1_0.avatar_url,
        ce1_0.bio,
        ce1_0.breed,
        ce1_0.created_at,
        ce1_0.human_id,
        ce1_0.level,
        ce1_0.mood,
        ce1_0.name,
        ce1_0.updated_at,
        ce1_0.xp 
    from
        cats ce1_0 
    where
        ce1_0.id=?
Hibernate: 
    select
        ce1_0.id,
        ce1_0.age_months,
        ce1_0.avatar_url,
        ce1_0.bio,
        ce1_0.breed,
        ce1_0.created_at,
        ce1_0.human_id,
        ce1_0.level,
        ce1_0.mood,
        ce1_0.name,
        ce1_0.updated_at,
        ce1_0.xp 
    from
        cats ce1_0 
    where
        ce1_0.id=?
2026-05-17T20:15:50.079+02:00 DEBUG 4750 --- [catastrophe-profiles] [           main] org.hibernate.SQL                        : 
    insert 
    into
        humans
        (active, created_at, display_name, email, last_login, password_hash, username, id) 
    values
        (?, ?, ?, ?, ?, ?, ?, ?)
Hibernate: 
    insert 
    into
        humans
        (active, created_at, display_name, email, last_login, password_hash, username, id) 
    values
        (?, ?, ?, ?, ?, ?, ?, ?)
2026-05-17T20:15:50.080+02:00 DEBUG 4750 --- [catastrophe-profiles] [           main] org.hibernate.SQL                        : 
    insert 
    into
        cats
        (age_months, avatar_url, bio, breed, created_at, human_id, level, mood, name, updated_at, xp, id) 
    values
        (?, ?, ?, ?, ?, ?, ?, ?, ?, ?, ?, ?)
Hibernate: 
    insert 
    into
        cats
        (age_months, avatar_url, bio, breed, created_at, human_id, level, mood, name, updated_at, xp, id) 
    values
        (?, ?, ?, ?, ?, ?, ?, ?, ?, ?, ?, ?)
2026-05-17T20:15:50.081+02:00 DEBUG 4750 --- [catastrophe-profiles] [           main] org.hibernate.SQL                        : 
    insert 
    into
        cats
        (age_months, avatar_url, bio, breed, created_at, human_id, level, mood, name, updated_at, xp, id) 
    values
        (?, ?, ?, ?, ?, ?, ?, ?, ?, ?, ?, ?)
Hibernate: 
    insert 
    into
        cats
        (age_months, avatar_url, bio, breed, created_at, human_id, level, mood, name, updated_at, xp, id) 
    values
        (?, ?, ?, ?, ?, ?, ?, ?, ?, ?, ?, ?)
2026-05-17T20:15:50.082+02:00 DEBUG 4750 --- [catastrophe-profiles] [           main] org.hibernate.SQL                        : 
    select
        ce1_0.id,
        ce1_0.age_months,
        ce1_0.avatar_url,
        ce1_0.bio,
        ce1_0.breed,
        ce1_0.created_at,
        ce1_0.human_id,
        ce1_0.level,
        ce1_0.mood,
        ce1_0.name,
        ce1_0.updated_at,
        ce1_0.xp 
    from
        cats ce1_0 
    where
        ce1_0.human_id=?
Hibernate: 
    select
        ce1_0.id,
        ce1_0.age_months,
        ce1_0.avatar_url,
        ce1_0.bio,
        ce1_0.breed,
        ce1_0.created_at,
        ce1_0.human_id,
        ce1_0.level,
        ce1_0.mood,
        ce1_0.name,
        ce1_0.updated_at,
        ce1_0.xp 
    from
        cats ce1_0 
    where
        ce1_0.human_id=?
]]></system-out>
  </testcase>
  <testcase name="sameNameDifferentHumans" classname="com.catastrophe.profiles.adapter.out.persistence.PersistenceIntegrationTest$CatPersistence" time="0.017">
    <system-out><![CDATA[2026-05-17T20:15:50.088+02:00 DEBUG 4750 --- [catastrophe-profiles] [           main] org.hibernate.SQL                        : 
    select
        ce1_0.id,
        ce1_0.age_months,
        ce1_0.avatar_url,
        ce1_0.bio,
        ce1_0.breed,
        ce1_0.created_at,
        ce1_0.human_id,
        ce1_0.level,
        ce1_0.mood,
        ce1_0.name,
        ce1_0.updated_at,
        ce1_0.xp 
    from
        cats ce1_0
Hibernate: 
    select
        ce1_0.id,
        ce1_0.age_months,
        ce1_0.avatar_url,
        ce1_0.bio,
        ce1_0.breed,
        ce1_0.created_at,
        ce1_0.human_id,
        ce1_0.level,
        ce1_0.mood,
        ce1_0.name,
        ce1_0.updated_at,
        ce1_0.xp 
    from
        cats ce1_0
2026-05-17T20:15:50.089+02:00 DEBUG 4750 --- [catastrophe-profiles] [           main] org.hibernate.SQL                        : 
    select
        he1_0.id,
        he1_0.active,
        he1_0.created_at,
        he1_0.display_name,
        he1_0.email,
        he1_0.last_login,
        he1_0.password_hash,
        he1_0.username 
    from
        humans he1_0
Hibernate: 
    select
        he1_0.id,
        he1_0.active,
        he1_0.created_at,
        he1_0.display_name,
        he1_0.email,
        he1_0.last_login,
        he1_0.password_hash,
        he1_0.username 
    from
        humans he1_0
2026-05-17T20:15:50.090+02:00 DEBUG 4750 --- [catastrophe-profiles] [           main] org.hibernate.SQL                        : 
    select
        he1_0.id,
        he1_0.active,
        he1_0.created_at,
        he1_0.display_name,
        he1_0.email,
        he1_0.last_login,
        he1_0.password_hash,
        he1_0.username 
    from
        humans he1_0 
    where
        he1_0.id=?
Hibernate: 
    select
        he1_0.id,
        he1_0.active,
        he1_0.created_at,
        he1_0.display_name,
        he1_0.email,
        he1_0.last_login,
        he1_0.password_hash,
        he1_0.username 
    from
        humans he1_0 
    where
        he1_0.id=?
2026-05-17T20:15:50.091+02:00 DEBUG 4750 --- [catastrophe-profiles] [           main] org.hibernate.SQL                        : 
    select
        he1_0.id,
        he1_0.active,
        he1_0.created_at,
        he1_0.display_name,
        he1_0.email,
        he1_0.last_login,
        he1_0.password_hash,
        he1_0.username 
    from
        humans he1_0 
    where
        he1_0.id=?
Hibernate: 
    select
        he1_0.id,
        he1_0.active,
        he1_0.created_at,
        he1_0.display_name,
        he1_0.email,
        he1_0.last_login,
        he1_0.password_hash,
        he1_0.username 
    from
        humans he1_0 
    where
        he1_0.id=?
2026-05-17T20:15:50.092+02:00 DEBUG 4750 --- [catastrophe-profiles] [           main] org.hibernate.SQL                        : 
    select
        ce1_0.id,
        ce1_0.age_months,
        ce1_0.avatar_url,
        ce1_0.bio,
        ce1_0.breed,
        ce1_0.created_at,
        ce1_0.human_id,
        ce1_0.level,
        ce1_0.mood,
        ce1_0.name,
        ce1_0.updated_at,
        ce1_0.xp 
    from
        cats ce1_0 
    where
        ce1_0.id=?
Hibernate: 
    select
        ce1_0.id,
        ce1_0.age_months,
        ce1_0.avatar_url,
        ce1_0.bio,
        ce1_0.breed,
        ce1_0.created_at,
        ce1_0.human_id,
        ce1_0.level,
        ce1_0.mood,
        ce1_0.name,
        ce1_0.updated_at,
        ce1_0.xp 
    from
        cats ce1_0 
    where
        ce1_0.id=?
2026-05-17T20:15:50.093+02:00 DEBUG 4750 --- [catastrophe-profiles] [           main] org.hibernate.SQL                        : 
    select
        ce1_0.id,
        ce1_0.age_months,
        ce1_0.avatar_url,
        ce1_0.bio,
        ce1_0.breed,
        ce1_0.created_at,
        ce1_0.human_id,
        ce1_0.level,
        ce1_0.mood,
        ce1_0.name,
        ce1_0.updated_at,
        ce1_0.xp 
    from
        cats ce1_0 
    where
        ce1_0.id=?
Hibernate: 
    select
        ce1_0.id,
        ce1_0.age_months,
        ce1_0.avatar_url,
        ce1_0.bio,
        ce1_0.breed,
        ce1_0.created_at,
        ce1_0.human_id,
        ce1_0.level,
        ce1_0.mood,
        ce1_0.name,
        ce1_0.updated_at,
        ce1_0.xp 
    from
        cats ce1_0 
    where
        ce1_0.id=?
2026-05-17T20:15:50.094+02:00 DEBUG 4750 --- [catastrophe-profiles] [           main] org.hibernate.SQL                        : 
    insert 
    into
        humans
        (active, created_at, display_name, email, last_login, password_hash, username, id) 
    values
        (?, ?, ?, ?, ?, ?, ?, ?)
Hibernate: 
    insert 
    into
        humans
        (active, created_at, display_name, email, last_login, password_hash, username, id) 
    values
        (?, ?, ?, ?, ?, ?, ?, ?)
2026-05-17T20:15:50.095+02:00 DEBUG 4750 --- [catastrophe-profiles] [           main] org.hibernate.SQL                        : 
    insert 
    into
        humans
        (active, created_at, display_name, email, last_login, password_hash, username, id) 
    values
        (?, ?, ?, ?, ?, ?, ?, ?)
Hibernate: 
    insert 
    into
        humans
        (active, created_at, display_name, email, last_login, password_hash, username, id) 
    values
        (?, ?, ?, ?, ?, ?, ?, ?)
2026-05-17T20:15:50.096+02:00 DEBUG 4750 --- [catastrophe-profiles] [           main] org.hibernate.SQL                        : 
    insert 
    into
        cats
        (age_months, avatar_url, bio, breed, created_at, human_id, level, mood, name, updated_at, xp, id) 
    values
        (?, ?, ?, ?, ?, ?, ?, ?, ?, ?, ?, ?)
Hibernate: 
    insert 
    into
        cats
        (age_months, avatar_url, bio, breed, created_at, human_id, level, mood, name, updated_at, xp, id) 
    values
        (?, ?, ?, ?, ?, ?, ?, ?, ?, ?, ?, ?)
2026-05-17T20:15:50.097+02:00 DEBUG 4750 --- [catastrophe-profiles] [           main] org.hibernate.SQL                        : 
    insert 
    into
        cats
        (age_months, avatar_url, bio, breed, created_at, human_id, level, mood, name, updated_at, xp, id) 
    values
        (?, ?, ?, ?, ?, ?, ?, ?, ?, ?, ?, ?)
Hibernate: 
    insert 
    into
        cats
        (age_months, avatar_url, bio, breed, created_at, human_id, level, mood, name, updated_at, xp, id) 
    values
        (?, ?, ?, ?, ?, ?, ?, ?, ?, ?, ?, ?)
2026-05-17T20:15:50.098+02:00 DEBUG 4750 --- [catastrophe-profiles] [           main] org.hibernate.SQL                        : 
    select
        ce1_0.id,
        ce1_0.age_months,
        ce1_0.avatar_url,
        ce1_0.bio,
        ce1_0.breed,
        ce1_0.created_at,
        ce1_0.human_id,
        ce1_0.level,
        ce1_0.mood,
        ce1_0.name,
        ce1_0.updated_at,
        ce1_0.xp 
    from
        cats ce1_0 
    where
        ce1_0.human_id=?
Hibernate: 
    select
        ce1_0.id,
        ce1_0.age_months,
        ce1_0.avatar_url,
        ce1_0.bio,
        ce1_0.breed,
        ce1_0.created_at,
        ce1_0.human_id,
        ce1_0.level,
        ce1_0.mood,
        ce1_0.name,
        ce1_0.updated_at,
        ce1_0.xp 
    from
        cats ce1_0 
    where
        ce1_0.human_id=?
2026-05-17T20:15:50.100+02:00 DEBUG 4750 --- [catastrophe-profiles] [           main] org.hibernate.SQL                        : 
    select
        ce1_0.id,
        ce1_0.age_months,
        ce1_0.avatar_url,
        ce1_0.bio,
        ce1_0.breed,
        ce1_0.created_at,
        ce1_0.human_id,
        ce1_0.level,
        ce1_0.mood,
        ce1_0.name,
        ce1_0.updated_at,
        ce1_0.xp 
    from
        cats ce1_0 
    where
        ce1_0.human_id=?
Hibernate: 
    select
        ce1_0.id,
        ce1_0.age_months,
        ce1_0.avatar_url,
        ce1_0.bio,
        ce1_0.breed,
        ce1_0.created_at,
        ce1_0.human_id,
        ce1_0.level,
        ce1_0.mood,
        ce1_0.name,
        ce1_0.updated_at,
        ce1_0.xp 
    from
        cats ce1_0 
    where
        ce1_0.human_id=?
]]></system-out>
  </testcase>
  <testcase name="deleteById" classname="com.catastrophe.profiles.adapter.out.persistence.PersistenceIntegrationTest$CatPersistence" time="0.012">
    <system-out><![CDATA[2026-05-17T20:15:50.105+02:00 DEBUG 4750 --- [catastrophe-profiles] [           main] org.hibernate.SQL                        : 
    select
        ce1_0.id,
        ce1_0.age_months,
        ce1_0.avatar_url,
        ce1_0.bio,
        ce1_0.breed,
        ce1_0.created_at,
        ce1_0.human_id,
        ce1_0.level,
        ce1_0.mood,
        ce1_0.name,
        ce1_0.updated_at,
        ce1_0.xp 
    from
        cats ce1_0
Hibernate: 
    select
        ce1_0.id,
        ce1_0.age_months,
        ce1_0.avatar_url,
        ce1_0.bio,
        ce1_0.breed,
        ce1_0.created_at,
        ce1_0.human_id,
        ce1_0.level,
        ce1_0.mood,
        ce1_0.name,
        ce1_0.updated_at,
        ce1_0.xp 
    from
        cats ce1_0
2026-05-17T20:15:50.106+02:00 DEBUG 4750 --- [catastrophe-profiles] [           main] org.hibernate.SQL                        : 
    select
        he1_0.id,
        he1_0.active,
        he1_0.created_at,
        he1_0.display_name,
        he1_0.email,
        he1_0.last_login,
        he1_0.password_hash,
        he1_0.username 
    from
        humans he1_0
Hibernate: 
    select
        he1_0.id,
        he1_0.active,
        he1_0.created_at,
        he1_0.display_name,
        he1_0.email,
        he1_0.last_login,
        he1_0.password_hash,
        he1_0.username 
    from
        humans he1_0
2026-05-17T20:15:50.108+02:00 DEBUG 4750 --- [catastrophe-profiles] [           main] org.hibernate.SQL                        : 
    select
        he1_0.id,
        he1_0.active,
        he1_0.created_at,
        he1_0.display_name,
        he1_0.email,
        he1_0.last_login,
        he1_0.password_hash,
        he1_0.username 
    from
        humans he1_0 
    where
        he1_0.id=?
Hibernate: 
    select
        he1_0.id,
        he1_0.active,
        he1_0.created_at,
        he1_0.display_name,
        he1_0.email,
        he1_0.last_login,
        he1_0.password_hash,
        he1_0.username 
    from
        humans he1_0 
    where
        he1_0.id=?
2026-05-17T20:15:50.109+02:00 DEBUG 4750 --- [catastrophe-profiles] [           main] org.hibernate.SQL                        : 
    select
        ce1_0.id,
        ce1_0.age_months,
        ce1_0.avatar_url,
        ce1_0.bio,
        ce1_0.breed,
        ce1_0.created_at,
        ce1_0.human_id,
        ce1_0.level,
        ce1_0.mood,
        ce1_0.name,
        ce1_0.updated_at,
        ce1_0.xp 
    from
        cats ce1_0 
    where
        ce1_0.id=?
Hibernate: 
    select
        ce1_0.id,
        ce1_0.age_months,
        ce1_0.avatar_url,
        ce1_0.bio,
        ce1_0.breed,
        ce1_0.created_at,
        ce1_0.human_id,
        ce1_0.level,
        ce1_0.mood,
        ce1_0.name,
        ce1_0.updated_at,
        ce1_0.xp 
    from
        cats ce1_0 
    where
        ce1_0.id=?
]]></system-out>
  </testcase>
  <testcase name="saveAndFindById" classname="com.catastrophe.profiles.adapter.out.persistence.PersistenceIntegrationTest$CatPersistence" time="0.007">
    <system-out><![CDATA[2026-05-17T20:15:50.117+02:00 DEBUG 4750 --- [catastrophe-profiles] [           main] org.hibernate.SQL                        : 
    select
        ce1_0.id,
        ce1_0.age_months,
        ce1_0.avatar_url,
        ce1_0.bio,
        ce1_0.breed,
        ce1_0.created_at,
        ce1_0.human_id,
        ce1_0.level,
        ce1_0.mood,
        ce1_0.name,
        ce1_0.updated_at,
        ce1_0.xp 
    from
        cats ce1_0
Hibernate: 
    select
        ce1_0.id,
        ce1_0.age_months,
        ce1_0.avatar_url,
        ce1_0.bio,
        ce1_0.breed,
        ce1_0.created_at,
        ce1_0.human_id,
        ce1_0.level,
        ce1_0.mood,
        ce1_0.name,
        ce1_0.updated_at,
        ce1_0.xp 
    from
        cats ce1_0
2026-05-17T20:15:50.118+02:00 DEBUG 4750 --- [catastrophe-profiles] [           main] org.hibernate.SQL                        : 
    select
        he1_0.id,
        he1_0.active,
        he1_0.created_at,
        he1_0.display_name,
        he1_0.email,
        he1_0.last_login,
        he1_0.password_hash,
        he1_0.username 
    from
        humans he1_0
Hibernate: 
    select
        he1_0.id,
        he1_0.active,
        he1_0.created_at,
        he1_0.display_name,
        he1_0.email,
        he1_0.last_login,
        he1_0.password_hash,
        he1_0.username 
    from
        humans he1_0
2026-05-17T20:15:50.119+02:00 DEBUG 4750 --- [catastrophe-profiles] [           main] org.hibernate.SQL                        : 
    select
        he1_0.id,
        he1_0.active,
        he1_0.created_at,
        he1_0.display_name,
        he1_0.email,
        he1_0.last_login,
        he1_0.password_hash,
        he1_0.username 
    from
        humans he1_0 
    where
        he1_0.id=?
Hibernate: 
    select
        he1_0.id,
        he1_0.active,
        he1_0.created_at,
        he1_0.display_name,
        he1_0.email,
        he1_0.last_login,
        he1_0.password_hash,
        he1_0.username 
    from
        humans he1_0 
    where
        he1_0.id=?
2026-05-17T20:15:50.120+02:00 DEBUG 4750 --- [catastrophe-profiles] [           main] org.hibernate.SQL                        : 
    select
        ce1_0.id,
        ce1_0.age_months,
        ce1_0.avatar_url,
        ce1_0.bio,
        ce1_0.breed,
        ce1_0.created_at,
        ce1_0.human_id,
        ce1_0.level,
        ce1_0.mood,
        ce1_0.name,
        ce1_0.updated_at,
        ce1_0.xp 
    from
        cats ce1_0 
    where
        ce1_0.id=?
Hibernate: 
    select
        ce1_0.id,
        ce1_0.age_months,
        ce1_0.avatar_url,
        ce1_0.bio,
        ce1_0.breed,
        ce1_0.created_at,
        ce1_0.human_id,
        ce1_0.level,
        ce1_0.mood,
        ce1_0.name,
        ce1_0.updated_at,
        ce1_0.xp 
    from
        cats ce1_0 
    where
        ce1_0.id=?
]]></system-out>
  </testcase>
</testsuite>