<?xml version="1.0" encoding="UTF-8"?>
<testsuite xmlns:xsi="http://www.w3.org/2001/XMLSchema-instance" xsi:noNamespaceSchemaLocation="https://maven.apache.org/surefire/maven-surefire-plugin/xsd/surefire-test-report.xsd" version="3.0.2" name="com.catastrophe.profiles.adapter.in.web.CatIntegrationTest" time="9.528" tests="7" errors="0" skipped="0" failures="0">
  <properties>
[...]
</properties>
  <testcase name="duplicateCatNameReturns422" classname="com.catastrophe.profiles.adapter.in.web.CatIntegrationTest" time="0.883">
    <system-out><![CDATA[2026-05-17T21:56:39.943+02:00  INFO 20329 --- [catastrophe-profiles] [           main] t.c.s.AnnotationConfigContextLoaderUtils : Could not detect default configuration classes for test class [com.catastrophe.profiles.adapter.in.web.CatIntegrationTest]: CatIntegrationTest does not declare any static, non-private, non-final, nested classes annotated with @Configuration.
2026-05-17T21:56:39.945+02:00  INFO 20329 --- [catastrophe-profiles] [           main] .b.t.c.SpringBootTestContextBootstrapper : Found @SpringBootConfiguration com.catastrophe.profiles.ProfilesApplication for test class com.catastrophe.profiles.adapter.in.web.CatIntegrationTest
2026-05-17T21:56:39.946+02:00  INFO 20329 --- [catastrophe-profiles] [           main] tc.confluentinc/cp-kafka:7.7.1           : Creating container for image: confluentinc/cp-kafka:7.7.1
2026-05-17T21:56:39.959+02:00  INFO 20329 --- [catastrophe-profiles] [           main] tc.confluentinc/cp-kafka:7.7.1           : Container confluentinc/cp-kafka:7.7.1 is starting: 10eaa4e1856ba59038008f218f7d6e9cd0592573ed2feb33beac4457ea7d591e
2026-05-17T21:56:40.000+02:00  INFO 20329 --- [catastrophe-profiles] [        kafka-1] org.apache.kafka.clients.NetworkClient   : [Consumer clientId=consumer-profiles-xp-applier-1, groupId=profiles-xp-applier] Node 1 disconnected.
2026-05-17T21:56:40.001+02:00  WARN 20329 --- [catastrophe-profiles] [        kafka-1] org.apache.kafka.clients.NetworkClient   : [Consumer clientId=consumer-profiles-xp-applier-1, groupId=profiles-xp-applier] Connection to node 1 (localhost/127.0.0.1:39321) could not be established. Node may not be available.
2026-05-17T21:56:40.203+02:00  INFO 20329 --- [catastrophe-profiles] [        kafka-1] org.apache.kafka.clients.NetworkClient   : [Consumer clientId=consumer-profiles-xp-applier-1, groupId=profiles-xp-applier] Node 1 disconnected.
2026-05-17T21:56:40.203+02:00  WARN 20329 --- [catastrophe-profiles] [        kafka-1] org.apache.kafka.clients.NetworkClient   : [Consumer clientId=consumer-profiles-xp-applier-1, groupId=profiles-xp-applier] Connection to node 1 (localhost/127.0.0.1:39321) could not be established. Node may not be available.
2026-05-17T21:56:40.460+02:00  INFO 20329 --- [catastrophe-profiles] [        kafka-1] org.apache.kafka.clients.NetworkClient   : [Consumer clientId=consumer-profiles-xp-applier-1, groupId=profiles-xp-applier] Node 1 disconnected.
2026-05-17T21:56:40.460+02:00  WARN 20329 --- [catastrophe-profiles] [        kafka-1] org.apache.kafka.clients.NetworkClient   : [Consumer clientId=consumer-profiles-xp-applier-1, groupId=profiles-xp-applier] Connection to node 1 (localhost/127.0.0.1:39321) could not be established. Node may not be available.
2026-05-17T21:56:40.944+02:00  INFO 20329 --- [catastrophe-profiles] [        kafka-1] org.apache.kafka.clients.NetworkClient   : [Consumer clientId=consumer-profiles-xp-applier-1, groupId=profiles-xp-applier] Node 1 disconnected.
2026-05-17T21:56:40.944+02:00  WARN 20329 --- [catastrophe-profiles] [        kafka-1] org.apache.kafka.clients.NetworkClient   : [Consumer clientId=consumer-profiles-xp-applier-1, groupId=profiles-xp-applier] Connection to node 1 (localhost/127.0.0.1:39321) could not be established. Node may not be available.
2026-05-17T21:56:41.754+02:00  INFO 20329 --- [catastrophe-profiles] [        kafka-1] org.apache.kafka.clients.NetworkClient   : [Consumer clientId=consumer-profiles-xp-applier-1, groupId=profiles-xp-applier] Node 1 disconnected.
2026-05-17T21:56:41.754+02:00  WARN 20329 --- [catastrophe-profiles] [        kafka-1] org.apache.kafka.clients.NetworkClient   : [Consumer clientId=consumer-profiles-xp-applier-1, groupId=profiles-xp-applier] Connection to node 1 (localhost/127.0.0.1:39321) could not be established. Node may not be available.
2026-05-17T21:56:42.352+02:00  INFO 20329 --- [catastrophe-profiles] [           main] tc.confluentinc/cp-kafka:7.7.1           : Container confluentinc/cp-kafka:7.7.1 started in PT2.405922S
2026-05-17T21:56:42.353+02:00  INFO 20329 --- [catastrophe-profiles] [           main] tc.redis:7-alpine                        : Creating container for image: redis:7-alpine
2026-05-17T21:56:42.374+02:00  INFO 20329 --- [catastrophe-profiles] [           main] tc.redis:7-alpine                        : Container redis:7-alpine is starting: 5945b807cf5c5f8384bc24ae56e98a06acc0b614f5124d0a6846b553f0fb40dd
2026-05-17T21:56:42.533+02:00  INFO 20329 --- [catastrophe-profiles] [           main] tc.redis:7-alpine                        : Container redis:7-alpine started in PT0.17979S
2026-05-17T21:56:42.533+02:00  INFO 20329 --- [catastrophe-profiles] [           main] tc.postgres:16-alpine                    : Creating container for image: postgres:16-alpine
2026-05-17T21:56:42.547+02:00  INFO 20329 --- [catastrophe-profiles] [           main] tc.postgres:16-alpine                    : Container postgres:16-alpine is starting: 7f06b02f5f49be591169420c6d63b8def7ef55a6cdf702a38ba7a3322d30ab7e
2026-05-17T21:56:42.756+02:00  INFO 20329 --- [catastrophe-profiles] [        kafka-1] org.apache.kafka.clients.NetworkClient   : [Consumer clientId=consumer-profiles-xp-applier-1, groupId=profiles-xp-applier] Node 1 disconnected.
2026-05-17T21:56:42.757+02:00  WARN 20329 --- [catastrophe-profiles] [        kafka-1] org.apache.kafka.clients.NetworkClient   : [Consumer clientId=consumer-profiles-xp-applier-1, groupId=profiles-xp-applier] Connection to node 1 (localhost/127.0.0.1:39321) could not be established. Node may not be available.
2026-05-17T21:56:43.589+02:00  INFO 20329 --- [catastrophe-profiles] [           main] tc.postgres:16-alpine                    : Container postgres:16-alpine started in PT1.05544S
2026-05-17T21:56:43.589+02:00  INFO 20329 --- [catastrophe-profiles] [           main] tc.postgres:16-alpine                    : Container is started (JDBC URL: jdbc:postgresql://localhost:36183/catastrophe_profiles?loggerLevel=OFF)

  .   ____          _            __ _ _
 /\\ / ___'_ __ _ _(_)_ __  __ _ \ \ \ \
( ( )\___ | '_ | '_| | '_ \/ _` | \ \ \ \
 \\/  ___)| |_)| | | | | || (_| |  ) ) ) )
  '  |____| .__|_| |_|_| |_\__, | / / / /
 =========|_|==============|___/=/_/_/_/

 :: Spring Boot ::                (v3.4.4)

2026-05-17T21:56:43.614+02:00  INFO 20329 --- [catastrophe-profiles] [           main] c.c.p.adapter.in.web.CatIntegrationTest  : Starting CatIntegrationTest using Java 21.0.9 with PID 20329 (started by srebagli in /Users/srebagli/Projects/CATastrophe/catastrophe-profiles)
2026-05-17T21:56:43.614+02:00 DEBUG 20329 --- [catastrophe-profiles] [           main] c.c.p.adapter.in.web.CatIntegrationTest  : Running with Spring Boot v3.4.4, Spring v6.2.5
2026-05-17T21:56:43.614+02:00  INFO 20329 --- [catastrophe-profiles] [           main] c.c.p.adapter.in.web.CatIntegrationTest  : No active profile set, falling back to 1 default profile: "default"
2026-05-17T21:56:43.740+02:00  INFO 20329 --- [catastrophe-profiles] [           main] .s.d.r.c.RepositoryConfigurationDelegate : Multiple Spring Data modules found, entering strict repository configuration mode
2026-05-17T21:56:43.740+02:00  INFO 20329 --- [catastrophe-profiles] [           main] .s.d.r.c.RepositoryConfigurationDelegate : Bootstrapping Spring Data JPA repositories in DEFAULT mode.
2026-05-17T21:56:43.750+02:00  INFO 20329 --- [catastrophe-profiles] [           main] .s.d.r.c.RepositoryConfigurationDelegate : Finished Spring Data repository scanning in 9 ms. Found 3 JPA repository interfaces.
2026-05-17T21:56:43.750+02:00  INFO 20329 --- [catastrophe-profiles] [           main] .s.d.r.c.RepositoryConfigurationDelegate : Multiple Spring Data modules found, entering strict repository configuration mode
2026-05-17T21:56:43.750+02:00  INFO 20329 --- [catastrophe-profiles] [           main] .s.d.r.c.RepositoryConfigurationDelegate : Bootstrapping Spring Data Redis repositories in DEFAULT mode.
2026-05-17T21:56:43.754+02:00  INFO 20329 --- [catastrophe-profiles] [           main] .RepositoryConfigurationExtensionSupport : Spring Data Redis - Could not safely identify store assignment for repository candidate interface com.catastrophe.profiles.adapter.out.persistence.repository.JpaCatRepository; If you want this repository to be a Redis repository, consider annotating your entities with one of these annotations: org.springframework.data.redis.core.RedisHash (preferred), or consider extending one of the following types with your repository: org.springframework.data.keyvalue.repository.KeyValueRepository
2026-05-17T21:56:43.754+02:00  INFO 20329 --- [catastrophe-profiles] [           main] .RepositoryConfigurationExtensionSupport : Spring Data Redis - Could not safely identify store assignment for repository candidate interface com.catastrophe.profiles.adapter.out.persistence.repository.JpaHumanRepository; If you want this repository to be a Redis repository, consider annotating your entities with one of these annotations: org.springframework.data.redis.core.RedisHash (preferred), or consider extending one of the following types with your repository: org.springframework.data.keyvalue.repository.KeyValueRepository
2026-05-17T21:56:43.754+02:00  INFO 20329 --- [catastrophe-profiles] [           main] .RepositoryConfigurationExtensionSupport : Spring Data Redis - Could not safely identify store assignment for repository candidate interface com.catastrophe.profiles.adapter.out.persistence.repository.JpaProcessedXpEventRepository; If you want this repository to be a Redis repository, consider annotating your entities with one of these annotations: org.springframework.data.redis.core.RedisHash (preferred), or consider extending one of the following types with your repository: org.springframework.data.keyvalue.repository.KeyValueRepository
2026-05-17T21:56:43.754+02:00  INFO 20329 --- [catastrophe-profiles] [           main] .s.d.r.c.RepositoryConfigurationDelegate : Finished Spring Data repository scanning in 3 ms. Found 0 Redis repository interfaces.
2026-05-17T21:56:43.757+02:00  INFO 20329 --- [catastrophe-profiles] [        kafka-1] org.apache.kafka.clients.NetworkClient   : [Consumer clientId=consumer-profiles-xp-applier-1, groupId=profiles-xp-applier] Node 1 disconnected.
2026-05-17T21:56:43.757+02:00  WARN 20329 --- [catastrophe-profiles] [        kafka-1] org.apache.kafka.clients.NetworkClient   : [Consumer clientId=consumer-profiles-xp-applier-1, groupId=profiles-xp-applier] Connection to node 1 (localhost/127.0.0.1:39321) could not be established. Node may not be available.
2026-05-17T21:56:43.836+02:00  INFO 20329 --- [catastrophe-profiles] [           main] o.s.b.w.embedded.tomcat.TomcatWebServer  : Tomcat initialized with port 0 (http)
2026-05-17T21:56:43.837+02:00  INFO 20329 --- [catastrophe-profiles] [           main] o.apache.catalina.core.StandardService   : Starting service [Tomcat]
2026-05-17T21:56:43.837+02:00  INFO 20329 --- [catastrophe-profiles] [           main] o.apache.catalina.core.StandardEngine    : Starting Servlet engine: [Apache Tomcat/10.1.39]
2026-05-17T21:56:43.845+02:00  INFO 20329 --- [catastrophe-profiles] [           main] o.a.c.c.C.[Tomcat-1].[localhost].[/]     : Initializing Spring embedded WebApplicationContext
2026-05-17T21:56:43.845+02:00  INFO 20329 --- [catastrophe-profiles] [           main] w.s.c.ServletWebServerApplicationContext : Root WebApplicationContext: initialization completed in 230 ms
2026-05-17T21:56:43.924+02:00  INFO 20329 --- [catastrophe-profiles] [           main] com.zaxxer.hikari.HikariDataSource       : HikariPool-3 - Starting...
2026-05-17T21:56:43.940+02:00  INFO 20329 --- [catastrophe-profiles] [           main] com.zaxxer.hikari.pool.HikariPool        : HikariPool-3 - Added connection org.postgresql.jdbc.PgConnection@4da20418
2026-05-17T21:56:43.940+02:00  INFO 20329 --- [catastrophe-profiles] [           main] com.zaxxer.hikari.HikariDataSource       : HikariPool-3 - Start completed.
2026-05-17T21:56:43.941+02:00  INFO 20329 --- [catastrophe-profiles] [           main] org.flywaydb.core.FlywayExecutor         : Database: jdbc:postgresql://localhost:36183/catastrophe_profiles?loggerLevel=OFF (PostgreSQL 16.13)
2026-05-17T21:56:43.948+02:00  INFO 20329 --- [catastrophe-profiles] [           main] o.f.c.i.s.JdbcTableSchemaHistory         : Schema history table "public"."flyway_schema_history" does not exist yet
2026-05-17T21:56:43.948+02:00  INFO 20329 --- [catastrophe-profiles] [           main] o.f.core.internal.command.DbValidate     : Successfully validated 1 migration (execution time 00:00.001s)
2026-05-17T21:56:43.953+02:00  INFO 20329 --- [catastrophe-profiles] [           main] o.f.c.i.s.JdbcTableSchemaHistory         : Creating Schema History table "public"."flyway_schema_history" ...
2026-05-17T21:56:43.965+02:00  INFO 20329 --- [catastrophe-profiles] [           main] o.f.core.internal.command.DbMigrate      : Current version of schema "public": << Empty Schema >>
2026-05-17T21:56:43.968+02:00  INFO 20329 --- [catastrophe-profiles] [           main] o.f.core.internal.command.DbMigrate      : Migrating schema "public" to version "1 - create identity tables"
2026-05-17T21:56:43.984+02:00  INFO 20329 --- [catastrophe-profiles] [           main] o.f.core.internal.command.DbMigrate      : Successfully applied 1 migration to schema "public", now at version v1 (execution time 00:00.014s)
2026-05-17T21:56:44.003+02:00  INFO 20329 --- [catastrophe-profiles] [           main] o.hibernate.jpa.internal.util.LogHelper  : HHH000204: Processing PersistenceUnitInfo [name: default]
2026-05-17T21:56:44.004+02:00  INFO 20329 --- [catastrophe-profiles] [           main] o.h.c.internal.RegionFactoryInitiator    : HHH000026: Second-level cache disabled
2026-05-17T21:56:44.008+02:00  INFO 20329 --- [catastrophe-profiles] [           main] o.s.o.j.p.SpringPersistenceUnitInfo      : No LoadTimeWeaver setup: ignoring JPA class transformer
2026-05-17T21:56:44.010+02:00  WARN 20329 --- [catastrophe-profiles] [           main] org.hibernate.orm.deprecation            : HHH90000025: PostgreSQLDialect does not need to be specified explicitly using 'hibernate.dialect' (remove the property setting and it will be selected by default)
2026-05-17T21:56:44.010+02:00  INFO 20329 --- [catastrophe-profiles] [           main] org.hibernate.orm.connections.pooling    : HHH10001005: Database info:
	Database JDBC URL [Connecting through datasource 'HikariDataSource (HikariPool-3)']
	Database driver: undefined/unknown
	Database version: 16.13
	Autocommit mode: undefined/unknown
	Isolation level: undefined/unknown
	Minimum pool size: undefined/unknown
	Maximum pool size: undefined/unknown
2026-05-17T21:56:44.038+02:00  INFO 20329 --- [catastrophe-profiles] [           main] o.h.e.t.j.p.i.JtaPlatformInitiator       : HHH000489: No JTA platform available (set 'hibernate.transaction.jta.platform' to enable JTA platform integration)
2026-05-17T21:56:44.044+02:00  INFO 20329 --- [catastrophe-profiles] [           main] j.LocalContainerEntityManagerFactoryBean : Initialized JPA EntityManagerFactory for persistence unit 'default'
2026-05-17T21:56:44.167+02:00  INFO 20329 --- [catastrophe-profiles] [           main] eAuthenticationProviderManagerConfigurer : Global AuthenticationManager configured with AuthenticationProvider bean with name authenticationProvider
2026-05-17T21:56:44.167+02:00  WARN 20329 --- [catastrophe-profiles] [           main] r$InitializeUserDetailsManagerConfigurer : Global AuthenticationManager configured with an AuthenticationProvider bean. UserDetailsService beans will not be used by Spring Security for automatically configuring username/password login. Consider removing the AuthenticationProvider bean. Alternatively, consider using the UserDetailsService in a manually instantiated DaoAuthenticationProvider. If the current configuration is intentional, to turn off this warning, increase the logging level of 'org.springframework.security.config.annotation.authentication.configuration.InitializeUserDetailsBeanManagerConfigurer' to ERROR
2026-05-17T21:56:44.198+02:00 DEBUG 20329 --- [catastrophe-profiles] [           main] o.s.s.jackson2.SecurityJackson2Modules   : Loaded module org.springframework.security.jackson2.CoreJackson2Module, now registering
2026-05-17T21:56:44.198+02:00 DEBUG 20329 --- [catastrophe-profiles] [           main] o.s.s.jackson2.SecurityJackson2Modules   : Loaded module org.springframework.security.web.jackson2.WebJackson2Module, now registering
2026-05-17T21:56:44.198+02:00 DEBUG 20329 --- [catastrophe-profiles] [           main] o.s.s.jackson2.SecurityJackson2Modules   : Loaded module org.springframework.security.web.server.jackson2.WebServerJackson2Module, now registering
2026-05-17T21:56:44.198+02:00 DEBUG 20329 --- [catastrophe-profiles] [           main] o.s.s.jackson2.SecurityJackson2Modules   : Loaded module org.springframework.security.web.jackson2.WebServletJackson2Module, now registering
2026-05-17T21:56:44.198+02:00 DEBUG 20329 --- [catastrophe-profiles] [           main] o.s.s.jackson2.SecurityJackson2Modules   : Loaded module com.fasterxml.jackson.datatype.jsr310.JavaTimeModule, now registering
2026-05-17T21:56:44.356+02:00  INFO 20329 --- [catastrophe-profiles] [           main] o.s.b.a.e.web.EndpointLinksResolver      : Exposing 4 endpoints beneath base path '/actuator'
2026-05-17T21:56:44.382+02:00 DEBUG 20329 --- [catastrophe-profiles] [           main] o.s.s.web.DefaultSecurityFilterChain     : Will secure any request with filters: DisableEncodeUrlFilter, WebAsyncManagerIntegrationFilter, SecurityContextHolderFilter, HeaderWriterFilter, LogoutFilter, ConcurrentSessionFilter, RequestCacheAwareFilter, SecurityContextHolderAwareRequestFilter, AnonymousAuthenticationFilter, SessionManagementFilter, ExceptionTranslationFilter, AuthorizationFilter
2026-05-17T21:56:44.607+02:00  INFO 20329 --- [catastrophe-profiles] [           main] o.a.c.c.C.[Tomcat-1].[localhost].[/]     : Initializing Spring TestDispatcherServlet ''
2026-05-17T21:56:44.607+02:00  INFO 20329 --- [catastrophe-profiles] [           main] o.s.t.web.servlet.TestDispatcherServlet  : Initializing Servlet ''
2026-05-17T21:56:44.607+02:00  INFO 20329 --- [catastrophe-profiles] [           main] o.s.t.web.servlet.TestDispatcherServlet  : Completed initialization in 0 ms
2026-05-17T21:56:44.621+02:00  INFO 20329 --- [catastrophe-profiles] [           main] o.s.b.w.embedded.tomcat.TomcatWebServer  : Tomcat started on port 56331 (http) with context path '/'
2026-05-17T21:56:44.621+02:00  INFO 20329 --- [catastrophe-profiles] [           main] o.a.k.clients.consumer.ConsumerConfig    : ConsumerConfig values: 
	allow.auto.create.topics = true
	auto.commit.interval.ms = 5000
	auto.include.jmx.reporter = true
	auto.offset.reset = earliest
	bootstrap.servers = [PLAINTEXT://localhost:46059]
	check.crcs = true
	client.dns.lookup = use_all_dns_ips
	client.id = consumer-profiles-xp-applier-2
	client.rack = 
	connections.max.idle.ms = 540000
	default.api.timeout.ms = 60000
	enable.auto.commit = false
	enable.metrics.push = true
	exclude.internal.topics = true
	fetch.max.bytes = 52428800
	fetch.max.wait.ms = 500
	fetch.min.bytes = 1
	group.id = profiles-xp-applier
	group.instance.id = null
	group.protocol = classic
	group.remote.assignor = null
	heartbeat.interval.ms = 3000
	interceptor.classes = []
	internal.leave.group.on.close = true
	internal.throw.on.fetch.stable.offset.unsupported = false
	isolation.level = read_uncommitted
	key.deserializer = class org.apache.kafka.common.serialization.StringDeserializer
	max.partition.fetch.bytes = 1048576
	max.poll.interval.ms = 300000
	max.poll.records = 500
	metadata.max.age.ms = 300000
	metadata.recovery.strategy = none
	metric.reporters = []
	metrics.num.samples = 2
	metrics.recording.level = INFO
	metrics.sample.window.ms = 30000
	partition.assignment.strategy = [class org.apache.kafka.clients.consumer.RangeAssignor, class org.apache.kafka.clients.consumer.CooperativeStickyAssignor]
	receive.buffer.bytes = 65536
	reconnect.backoff.max.ms = 1000
	reconnect.backoff.ms = 50
	request.timeout.ms = 30000
	retry.backoff.max.ms = 1000
	retry.backoff.ms = 100
	sasl.client.callback.handler.class = null
	sasl.jaas.config = null
	sasl.kerberos.kinit.cmd = /usr/bin/kinit
	sasl.kerberos.min.time.before.relogin = 60000
	sasl.kerberos.service.name = null
	sasl.kerberos.ticket.renew.jitter = 0.05
	sasl.kerberos.ticket.renew.window.factor = 0.8
	sasl.login.callback.handler.class = null
	sasl.login.class = null
	sasl.login.connect.timeout.ms = null
	sasl.login.read.timeout.ms = null
	sasl.login.refresh.buffer.seconds = 300
	sasl.login.refresh.min.period.seconds = 60
	sasl.login.refresh.window.factor = 0.8
	sasl.login.refresh.window.jitter = 0.05
	sasl.login.retry.backoff.max.ms = 10000
	sasl.login.retry.backoff.ms = 100
	sasl.mechanism = GSSAPI
	sasl.oauthbearer.clock.skew.seconds = 30
	sasl.oauthbearer.expected.audience = null
	sasl.oauthbearer.expected.issuer = null
	sasl.oauthbearer.jwks.endpoint.refresh.ms = 3600000
	sasl.oauthbearer.jwks.endpoint.retry.backoff.max.ms = 10000
	sasl.oauthbearer.jwks.endpoint.retry.backoff.ms = 100
	sasl.oauthbearer.jwks.endpoint.url = null
	sasl.oauthbearer.scope.claim.name = scope
	sasl.oauthbearer.sub.claim.name = sub
	sasl.oauthbearer.token.endpoint.url = null
	security.protocol = PLAINTEXT
	security.providers = null
	send.buffer.bytes = 131072
	session.timeout.ms = 45000
	socket.connection.setup.timeout.max.ms = 30000
	socket.connection.setup.timeout.ms = 10000
	ssl.cipher.suites = null
	ssl.enabled.protocols = [TLSv1.2, TLSv1.3]
	ssl.endpoint.identification.algorithm = https
	ssl.engine.factory.class = null
	ssl.key.password = null
	ssl.keymanager.algorithm = SunX509
	ssl.keystore.certificate.chain = null
	ssl.keystore.key = null
	ssl.keystore.location = null
	ssl.keystore.password = null
	ssl.keystore.type = JKS
	ssl.protocol = TLSv1.3
	ssl.provider = null
	ssl.secure.random.implementation = null
	ssl.trustmanager.algorithm = PKIX
	ssl.truststore.certificates = null
	ssl.truststore.location = null
	ssl.truststore.password = null
	ssl.truststore.type = JKS
	value.deserializer = class org.springframework.kafka.support.serializer.JsonDeserializer

2026-05-17T21:56:44.622+02:00  INFO 20329 --- [catastrophe-profiles] [           main] o.a.k.c.t.i.KafkaMetricsCollector        : initializing Kafka metrics collector
2026-05-17T21:56:44.624+02:00  INFO 20329 --- [catastrophe-profiles] [           main] o.a.kafka.common.utils.AppInfoParser     : Kafka version: 3.8.1
2026-05-17T21:56:44.624+02:00  INFO 20329 --- [catastrophe-profiles] [           main] o.a.kafka.common.utils.AppInfoParser     : Kafka commitId: 70d6ff42debf7e17
2026-05-17T21:56:44.624+02:00  INFO 20329 --- [catastrophe-profiles] [           main] o.a.kafka.common.utils.AppInfoParser     : Kafka startTimeMs: 1779047804624
2026-05-17T21:56:44.625+02:00  INFO 20329 --- [catastrophe-profiles] [           main] o.a.k.c.c.internals.LegacyKafkaConsumer  : [Consumer clientId=consumer-profiles-xp-applier-2, groupId=profiles-xp-applier] Subscribed to topic(s): catastrophe.gamification
2026-05-17T21:56:44.630+02:00  INFO 20329 --- [catastrophe-profiles] [           main] c.c.p.adapter.in.web.CatIntegrationTest  : Started CatIntegrationTest in 1.037 seconds (process running for 17.026)
2026-05-17T21:56:44.636+02:00 DEBUG 20329 --- [catastrophe-profiles] [           main] org.hibernate.SQL                        : 
    select
        ce1_0.id,
        ce1_0.age_months,
        ce1_0.avatar_url,
        ce1_0.bio,
        ce1_0.breed,
        ce1_0.created_at,
        ce1_0.human_id,
        ce1_0.level,
        ce1_0.mood,
        ce1_0.name,
        ce1_0.updated_at,
        ce1_0.xp 
    from
        cats ce1_0
2026-05-17T21:56:44.639+02:00 DEBUG 20329 --- [catastrophe-profiles] [           main] org.hibernate.SQL                        : 
    select
        he1_0.id,
        he1_0.active,
        he1_0.created_at,
        he1_0.display_name,
        he1_0.email,
        he1_0.last_login,
        he1_0.password_hash,
        he1_0.username 
    from
        humans he1_0
2026-05-17T21:56:44.641+02:00 DEBUG 20329 --- [catastrophe-profiles] [           main] o.s.security.web.FilterChainProxy        : Securing POST /api/v1/auth/register
2026-05-17T21:56:44.641+02:00 DEBUG 20329 --- [catastrophe-profiles] [           main] o.s.s.w.a.AnonymousAuthenticationFilter  : Set SecurityContextHolder to anonymous SecurityContext
2026-05-17T21:56:44.641+02:00 DEBUG 20329 --- [catastrophe-profiles] [           main] o.s.security.web.FilterChainProxy        : Secured POST /api/v1/auth/register
2026-05-17T21:56:44.647+02:00 DEBUG 20329 --- [catastrophe-profiles] [           main] org.hibernate.SQL                        : 
    select
        he1_0.id 
    from
        humans he1_0 
    where
        he1_0.username=? 
    fetch
        first ? rows only
2026-05-17T21:56:44.649+02:00 DEBUG 20329 --- [catastrophe-profiles] [           main] org.hibernate.SQL                        : 
    select
        he1_0.id 
    from
        humans he1_0 
    where
        he1_0.email=? 
    fetch
        first ? rows only
2026-05-17T21:56:44.659+02:00  WARN 20329 --- [catastrophe-profiles] [        kafka-1] org.apache.kafka.clients.NetworkClient   : [Consumer clientId=consumer-profiles-xp-applier-2, groupId=profiles-xp-applier] Error while fetching metadata with correlation id 2 : {catastrophe.gamification=LEADER_NOT_AVAILABLE}
2026-05-17T21:56:44.660+02:00  INFO 20329 --- [catastrophe-profiles] [        kafka-1] org.apache.kafka.clients.Metadata        : [Consumer clientId=consumer-profiles-xp-applier-2, groupId=profiles-xp-applier] Cluster ID: GiJMLEETTz-kxo2s1D3Smg
2026-05-17T21:56:44.723+02:00 DEBUG 20329 --- [catastrophe-profiles] [           main] org.hibernate.SQL                        : 
    select
        he1_0.id,
        he1_0.active,
        he1_0.created_at,
        he1_0.display_name,
        he1_0.email,
        he1_0.last_login,
        he1_0.password_hash,
        he1_0.username 
    from
        humans he1_0 
    where
        he1_0.id=?
2026-05-17T21:56:44.725+02:00 DEBUG 20329 --- [catastrophe-profiles] [           main] org.hibernate.SQL                        : 
    insert 
    into
        humans
        (active, created_at, display_name, email, last_login, password_hash, username, id) 
    values
        (?, ?, ?, ?, ?, ?, ?, ?)
2026-05-17T21:56:44.728+02:00 DEBUG 20329 --- [catastrophe-profiles] [           main] o.s.security.web.FilterChainProxy        : Securing POST /api/v1/auth/login
2026-05-17T21:56:44.728+02:00 DEBUG 20329 --- [catastrophe-profiles] [           main] o.s.s.w.a.AnonymousAuthenticationFilter  : Set SecurityContextHolder to anonymous SecurityContext
2026-05-17T21:56:44.729+02:00 DEBUG 20329 --- [catastrophe-profiles] [           main] o.s.security.web.FilterChainProxy        : Secured POST /api/v1/auth/login
2026-05-17T21:56:44.758+02:00  INFO 20329 --- [catastrophe-profiles] [        kafka-1] org.apache.kafka.clients.NetworkClient   : [Consumer clientId=consumer-profiles-xp-applier-1, groupId=profiles-xp-applier] Node 1 disconnected.
2026-05-17T21:56:44.758+02:00  WARN 20329 --- [catastrophe-profiles] [        kafka-1] org.apache.kafka.clients.NetworkClient   : [Consumer clientId=consumer-profiles-xp-applier-1, groupId=profiles-xp-applier] Connection to node 1 (localhost/127.0.0.1:39321) could not be established. Node may not be available.
2026-05-17T21:56:44.799+02:00  INFO 20329 --- [catastrophe-profiles] [        kafka-1] o.a.k.c.c.internals.ConsumerCoordinator  : [Consumer clientId=consumer-profiles-xp-applier-2, groupId=profiles-xp-applier] Discovered group coordinator localhost:46059 (id: 2147483646 rack: null)
2026-05-17T21:56:44.800+02:00  INFO 20329 --- [catastrophe-profiles] [        kafka-1] o.a.k.c.c.internals.ConsumerCoordinator  : [Consumer clientId=consumer-profiles-xp-applier-2, groupId=profiles-xp-applier] (Re-)joining group
2026-05-17T21:56:44.803+02:00 DEBUG 20329 --- [catastrophe-profiles] [           main] org.hibernate.SQL                        : 
    select
        he1_0.id,
        he1_0.active,
        he1_0.created_at,
        he1_0.display_name,
        he1_0.email,
        he1_0.last_login,
        he1_0.password_hash,
        he1_0.username 
    from
        humans he1_0 
    where
        he1_0.username=?
2026-05-17T21:56:44.807+02:00  INFO 20329 --- [catastrophe-profiles] [        kafka-1] o.a.k.c.c.internals.ConsumerCoordinator  : [Consumer clientId=consumer-profiles-xp-applier-2, groupId=profiles-xp-applier] Request joining group due to: need to re-join with the given member-id: consumer-profiles-xp-applier-2-555d423a-7056-4788-86e7-f6bcfd05d9f0
2026-05-17T21:56:44.807+02:00  INFO 20329 --- [catastrophe-profiles] [        kafka-1] o.a.k.c.c.internals.ConsumerCoordinator  : [Consumer clientId=consumer-profiles-xp-applier-2, groupId=profiles-xp-applier] (Re-)joining group
2026-05-17T21:56:44.814+02:00  INFO 20329 --- [catastrophe-profiles] [        kafka-1] o.a.k.c.c.internals.ConsumerCoordinator  : [Consumer clientId=consumer-profiles-xp-applier-2, groupId=profiles-xp-applier] Successfully joined group with generation Generation{generationId=1, memberId='consumer-profiles-xp-applier-2-555d423a-7056-4788-86e7-f6bcfd05d9f0', protocol='range'}
2026-05-17T21:56:44.814+02:00  INFO 20329 --- [catastrophe-profiles] [        kafka-1] o.a.k.c.c.internals.ConsumerCoordinator  : [Consumer clientId=consumer-profiles-xp-applier-2, groupId=profiles-xp-applier] Finished assignment for group at generation 1: {consumer-profiles-xp-applier-2-555d423a-7056-4788-86e7-f6bcfd05d9f0=Assignment(partitions=[catastrophe.gamification-0])}
2026-05-17T21:56:44.828+02:00  INFO 20329 --- [catastrophe-profiles] [        kafka-1] o.a.k.c.c.internals.ConsumerCoordinator  : [Consumer clientId=consumer-profiles-xp-applier-2, groupId=profiles-xp-applier] Successfully synced group in generation Generation{generationId=1, memberId='consumer-profiles-xp-applier-2-555d423a-7056-4788-86e7-f6bcfd05d9f0', protocol='range'}
2026-05-17T21:56:44.828+02:00  INFO 20329 --- [catastrophe-profiles] [        kafka-1] o.a.k.c.c.internals.ConsumerCoordinator  : [Consumer clientId=consumer-profiles-xp-applier-2, groupId=profiles-xp-applier] Notifying assignor about the new Assignment(partitions=[catastrophe.gamification-0])
2026-05-17T21:56:44.828+02:00  INFO 20329 --- [catastrophe-profiles] [        kafka-1] k.c.c.i.ConsumerRebalanceListenerInvoker : [Consumer clientId=consumer-profiles-xp-applier-2, groupId=profiles-xp-applier] Adding newly assigned partitions: catastrophe.gamification-0
2026-05-17T21:56:44.831+02:00  INFO 20329 --- [catastrophe-profiles] [        kafka-1] o.a.k.c.c.internals.ConsumerCoordinator  : [Consumer clientId=consumer-profiles-xp-applier-2, groupId=profiles-xp-applier] Found no committed offset for partition catastrophe.gamification-0
2026-05-17T21:56:44.834+02:00  INFO 20329 --- [catastrophe-profiles] [        kafka-1] o.a.k.c.c.internals.SubscriptionState    : [Consumer clientId=consumer-profiles-xp-applier-2, groupId=profiles-xp-applier] Resetting offset for partition catastrophe.gamification-0 to position FetchPosition{offset=0, offsetEpoch=Optional.empty, currentLeader=LeaderAndEpoch{leader=Optional[localhost:46059 (id: 1 rack: null)], epoch=0}}.
2026-05-17T21:56:44.834+02:00  INFO 20329 --- [catastrophe-profiles] [        kafka-1] o.s.k.l.KafkaMessageListenerContainer    : profiles-xp-applier: partitions assigned: [catastrophe.gamification-0]
2026-05-17T21:56:44.876+02:00 DEBUG 20329 --- [catastrophe-profiles] [           main] o.s.s.a.dao.DaoAuthenticationProvider    : Authenticated user
2026-05-17T21:56:44.877+02:00 DEBUG 20329 --- [catastrophe-profiles] [           main] org.hibernate.SQL                        : 
    select
        he1_0.id,
        he1_0.active,
        he1_0.created_at,
        he1_0.display_name,
        he1_0.email,
        he1_0.last_login,
        he1_0.password_hash,
        he1_0.username 
    from
        humans he1_0 
    where
        he1_0.username=?
2026-05-17T21:56:44.886+02:00 DEBUG 20329 --- [catastrophe-profiles] [           main] o.s.security.web.FilterChainProxy        : Securing POST /api/v1/cats
2026-05-17T21:56:44.889+02:00 DEBUG 20329 --- [catastrophe-profiles] [           main] w.c.HttpSessionSecurityContextRepository : Retrieved SecurityContextImpl [Authentication=UsernamePasswordAuthenticationToken [Principal=org.springframework.security.core.userdetails.User [Username=duper, Password=[PROTECTED], Enabled=true, AccountNonExpired=true, CredentialsNonExpired=true, AccountNonLocked=true, Granted Authorities=[ROLE_HUMAN]], Credentials=[PROTECTED], Authenticated=true, Details=null, Granted Authorities=[ROLE_HUMAN]]]
2026-05-17T21:56:44.889+02:00 DEBUG 20329 --- [catastrophe-profiles] [           main] o.s.security.web.FilterChainProxy        : Secured POST /api/v1/cats
2026-05-17T21:56:44.893+02:00 DEBUG 20329 --- [catastrophe-profiles] [           main] org.hibernate.SQL                        : 
    select
        he1_0.id,
        he1_0.active,
        he1_0.created_at,
        he1_0.display_name,
        he1_0.email,
        he1_0.last_login,
        he1_0.password_hash,
        he1_0.username 
    from
        humans he1_0 
    where
        he1_0.username=?
2026-05-17T21:56:44.895+02:00 DEBUG 20329 --- [catastrophe-profiles] [           main] org.hibernate.SQL                        : 
    select
        ce1_0.id 
    from
        cats ce1_0 
    where
        ce1_0.human_id=? 
        and ce1_0.name=? 
    fetch
        first ? rows only
2026-05-17T21:56:45.315+02:00 DEBUG 20329 --- [catastrophe-profiles] [           main] org.hibernate.SQL                        : 
    select
        ce1_0.id,
        ce1_0.age_months,
        ce1_0.avatar_url,
        ce1_0.bio,
        ce1_0.breed,
        ce1_0.created_at,
        ce1_0.human_id,
        ce1_0.level,
        ce1_0.mood,
        ce1_0.name,
        ce1_0.updated_at,
        ce1_0.xp 
    from
        cats ce1_0 
    where
        ce1_0.id=?
2026-05-17T21:56:45.321+02:00 DEBUG 20329 --- [catastrophe-profiles] [           main] c.c.p.a.o.messaging.KafkaEventPublisher  : Publicando evento CatCreated en topic 'catastrophe.profiles' con key '1b8c73ac-22e8-4d58-a3d2-df0bc674b924'
2026-05-17T21:56:45.328+02:00  INFO 20329 --- [catastrophe-profiles] [           main] o.a.k.clients.producer.ProducerConfig    : ProducerConfig values: 
	acks = -1
	auto.include.jmx.reporter = true
	batch.size = 16384
	bootstrap.servers = [PLAINTEXT://localhost:46059]
	buffer.memory = 33554432
	client.dns.lookup = use_all_dns_ips
	client.id = catastrophe-profiles-producer-1
	compression.gzip.level = -1
	compression.lz4.level = 9
	compression.type = none
	compression.zstd.level = 3
	connections.max.idle.ms = 540000
	delivery.timeout.ms = 120000
	enable.idempotence = true
	enable.metrics.push = true
	interceptor.classes = []
	key.serializer = class org.apache.kafka.common.serialization.StringSerializer
	linger.ms = 0
	max.block.ms = 60000
	max.in.flight.requests.per.connection = 5
	max.request.size = 1048576
	metadata.max.age.ms = 300000
	metadata.max.idle.ms = 300000
	metadata.recovery.strategy = none
	metric.reporters = []
	metrics.num.samples = 2
	metrics.recording.level = INFO
	metrics.sample.window.ms = 30000
	partitioner.adaptive.partitioning.enable = true
	partitioner.availability.timeout.ms = 0
	partitioner.class = null
	partitioner.ignore.keys = false
	receive.buffer.bytes = 32768
	reconnect.backoff.max.ms = 1000
	reconnect.backoff.ms = 50
	request.timeout.ms = 30000
	retries = 2147483647
	retry.backoff.max.ms = 1000
	retry.backoff.ms = 100
	sasl.client.callback.handler.class = null
	sasl.jaas.config = null
	sasl.kerberos.kinit.cmd = /usr/bin/kinit
	sasl.kerberos.min.time.before.relogin = 60000
	sasl.kerberos.service.name = null
	sasl.kerberos.ticket.renew.jitter = 0.05
	sasl.kerberos.ticket.renew.window.factor = 0.8
	sasl.login.callback.handler.class = null
	sasl.login.class = null
	sasl.login.connect.timeout.ms = null
	sasl.login.read.timeout.ms = null
	sasl.login.refresh.buffer.seconds = 300
	sasl.login.refresh.min.period.seconds = 60
	sasl.login.refresh.window.factor = 0.8
	sasl.login.refresh.window.jitter = 0.05
	sasl.login.retry.backoff.max.ms = 10000
	sasl.login.retry.backoff.ms = 100
	sasl.mechanism = GSSAPI
	sasl.oauthbearer.clock.skew.seconds = 30
	sasl.oauthbearer.expected.audience = null
	sasl.oauthbearer.expected.issuer = null
	sasl.oauthbearer.jwks.endpoint.refresh.ms = 3600000
	sasl.oauthbearer.jwks.endpoint.retry.backoff.max.ms = 10000
	sasl.oauthbearer.jwks.endpoint.retry.backoff.ms = 100
	sasl.oauthbearer.jwks.endpoint.url = null
	sasl.oauthbearer.scope.claim.name = scope
	sasl.oauthbearer.sub.claim.name = sub
	sasl.oauthbearer.token.endpoint.url = null
	security.protocol = PLAINTEXT
	security.providers = null
	send.buffer.bytes = 131072
	socket.connection.setup.timeout.max.ms = 30000
	socket.connection.setup.timeout.ms = 10000
	ssl.cipher.suites = null
	ssl.enabled.protocols = [TLSv1.2, TLSv1.3]
	ssl.endpoint.identification.algorithm = https
	ssl.engine.factory.class = null
	ssl.key.password = null
	ssl.keymanager.algorithm = SunX509
	ssl.keystore.certificate.chain = null
	ssl.keystore.key = null
	ssl.keystore.location = null
	ssl.keystore.password = null
	ssl.keystore.type = JKS
	ssl.protocol = TLSv1.3
	ssl.provider = null
	ssl.secure.random.implementation = null
	ssl.trustmanager.algorithm = PKIX
	ssl.truststore.certificates = null
	ssl.truststore.location = null
	ssl.truststore.password = null
	ssl.truststore.type = JKS
	transaction.timeout.ms = 60000
	transactional.id = null
	value.serializer = class org.springframework.kafka.support.serializer.JsonSerializer

2026-05-17T21:56:45.328+02:00  INFO 20329 --- [catastrophe-profiles] [           main] o.a.k.c.t.i.KafkaMetricsCollector        : initializing Kafka metrics collector
2026-05-17T21:56:45.334+02:00  INFO 20329 --- [catastrophe-profiles] [           main] o.a.k.clients.producer.KafkaProducer     : [Producer clientId=catastrophe-profiles-producer-1] Instantiated an idempotent producer.
2026-05-17T21:56:45.340+02:00  INFO 20329 --- [catastrophe-profiles] [           main] o.a.kafka.common.utils.AppInfoParser     : Kafka version: 3.8.1
2026-05-17T21:56:45.340+02:00  INFO 20329 --- [catastrophe-profiles] [           main] o.a.kafka.common.utils.AppInfoParser     : Kafka commitId: 70d6ff42debf7e17
2026-05-17T21:56:45.340+02:00  INFO 20329 --- [catastrophe-profiles] [           main] o.a.kafka.common.utils.AppInfoParser     : Kafka startTimeMs: 1779047805340
2026-05-17T21:56:45.357+02:00  WARN 20329 --- [catastrophe-profiles] [iles-producer-1] org.apache.kafka.clients.NetworkClient   : [Producer clientId=catastrophe-profiles-producer-1] Error while fetching metadata with correlation id 1 : {catastrophe.profiles=LEADER_NOT_AVAILABLE}
2026-05-17T21:56:45.357+02:00  INFO 20329 --- [catastrophe-profiles] [iles-producer-1] org.apache.kafka.clients.Metadata        : [Producer clientId=catastrophe-profiles-producer-1] Cluster ID: GiJMLEETTz-kxo2s1D3Smg
2026-05-17T21:56:45.467+02:00  INFO 20329 --- [catastrophe-profiles] [iles-producer-1] o.a.k.c.p.internals.TransactionManager   : [Producer clientId=catastrophe-profiles-producer-1] ProducerId set to 0 with epoch 0
2026-05-17T21:56:45.489+02:00 DEBUG 20329 --- [catastrophe-profiles] [           main] org.hibernate.SQL                        : 
    insert 
    into
        cats
        (age_months, avatar_url, bio, breed, created_at, human_id, level, mood, name, updated_at, xp, id) 
    values
        (?, ?, ?, ?, ?, ?, ?, ?, ?, ?, ?, ?)
2026-05-17T21:56:45.500+02:00 DEBUG 20329 --- [catastrophe-profiles] [           main] o.s.security.web.FilterChainProxy        : Securing POST /api/v1/cats
2026-05-17T21:56:45.502+02:00 DEBUG 20329 --- [catastrophe-profiles] [           main] w.c.HttpSessionSecurityContextRepository : Retrieved SecurityContextImpl [Authentication=UsernamePasswordAuthenticationToken [Principal=org.springframework.security.core.userdetails.User [Username=duper, Password=[PROTECTED], Enabled=true, AccountNonExpired=true, CredentialsNonExpired=true, AccountNonLocked=true, Granted Authorities=[ROLE_HUMAN]], Credentials=[PROTECTED], Authenticated=true, Details=null, Granted Authorities=[ROLE_HUMAN]]]
2026-05-17T21:56:45.502+02:00 DEBUG 20329 --- [catastrophe-profiles] [           main] o.s.security.web.FilterChainProxy        : Secured POST /api/v1/cats
2026-05-17T21:56:45.503+02:00 DEBUG 20329 --- [catastrophe-profiles] [           main] org.hibernate.SQL                        : 
    select
        he1_0.id,
        he1_0.active,
        he1_0.created_at,
        he1_0.display_name,
        he1_0.email,
        he1_0.last_login,
        he1_0.password_hash,
        he1_0.username 
    from
        humans he1_0 
    where
        he1_0.username=?
2026-05-17T21:56:45.505+02:00 DEBUG 20329 --- [catastrophe-profiles] [           main] org.hibernate.SQL                        : 
    select
        ce1_0.id 
    from
        cats ce1_0 
    where
        ce1_0.human_id=? 
        and ce1_0.name=? 
    fetch
        first ? rows only
2026-05-17T21:56:45.507+02:00 DEBUG 20329 --- [catastrophe-profiles] [           main] c.c.p.a.in.web.GlobalExceptionHandler    : Regla de negocio violada [UNIQUE_CAT_NAME]: Ya tienes un gato llamado 'Duplicado'
2026-05-17T21:56:45.508+02:00 DEBUG 20329 --- [catastrophe-profiles] [iles-producer-1] c.c.p.a.o.messaging.KafkaEventPublisher  : Evento CatCreated publicado con offset 0
]]></system-out>
  </testcase>
  <testcase name="cannotModifyOthersCat" classname="com.catastrophe.profiles.adapter.in.web.CatIntegrationTest" time="0.542">
    <system-out><![CDATA[2026-05-17T21:56:45.516+02:00 DEBUG 20329 --- [catastrophe-profiles] [           main] org.hibernate.SQL                        : 
    select
        ce1_0.id,
        ce1_0.age_months,
        ce1_0.avatar_url,
        ce1_0.bio,
        ce1_0.breed,
        ce1_0.created_at,
        ce1_0.human_id,
        ce1_0.level,
        ce1_0.mood,
        ce1_0.name,
        ce1_0.updated_at,
        ce1_0.xp 
    from
        cats ce1_0
2026-05-17T21:56:45.517+02:00 DEBUG 20329 --- [catastrophe-profiles] [           main] org.hibernate.SQL                        : 
    delete 
    from
        cats 
    where
        id=?
2026-05-17T21:56:45.519+02:00 DEBUG 20329 --- [catastrophe-profiles] [           main] org.hibernate.SQL                        : 
    select
        he1_0.id,
        he1_0.active,
        he1_0.created_at,
        he1_0.display_name,
        he1_0.email,
        he1_0.last_login,
        he1_0.password_hash,
        he1_0.username 
    from
        humans he1_0
2026-05-17T21:56:45.519+02:00 DEBUG 20329 --- [catastrophe-profiles] [           main] org.hibernate.SQL                        : 
    delete 
    from
        humans 
    where
        id=?
2026-05-17T21:56:45.521+02:00 DEBUG 20329 --- [catastrophe-profiles] [           main] o.s.security.web.FilterChainProxy        : Securing POST /api/v1/auth/register
2026-05-17T21:56:45.521+02:00 DEBUG 20329 --- [catastrophe-profiles] [           main] o.s.s.w.a.AnonymousAuthenticationFilter  : Set SecurityContextHolder to anonymous SecurityContext
2026-05-17T21:56:45.521+02:00 DEBUG 20329 --- [catastrophe-profiles] [           main] o.s.security.web.FilterChainProxy        : Secured POST /api/v1/auth/register
2026-05-17T21:56:45.522+02:00 DEBUG 20329 --- [catastrophe-profiles] [           main] org.hibernate.SQL                        : 
    select
        he1_0.id 
    from
        humans he1_0 
    where
        he1_0.username=? 
    fetch
        first ? rows only
2026-05-17T21:56:45.523+02:00 DEBUG 20329 --- [catastrophe-profiles] [           main] org.hibernate.SQL                        : 
    select
        he1_0.id 
    from
        humans he1_0 
    where
        he1_0.email=? 
    fetch
        first ? rows only
2026-05-17T21:56:45.597+02:00 DEBUG 20329 --- [catastrophe-profiles] [           main] org.hibernate.SQL                        : 
    select
        he1_0.id,
        he1_0.active,
        he1_0.created_at,
        he1_0.display_name,
        he1_0.email,
        he1_0.last_login,
        he1_0.password_hash,
        he1_0.username 
    from
        humans he1_0 
    where
        he1_0.id=?
2026-05-17T21:56:45.598+02:00 DEBUG 20329 --- [catastrophe-profiles] [           main] org.hibernate.SQL                        : 
    insert 
    into
        humans
        (active, created_at, display_name, email, last_login, password_hash, username, id) 
    values
        (?, ?, ?, ?, ?, ?, ?, ?)
2026-05-17T21:56:45.600+02:00 DEBUG 20329 --- [catastrophe-profiles] [           main] o.s.security.web.FilterChainProxy        : Securing POST /api/v1/auth/login
2026-05-17T21:56:45.600+02:00 DEBUG 20329 --- [catastrophe-profiles] [           main] o.s.s.w.a.AnonymousAuthenticationFilter  : Set SecurityContextHolder to anonymous SecurityContext
2026-05-17T21:56:45.600+02:00 DEBUG 20329 --- [catastrophe-profiles] [           main] o.s.security.web.FilterChainProxy        : Secured POST /api/v1/auth/login
2026-05-17T21:56:45.601+02:00 DEBUG 20329 --- [catastrophe-profiles] [           main] org.hibernate.SQL                        : 
    select
        he1_0.id,
        he1_0.active,
        he1_0.created_at,
        he1_0.display_name,
        he1_0.email,
        he1_0.last_login,
        he1_0.password_hash,
        he1_0.username 
    from
        humans he1_0 
    where
        he1_0.username=?
2026-05-17T21:56:45.671+02:00 DEBUG 20329 --- [catastrophe-profiles] [           main] o.s.s.a.dao.DaoAuthenticationProvider    : Authenticated user
2026-05-17T21:56:45.672+02:00 DEBUG 20329 --- [catastrophe-profiles] [           main] org.hibernate.SQL                        : 
    select
        he1_0.id,
        he1_0.active,
        he1_0.created_at,
        he1_0.display_name,
        he1_0.email,
        he1_0.last_login,
        he1_0.password_hash,
        he1_0.username 
    from
        humans he1_0 
    where
        he1_0.username=?
2026-05-17T21:56:45.677+02:00 DEBUG 20329 --- [catastrophe-profiles] [           main] o.s.security.web.FilterChainProxy        : Securing POST /api/v1/cats
2026-05-17T21:56:45.679+02:00 DEBUG 20329 --- [catastrophe-profiles] [           main] w.c.HttpSessionSecurityContextRepository : Retrieved SecurityContextImpl [Authentication=UsernamePasswordAuthenticationToken [Principal=org.springframework.security.core.userdetails.User [Username=humano1, Password=[PROTECTED], Enabled=true, AccountNonExpired=true, CredentialsNonExpired=true, AccountNonLocked=true, Granted Authorities=[ROLE_HUMAN]], Credentials=[PROTECTED], Authenticated=true, Details=null, Granted Authorities=[ROLE_HUMAN]]]
2026-05-17T21:56:45.679+02:00 DEBUG 20329 --- [catastrophe-profiles] [           main] o.s.security.web.FilterChainProxy        : Secured POST /api/v1/cats
2026-05-17T21:56:45.680+02:00 DEBUG 20329 --- [catastrophe-profiles] [           main] org.hibernate.SQL                        : 
    select
        he1_0.id,
        he1_0.active,
        he1_0.created_at,
        he1_0.display_name,
        he1_0.email,
        he1_0.last_login,
        he1_0.password_hash,
        he1_0.username 
    from
        humans he1_0 
    where
        he1_0.username=?
2026-05-17T21:56:45.681+02:00 DEBUG 20329 --- [catastrophe-profiles] [           main] org.hibernate.SQL                        : 
    select
        ce1_0.id 
    from
        cats ce1_0 
    where
        ce1_0.human_id=? 
        and ce1_0.name=? 
    fetch
        first ? rows only
2026-05-17T21:56:45.760+02:00  INFO 20329 --- [catastrophe-profiles] [        kafka-1] org.apache.kafka.clients.NetworkClient   : [Consumer clientId=consumer-profiles-xp-applier-1, groupId=profiles-xp-applier] Node 1 disconnected.
2026-05-17T21:56:45.760+02:00  WARN 20329 --- [catastrophe-profiles] [        kafka-1] org.apache.kafka.clients.NetworkClient   : [Consumer clientId=consumer-profiles-xp-applier-1, groupId=profiles-xp-applier] Connection to node 1 (localhost/127.0.0.1:39321) could not be established. Node may not be available.
2026-05-17T21:56:45.862+02:00 DEBUG 20329 --- [catastrophe-profiles] [           main] org.hibernate.SQL                        : 
    select
        ce1_0.id,
        ce1_0.age_months,
        ce1_0.avatar_url,
        ce1_0.bio,
        ce1_0.breed,
        ce1_0.created_at,
        ce1_0.human_id,
        ce1_0.level,
        ce1_0.mood,
        ce1_0.name,
        ce1_0.updated_at,
        ce1_0.xp 
    from
        cats ce1_0 
    where
        ce1_0.id=?
2026-05-17T21:56:45.863+02:00 DEBUG 20329 --- [catastrophe-profiles] [           main] c.c.p.a.o.messaging.KafkaEventPublisher  : Publicando evento CatCreated en topic 'catastrophe.profiles' con key '29ed85e7-e513-4b8b-bf58-aaeefee41433'
2026-05-17T21:56:45.864+02:00 DEBUG 20329 --- [catastrophe-profiles] [           main] org.hibernate.SQL                        : 
    insert 
    into
        cats
        (age_months, avatar_url, bio, breed, created_at, human_id, level, mood, name, updated_at, xp, id) 
    values
        (?, ?, ?, ?, ?, ?, ?, ?, ?, ?, ?, ?)
2026-05-17T21:56:45.869+02:00 DEBUG 20329 --- [catastrophe-profiles] [iles-producer-1] c.c.p.a.o.messaging.KafkaEventPublisher  : Evento CatCreated publicado con offset 1
2026-05-17T21:56:45.873+02:00 DEBUG 20329 --- [catastrophe-profiles] [           main] o.s.security.web.FilterChainProxy        : Securing POST /api/v1/auth/register
2026-05-17T21:56:45.873+02:00 DEBUG 20329 --- [catastrophe-profiles] [           main] o.s.s.w.a.AnonymousAuthenticationFilter  : Set SecurityContextHolder to anonymous SecurityContext
2026-05-17T21:56:45.874+02:00 DEBUG 20329 --- [catastrophe-profiles] [           main] o.s.security.web.FilterChainProxy        : Secured POST /api/v1/auth/register
2026-05-17T21:56:45.875+02:00 DEBUG 20329 --- [catastrophe-profiles] [           main] org.hibernate.SQL                        : 
    select
        he1_0.id 
    from
        humans he1_0 
    where
        he1_0.username=? 
    fetch
        first ? rows only
2026-05-17T21:56:45.877+02:00 DEBUG 20329 --- [catastrophe-profiles] [           main] org.hibernate.SQL                        : 
    select
        he1_0.id 
    from
        humans he1_0 
    where
        he1_0.email=? 
    fetch
        first ? rows only
2026-05-17T21:56:45.962+02:00 DEBUG 20329 --- [catastrophe-profiles] [           main] org.hibernate.SQL                        : 
    select
        he1_0.id,
        he1_0.active,
        he1_0.created_at,
        he1_0.display_name,
        he1_0.email,
        he1_0.last_login,
        he1_0.password_hash,
        he1_0.username 
    from
        humans he1_0 
    where
        he1_0.id=?
2026-05-17T21:56:45.964+02:00 DEBUG 20329 --- [catastrophe-profiles] [           main] org.hibernate.SQL                        : 
    insert 
    into
        humans
        (active, created_at, display_name, email, last_login, password_hash, username, id) 
    values
        (?, ?, ?, ?, ?, ?, ?, ?)
2026-05-17T21:56:45.967+02:00 DEBUG 20329 --- [catastrophe-profiles] [           main] o.s.security.web.FilterChainProxy        : Securing POST /api/v1/auth/login
2026-05-17T21:56:45.967+02:00 DEBUG 20329 --- [catastrophe-profiles] [           main] o.s.s.w.a.AnonymousAuthenticationFilter  : Set SecurityContextHolder to anonymous SecurityContext
2026-05-17T21:56:45.967+02:00 DEBUG 20329 --- [catastrophe-profiles] [           main] o.s.security.web.FilterChainProxy        : Secured POST /api/v1/auth/login
2026-05-17T21:56:45.968+02:00 DEBUG 20329 --- [catastrophe-profiles] [           main] org.hibernate.SQL                        : 
    select
        he1_0.id,
        he1_0.active,
        he1_0.created_at,
        he1_0.display_name,
        he1_0.email,
        he1_0.last_login,
        he1_0.password_hash,
        he1_0.username 
    from
        humans he1_0 
    where
        he1_0.username=?
2026-05-17T21:56:46.039+02:00 DEBUG 20329 --- [catastrophe-profiles] [           main] o.s.s.a.dao.DaoAuthenticationProvider    : Authenticated user
2026-05-17T21:56:46.039+02:00 DEBUG 20329 --- [catastrophe-profiles] [           main] org.hibernate.SQL                        : 
    select
        he1_0.id,
        he1_0.active,
        he1_0.created_at,
        he1_0.display_name,
        he1_0.email,
        he1_0.last_login,
        he1_0.password_hash,
        he1_0.username 
    from
        humans he1_0 
    where
        he1_0.username=?
2026-05-17T21:56:46.044+02:00 DEBUG 20329 --- [catastrophe-profiles] [           main] o.s.security.web.FilterChainProxy        : Securing PUT /api/v1/cats/29ed85e7-e513-4b8b-bf58-aaeefee41433
2026-05-17T21:56:46.045+02:00 DEBUG 20329 --- [catastrophe-profiles] [           main] w.c.HttpSessionSecurityContextRepository : Retrieved SecurityContextImpl [Authentication=UsernamePasswordAuthenticationToken [Principal=org.springframework.security.core.userdetails.User [Username=humano2, Password=[PROTECTED], Enabled=true, AccountNonExpired=true, CredentialsNonExpired=true, AccountNonLocked=true, Granted Authorities=[ROLE_HUMAN]], Credentials=[PROTECTED], Authenticated=true, Details=null, Granted Authorities=[ROLE_HUMAN]]]
2026-05-17T21:56:46.045+02:00 DEBUG 20329 --- [catastrophe-profiles] [           main] o.s.security.web.FilterChainProxy        : Secured PUT /api/v1/cats/29ed85e7-e513-4b8b-bf58-aaeefee41433
2026-05-17T21:56:46.048+02:00 DEBUG 20329 --- [catastrophe-profiles] [           main] org.hibernate.SQL                        : 
    select
        ce1_0.id,
        ce1_0.age_months,
        ce1_0.avatar_url,
        ce1_0.bio,
        ce1_0.breed,
        ce1_0.created_at,
        ce1_0.human_id,
        ce1_0.level,
        ce1_0.mood,
        ce1_0.name,
        ce1_0.updated_at,
        ce1_0.xp 
    from
        cats ce1_0 
    where
        ce1_0.id=?
2026-05-17T21:56:46.050+02:00 DEBUG 20329 --- [catastrophe-profiles] [           main] org.hibernate.SQL                        : 
    select
        he1_0.id,
        he1_0.active,
        he1_0.created_at,
        he1_0.display_name,
        he1_0.email,
        he1_0.last_login,
        he1_0.password_hash,
        he1_0.username 
    from
        humans he1_0 
    where
        he1_0.username=?
2026-05-17T21:56:46.051+02:00 DEBUG 20329 --- [catastrophe-profiles] [           main] c.c.p.a.in.web.GlobalExceptionHandler    : Regla de negocio violada [CAT_OWNERSHIP]: Este gato no te pertenece. ¡Solo su humano asistente puede gestionarlo!
]]></system-out>
  </testcase>
  <testcase name="updateOwnCat" classname="com.catastrophe.profiles.adapter.in.web.CatIntegrationTest" time="0.427">
    <system-out><![CDATA[2026-05-17T21:56:46.058+02:00 DEBUG 20329 --- [catastrophe-profiles] [           main] org.hibernate.SQL                        : 
    select
        ce1_0.id,
        ce1_0.age_months,
        ce1_0.avatar_url,
        ce1_0.bio,
        ce1_0.breed,
        ce1_0.created_at,
        ce1_0.human_id,
        ce1_0.level,
        ce1_0.mood,
        ce1_0.name,
        ce1_0.updated_at,
        ce1_0.xp 
    from
        cats ce1_0
2026-05-17T21:56:46.059+02:00 DEBUG 20329 --- [catastrophe-profiles] [           main] org.hibernate.SQL                        : 
    delete 
    from
        cats 
    where
        id=?
2026-05-17T21:56:46.060+02:00 DEBUG 20329 --- [catastrophe-profiles] [           main] org.hibernate.SQL                        : 
    select
        he1_0.id,
        he1_0.active,
        he1_0.created_at,
        he1_0.display_name,
        he1_0.email,
        he1_0.last_login,
        he1_0.password_hash,
        he1_0.username 
    from
        humans he1_0
2026-05-17T21:56:46.061+02:00 DEBUG 20329 --- [catastrophe-profiles] [           main] org.hibernate.SQL                        : 
    delete 
    from
        humans 
    where
        id=?
2026-05-17T21:56:46.062+02:00 DEBUG 20329 --- [catastrophe-profiles] [           main] org.hibernate.SQL                        : 
    delete 
    from
        humans 
    where
        id=?
2026-05-17T21:56:46.063+02:00 DEBUG 20329 --- [catastrophe-profiles] [           main] o.s.security.web.FilterChainProxy        : Securing POST /api/v1/auth/register
2026-05-17T21:56:46.064+02:00 DEBUG 20329 --- [catastrophe-profiles] [           main] o.s.s.w.a.AnonymousAuthenticationFilter  : Set SecurityContextHolder to anonymous SecurityContext
2026-05-17T21:56:46.064+02:00 DEBUG 20329 --- [catastrophe-profiles] [           main] o.s.security.web.FilterChainProxy        : Secured POST /api/v1/auth/register
2026-05-17T21:56:46.065+02:00 DEBUG 20329 --- [catastrophe-profiles] [           main] org.hibernate.SQL                        : 
    select
        he1_0.id 
    from
        humans he1_0 
    where
        he1_0.username=? 
    fetch
        first ? rows only
2026-05-17T21:56:46.066+02:00 DEBUG 20329 --- [catastrophe-profiles] [           main] org.hibernate.SQL                        : 
    select
        he1_0.id 
    from
        humans he1_0 
    where
        he1_0.email=? 
    fetch
        first ? rows only
2026-05-17T21:56:46.136+02:00 DEBUG 20329 --- [catastrophe-profiles] [           main] org.hibernate.SQL                        : 
    select
        he1_0.id,
        he1_0.active,
        he1_0.created_at,
        he1_0.display_name,
        he1_0.email,
        he1_0.last_login,
        he1_0.password_hash,
        he1_0.username 
    from
        humans he1_0 
    where
        he1_0.id=?
2026-05-17T21:56:46.138+02:00 DEBUG 20329 --- [catastrophe-profiles] [           main] org.hibernate.SQL                        : 
    insert 
    into
        humans
        (active, created_at, display_name, email, last_login, password_hash, username, id) 
    values
        (?, ?, ?, ?, ?, ?, ?, ?)
2026-05-17T21:56:46.140+02:00 DEBUG 20329 --- [catastrophe-profiles] [           main] o.s.security.web.FilterChainProxy        : Securing POST /api/v1/auth/login
2026-05-17T21:56:46.140+02:00 DEBUG 20329 --- [catastrophe-profiles] [           main] o.s.s.w.a.AnonymousAuthenticationFilter  : Set SecurityContextHolder to anonymous SecurityContext
2026-05-17T21:56:46.140+02:00 DEBUG 20329 --- [catastrophe-profiles] [           main] o.s.security.web.FilterChainProxy        : Secured POST /api/v1/auth/login
2026-05-17T21:56:46.141+02:00 DEBUG 20329 --- [catastrophe-profiles] [           main] org.hibernate.SQL                        : 
    select
        he1_0.id,
        he1_0.active,
        he1_0.created_at,
        he1_0.display_name,
        he1_0.email,
        he1_0.last_login,
        he1_0.password_hash,
        he1_0.username 
    from
        humans he1_0 
    where
        he1_0.username=?
2026-05-17T21:56:46.214+02:00 DEBUG 20329 --- [catastrophe-profiles] [           main] o.s.s.a.dao.DaoAuthenticationProvider    : Authenticated user
2026-05-17T21:56:46.214+02:00 DEBUG 20329 --- [catastrophe-profiles] [           main] org.hibernate.SQL                        : 
    select
        he1_0.id,
        he1_0.active,
        he1_0.created_at,
        he1_0.display_name,
        he1_0.email,
        he1_0.last_login,
        he1_0.password_hash,
        he1_0.username 
    from
        humans he1_0 
    where
        he1_0.username=?
2026-05-17T21:56:46.220+02:00 DEBUG 20329 --- [catastrophe-profiles] [           main] o.s.security.web.FilterChainProxy        : Securing POST /api/v1/cats
2026-05-17T21:56:46.221+02:00 DEBUG 20329 --- [catastrophe-profiles] [           main] w.c.HttpSessionSecurityContextRepository : Retrieved SecurityContextImpl [Authentication=UsernamePasswordAuthenticationToken [Principal=org.springframework.security.core.userdetails.User [Username=updater, Password=[PROTECTED], Enabled=true, AccountNonExpired=true, CredentialsNonExpired=true, AccountNonLocked=true, Granted Authorities=[ROLE_HUMAN]], Credentials=[PROTECTED], Authenticated=true, Details=null, Granted Authorities=[ROLE_HUMAN]]]
2026-05-17T21:56:46.221+02:00 DEBUG 20329 --- [catastrophe-profiles] [           main] o.s.security.web.FilterChainProxy        : Secured POST /api/v1/cats
2026-05-17T21:56:46.222+02:00 DEBUG 20329 --- [catastrophe-profiles] [           main] org.hibernate.SQL                        : 
    select
        he1_0.id,
        he1_0.active,
        he1_0.created_at,
        he1_0.display_name,
        he1_0.email,
        he1_0.last_login,
        he1_0.password_hash,
        he1_0.username 
    from
        humans he1_0 
    where
        he1_0.username=?
2026-05-17T21:56:46.224+02:00 DEBUG 20329 --- [catastrophe-profiles] [           main] org.hibernate.SQL                        : 
    select
        ce1_0.id 
    from
        cats ce1_0 
    where
        ce1_0.human_id=? 
        and ce1_0.name=? 
    fetch
        first ? rows only
2026-05-17T21:56:46.447+02:00 DEBUG 20329 --- [catastrophe-profiles] [           main] org.hibernate.SQL                        : 
    select
        ce1_0.id,
        ce1_0.age_months,
        ce1_0.avatar_url,
        ce1_0.bio,
        ce1_0.breed,
        ce1_0.created_at,
        ce1_0.human_id,
        ce1_0.level,
        ce1_0.mood,
        ce1_0.name,
        ce1_0.updated_at,
        ce1_0.xp 
    from
        cats ce1_0 
    where
        ce1_0.id=?
2026-05-17T21:56:46.451+02:00 DEBUG 20329 --- [catastrophe-profiles] [           main] c.c.p.a.o.messaging.KafkaEventPublisher  : Publicando evento CatCreated en topic 'catastrophe.profiles' con key '24a79b37-cc35-453b-8dc7-d9406988cf1a'
2026-05-17T21:56:46.452+02:00 DEBUG 20329 --- [catastrophe-profiles] [           main] org.hibernate.SQL                        : 
    insert 
    into
        cats
        (age_months, avatar_url, bio, breed, created_at, human_id, level, mood, name, updated_at, xp, id) 
    values
        (?, ?, ?, ?, ?, ?, ?, ?, ?, ?, ?, ?)
2026-05-17T21:56:46.458+02:00 DEBUG 20329 --- [catastrophe-profiles] [iles-producer-1] c.c.p.a.o.messaging.KafkaEventPublisher  : Evento CatCreated publicado con offset 2
2026-05-17T21:56:46.462+02:00 DEBUG 20329 --- [catastrophe-profiles] [           main] o.s.security.web.FilterChainProxy        : Securing PUT /api/v1/cats/24a79b37-cc35-453b-8dc7-d9406988cf1a
2026-05-17T21:56:46.464+02:00 DEBUG 20329 --- [catastrophe-profiles] [           main] w.c.HttpSessionSecurityContextRepository : Retrieved SecurityContextImpl [Authentication=UsernamePasswordAuthenticationToken [Principal=org.springframework.security.core.userdetails.User [Username=updater, Password=[PROTECTED], Enabled=true, AccountNonExpired=true, CredentialsNonExpired=true, AccountNonLocked=true, Granted Authorities=[ROLE_HUMAN]], Credentials=[PROTECTED], Authenticated=true, Details=null, Granted Authorities=[ROLE_HUMAN]]]
2026-05-17T21:56:46.465+02:00 DEBUG 20329 --- [catastrophe-profiles] [           main] o.s.security.web.FilterChainProxy        : Secured PUT /api/v1/cats/24a79b37-cc35-453b-8dc7-d9406988cf1a
2026-05-17T21:56:46.465+02:00 DEBUG 20329 --- [catastrophe-profiles] [           main] org.hibernate.SQL                        : 
    select
        ce1_0.id,
        ce1_0.age_months,
        ce1_0.avatar_url,
        ce1_0.bio,
        ce1_0.breed,
        ce1_0.created_at,
        ce1_0.human_id,
        ce1_0.level,
        ce1_0.mood,
        ce1_0.name,
        ce1_0.updated_at,
        ce1_0.xp 
    from
        cats ce1_0 
    where
        ce1_0.id=?
2026-05-17T21:56:46.468+02:00 DEBUG 20329 --- [catastrophe-profiles] [           main] org.hibernate.SQL                        : 
    select
        he1_0.id,
        he1_0.active,
        he1_0.created_at,
        he1_0.display_name,
        he1_0.email,
        he1_0.last_login,
        he1_0.password_hash,
        he1_0.username 
    from
        humans he1_0 
    where
        he1_0.username=?
2026-05-17T21:56:46.470+02:00 DEBUG 20329 --- [catastrophe-profiles] [           main] org.hibernate.SQL                        : 
    select
        ce1_0.id,
        ce1_0.age_months,
        ce1_0.avatar_url,
        ce1_0.bio,
        ce1_0.breed,
        ce1_0.created_at,
        ce1_0.human_id,
        ce1_0.level,
        ce1_0.mood,
        ce1_0.name,
        ce1_0.updated_at,
        ce1_0.xp 
    from
        cats ce1_0 
    where
        ce1_0.id=?
2026-05-17T21:56:46.474+02:00 DEBUG 20329 --- [catastrophe-profiles] [           main] org.hibernate.SQL                        : 
    update
        cats 
    set
        age_months=?,
        avatar_url=?,
        bio=?,
        breed=?,
        human_id=?,
        level=?,
        mood=?,
        name=?,
        updated_at=?,
        xp=? 
    where
        id=?
]]></system-out>
  </testcase>
  <testcase name="deleteOwnCat" classname="com.catastrophe.profiles.adapter.in.web.CatIntegrationTest" time="0.429">
    <system-out><![CDATA[2026-05-17T21:56:46.487+02:00 DEBUG 20329 --- [catastrophe-profiles] [           main] org.hibernate.SQL                        : 
    select
        ce1_0.id,
        ce1_0.age_months,
        ce1_0.avatar_url,
        ce1_0.bio,
        ce1_0.breed,
        ce1_0.created_at,
        ce1_0.human_id,
        ce1_0.level,
        ce1_0.mood,
        ce1_0.name,
        ce1_0.updated_at,
        ce1_0.xp 
    from
        cats ce1_0
2026-05-17T21:56:46.488+02:00 DEBUG 20329 --- [catastrophe-profiles] [           main] org.hibernate.SQL                        : 
    delete 
    from
        cats 
    where
        id=?
2026-05-17T21:56:46.490+02:00 DEBUG 20329 --- [catastrophe-profiles] [           main] org.hibernate.SQL                        : 
    select
        he1_0.id,
        he1_0.active,
        he1_0.created_at,
        he1_0.display_name,
        he1_0.email,
        he1_0.last_login,
        he1_0.password_hash,
        he1_0.username 
    from
        humans he1_0
2026-05-17T21:56:46.491+02:00 DEBUG 20329 --- [catastrophe-profiles] [           main] org.hibernate.SQL                        : 
    delete 
    from
        humans 
    where
        id=?
2026-05-17T21:56:46.492+02:00 DEBUG 20329 --- [catastrophe-profiles] [           main] o.s.security.web.FilterChainProxy        : Securing POST /api/v1/auth/register
2026-05-17T21:56:46.492+02:00 DEBUG 20329 --- [catastrophe-profiles] [           main] o.s.s.w.a.AnonymousAuthenticationFilter  : Set SecurityContextHolder to anonymous SecurityContext
2026-05-17T21:56:46.492+02:00 DEBUG 20329 --- [catastrophe-profiles] [           main] o.s.security.web.FilterChainProxy        : Secured POST /api/v1/auth/register
2026-05-17T21:56:46.493+02:00 DEBUG 20329 --- [catastrophe-profiles] [           main] org.hibernate.SQL                        : 
    select
        he1_0.id 
    from
        humans he1_0 
    where
        he1_0.username=? 
    fetch
        first ? rows only
2026-05-17T21:56:46.494+02:00 DEBUG 20329 --- [catastrophe-profiles] [           main] org.hibernate.SQL                        : 
    select
        he1_0.id 
    from
        humans he1_0 
    where
        he1_0.email=? 
    fetch
        first ? rows only
2026-05-17T21:56:46.573+02:00 DEBUG 20329 --- [catastrophe-profiles] [           main] org.hibernate.SQL                        : 
    select
        he1_0.id,
        he1_0.active,
        he1_0.created_at,
        he1_0.display_name,
        he1_0.email,
        he1_0.last_login,
        he1_0.password_hash,
        he1_0.username 
    from
        humans he1_0 
    where
        he1_0.id=?
2026-05-17T21:56:46.575+02:00 DEBUG 20329 --- [catastrophe-profiles] [           main] org.hibernate.SQL                        : 
    insert 
    into
        humans
        (active, created_at, display_name, email, last_login, password_hash, username, id) 
    values
        (?, ?, ?, ?, ?, ?, ?, ?)
2026-05-17T21:56:46.577+02:00 DEBUG 20329 --- [catastrophe-profiles] [           main] o.s.security.web.FilterChainProxy        : Securing POST /api/v1/auth/login
2026-05-17T21:56:46.577+02:00 DEBUG 20329 --- [catastrophe-profiles] [           main] o.s.s.w.a.AnonymousAuthenticationFilter  : Set SecurityContextHolder to anonymous SecurityContext
2026-05-17T21:56:46.578+02:00 DEBUG 20329 --- [catastrophe-profiles] [           main] o.s.security.web.FilterChainProxy        : Secured POST /api/v1/auth/login
2026-05-17T21:56:46.579+02:00 DEBUG 20329 --- [catastrophe-profiles] [           main] org.hibernate.SQL                        : 
    select
        he1_0.id,
        he1_0.active,
        he1_0.created_at,
        he1_0.display_name,
        he1_0.email,
        he1_0.last_login,
        he1_0.password_hash,
        he1_0.username 
    from
        humans he1_0 
    where
        he1_0.username=?
2026-05-17T21:56:46.649+02:00 DEBUG 20329 --- [catastrophe-profiles] [           main] o.s.s.a.dao.DaoAuthenticationProvider    : Authenticated user
2026-05-17T21:56:46.650+02:00 DEBUG 20329 --- [catastrophe-profiles] [           main] org.hibernate.SQL                        : 
    select
        he1_0.id,
        he1_0.active,
        he1_0.created_at,
        he1_0.display_name,
        he1_0.email,
        he1_0.last_login,
        he1_0.password_hash,
        he1_0.username 
    from
        humans he1_0 
    where
        he1_0.username=?
2026-05-17T21:56:46.656+02:00 DEBUG 20329 --- [catastrophe-profiles] [           main] o.s.security.web.FilterChainProxy        : Securing POST /api/v1/cats
2026-05-17T21:56:46.657+02:00 DEBUG 20329 --- [catastrophe-profiles] [           main] w.c.HttpSessionSecurityContextRepository : Retrieved SecurityContextImpl [Authentication=UsernamePasswordAuthenticationToken [Principal=org.springframework.security.core.userdetails.User [Username=deleter, Password=[PROTECTED], Enabled=true, AccountNonExpired=true, CredentialsNonExpired=true, AccountNonLocked=true, Granted Authorities=[ROLE_HUMAN]], Credentials=[PROTECTED], Authenticated=true, Details=null, Granted Authorities=[ROLE_HUMAN]]]
2026-05-17T21:56:46.657+02:00 DEBUG 20329 --- [catastrophe-profiles] [           main] o.s.security.web.FilterChainProxy        : Secured POST /api/v1/cats
2026-05-17T21:56:46.658+02:00 DEBUG 20329 --- [catastrophe-profiles] [           main] org.hibernate.SQL                        : 
    select
        he1_0.id,
        he1_0.active,
        he1_0.created_at,
        he1_0.display_name,
        he1_0.email,
        he1_0.last_login,
        he1_0.password_hash,
        he1_0.username 
    from
        humans he1_0 
    where
        he1_0.username=?
2026-05-17T21:56:46.659+02:00 DEBUG 20329 --- [catastrophe-profiles] [           main] org.hibernate.SQL                        : 
    select
        ce1_0.id 
    from
        cats ce1_0 
    where
        ce1_0.human_id=? 
        and ce1_0.name=? 
    fetch
        first ? rows only
2026-05-17T21:56:46.762+02:00  INFO 20329 --- [catastrophe-profiles] [        kafka-1] org.apache.kafka.clients.NetworkClient   : [Consumer clientId=consumer-profiles-xp-applier-1, groupId=profiles-xp-applier] Node 1 disconnected.
2026-05-17T21:56:46.762+02:00  WARN 20329 --- [catastrophe-profiles] [        kafka-1] org.apache.kafka.clients.NetworkClient   : [Consumer clientId=consumer-profiles-xp-applier-1, groupId=profiles-xp-applier] Connection to node 1 (localhost/127.0.0.1:39321) could not be established. Node may not be available.
2026-05-17T21:56:46.884+02:00 DEBUG 20329 --- [catastrophe-profiles] [           main] org.hibernate.SQL                        : 
    select
        ce1_0.id,
        ce1_0.age_months,
        ce1_0.avatar_url,
        ce1_0.bio,
        ce1_0.breed,
        ce1_0.created_at,
        ce1_0.human_id,
        ce1_0.level,
        ce1_0.mood,
        ce1_0.name,
        ce1_0.updated_at,
        ce1_0.xp 
    from
        cats ce1_0 
    where
        ce1_0.id=?
2026-05-17T21:56:46.886+02:00 DEBUG 20329 --- [catastrophe-profiles] [           main] c.c.p.a.o.messaging.KafkaEventPublisher  : Publicando evento CatCreated en topic 'catastrophe.profiles' con key '74ab5dc7-31c7-4cdc-9518-55935c68cc84'
2026-05-17T21:56:46.887+02:00 DEBUG 20329 --- [catastrophe-profiles] [           main] org.hibernate.SQL                        : 
    insert 
    into
        cats
        (age_months, avatar_url, bio, breed, created_at, human_id, level, mood, name, updated_at, xp, id) 
    values
        (?, ?, ?, ?, ?, ?, ?, ?, ?, ?, ?, ?)
2026-05-17T21:56:46.893+02:00 DEBUG 20329 --- [catastrophe-profiles] [iles-producer-1] c.c.p.a.o.messaging.KafkaEventPublisher  : Evento CatCreated publicado con offset 3
2026-05-17T21:56:46.898+02:00 DEBUG 20329 --- [catastrophe-profiles] [           main] o.s.security.web.FilterChainProxy        : Securing DELETE /api/v1/cats/74ab5dc7-31c7-4cdc-9518-55935c68cc84
2026-05-17T21:56:46.899+02:00 DEBUG 20329 --- [catastrophe-profiles] [           main] w.c.HttpSessionSecurityContextRepository : Retrieved SecurityContextImpl [Authentication=UsernamePasswordAuthenticationToken [Principal=org.springframework.security.core.userdetails.User [Username=deleter, Password=[PROTECTED], Enabled=true, AccountNonExpired=true, CredentialsNonExpired=true, AccountNonLocked=true, Granted Authorities=[ROLE_HUMAN]], Credentials=[PROTECTED], Authenticated=true, Details=null, Granted Authorities=[ROLE_HUMAN]]]
2026-05-17T21:56:46.899+02:00 DEBUG 20329 --- [catastrophe-profiles] [           main] o.s.security.web.FilterChainProxy        : Secured DELETE /api/v1/cats/74ab5dc7-31c7-4cdc-9518-55935c68cc84
2026-05-17T21:56:46.900+02:00 DEBUG 20329 --- [catastrophe-profiles] [           main] org.hibernate.SQL                        : 
    select
        ce1_0.id,
        ce1_0.age_months,
        ce1_0.avatar_url,
        ce1_0.bio,
        ce1_0.breed,
        ce1_0.created_at,
        ce1_0.human_id,
        ce1_0.level,
        ce1_0.mood,
        ce1_0.name,
        ce1_0.updated_at,
        ce1_0.xp 
    from
        cats ce1_0 
    where
        ce1_0.id=?
2026-05-17T21:56:46.903+02:00 DEBUG 20329 --- [catastrophe-profiles] [           main] org.hibernate.SQL                        : 
    select
        he1_0.id,
        he1_0.active,
        he1_0.created_at,
        he1_0.display_name,
        he1_0.email,
        he1_0.last_login,
        he1_0.password_hash,
        he1_0.username 
    from
        humans he1_0 
    where
        he1_0.username=?
2026-05-17T21:56:46.904+02:00 DEBUG 20329 --- [catastrophe-profiles] [           main] org.hibernate.SQL                        : 
    select
        ce1_0.id,
        ce1_0.age_months,
        ce1_0.avatar_url,
        ce1_0.bio,
        ce1_0.breed,
        ce1_0.created_at,
        ce1_0.human_id,
        ce1_0.level,
        ce1_0.mood,
        ce1_0.name,
        ce1_0.updated_at,
        ce1_0.xp 
    from
        cats ce1_0 
    where
        ce1_0.id=?
2026-05-17T21:56:46.906+02:00 DEBUG 20329 --- [catastrophe-profiles] [           main] org.hibernate.SQL                        : 
    delete 
    from
        cats 
    where
        id=?
2026-05-17T21:56:46.910+02:00 DEBUG 20329 --- [catastrophe-profiles] [           main] o.s.security.web.FilterChainProxy        : Securing GET /api/v1/cats/74ab5dc7-31c7-4cdc-9518-55935c68cc84
2026-05-17T21:56:46.910+02:00 DEBUG 20329 --- [catastrophe-profiles] [           main] o.s.s.w.a.AnonymousAuthenticationFilter  : Set SecurityContextHolder to anonymous SecurityContext
2026-05-17T21:56:46.910+02:00 DEBUG 20329 --- [catastrophe-profiles] [           main] o.s.security.web.FilterChainProxy        : Secured GET /api/v1/cats/74ab5dc7-31c7-4cdc-9518-55935c68cc84
2026-05-17T21:56:46.911+02:00 DEBUG 20329 --- [catastrophe-profiles] [           main] org.hibernate.SQL                        : 
    select
        ce1_0.id,
        ce1_0.age_months,
        ce1_0.avatar_url,
        ce1_0.bio,
        ce1_0.breed,
        ce1_0.created_at,
        ce1_0.human_id,
        ce1_0.level,
        ce1_0.mood,
        ce1_0.name,
        ce1_0.updated_at,
        ce1_0.xp 
    from
        cats ce1_0 
    where
        ce1_0.id=?
2026-05-17T21:56:46.912+02:00 DEBUG 20329 --- [catastrophe-profiles] [           main] c.c.p.a.in.web.GlobalExceptionHandler    : Recurso no encontrado: Cat con id 74ab5dc7-31c7-4cdc-9518-55935c68cc84 no encontrado
]]></system-out>
  </testcase>
  <testcase name="createCatAuthenticated" classname="com.catastrophe.profiles.adapter.in.web.CatIntegrationTest" time="0.583">
    <system-out><![CDATA[2026-05-17T21:56:46.916+02:00 DEBUG 20329 --- [catastrophe-profiles] [           main] org.hibernate.SQL                        : 
    select
        ce1_0.id,
        ce1_0.age_months,
        ce1_0.avatar_url,
        ce1_0.bio,
        ce1_0.breed,
        ce1_0.created_at,
        ce1_0.human_id,
        ce1_0.level,
        ce1_0.mood,
        ce1_0.name,
        ce1_0.updated_at,
        ce1_0.xp 
    from
        cats ce1_0
2026-05-17T21:56:46.918+02:00 DEBUG 20329 --- [catastrophe-profiles] [           main] org.hibernate.SQL                        : 
    select
        he1_0.id,
        he1_0.active,
        he1_0.created_at,
        he1_0.display_name,
        he1_0.email,
        he1_0.last_login,
        he1_0.password_hash,
        he1_0.username 
    from
        humans he1_0
2026-05-17T21:56:46.919+02:00 DEBUG 20329 --- [catastrophe-profiles] [           main] org.hibernate.SQL                        : 
    delete 
    from
        humans 
    where
        id=?
2026-05-17T21:56:46.920+02:00 DEBUG 20329 --- [catastrophe-profiles] [           main] o.s.security.web.FilterChainProxy        : Securing POST /api/v1/auth/register
2026-05-17T21:56:46.920+02:00 DEBUG 20329 --- [catastrophe-profiles] [           main] o.s.s.w.a.AnonymousAuthenticationFilter  : Set SecurityContextHolder to anonymous SecurityContext
2026-05-17T21:56:46.921+02:00 DEBUG 20329 --- [catastrophe-profiles] [           main] o.s.security.web.FilterChainProxy        : Secured POST /api/v1/auth/register
2026-05-17T21:56:46.922+02:00 DEBUG 20329 --- [catastrophe-profiles] [           main] org.hibernate.SQL                        : 
    select
        he1_0.id 
    from
        humans he1_0 
    where
        he1_0.username=? 
    fetch
        first ? rows only
2026-05-17T21:56:46.922+02:00 DEBUG 20329 --- [catastrophe-profiles] [           main] org.hibernate.SQL                        : 
    select
        he1_0.id 
    from
        humans he1_0 
    where
        he1_0.email=? 
    fetch
        first ? rows only
2026-05-17T21:56:47.003+02:00 DEBUG 20329 --- [catastrophe-profiles] [           main] org.hibernate.SQL                        : 
    select
        he1_0.id,
        he1_0.active,
        he1_0.created_at,
        he1_0.display_name,
        he1_0.email,
        he1_0.last_login,
        he1_0.password_hash,
        he1_0.username 
    from
        humans he1_0 
    where
        he1_0.id=?
2026-05-17T21:56:47.005+02:00 DEBUG 20329 --- [catastrophe-profiles] [           main] org.hibernate.SQL                        : 
    insert 
    into
        humans
        (active, created_at, display_name, email, last_login, password_hash, username, id) 
    values
        (?, ?, ?, ?, ?, ?, ?, ?)
2026-05-17T21:56:47.007+02:00 DEBUG 20329 --- [catastrophe-profiles] [           main] o.s.security.web.FilterChainProxy        : Securing POST /api/v1/auth/login
[...]
2026-05-17T21:56:47.508+02:00 DEBUG 20329 --- [catastrophe-profiles] [           main] org.hibernate.SQL                        : 
    select
        he1_0.id 
    from
        humans he1_0 
    where
        he1_0.username=? 
    fetch
        first ? rows only
2026-05-17T21:56:47.509+02:00 DEBUG 20329 --- [catastrophe-profiles] [           main] org.hibernate.SQL                        : 
    select
        he1_0.id 
    from
        humans he1_0 
    where
        he1_0.email=? 
    fetch
        first ? rows only
2026-05-17T21:56:47.594+02:00 DEBUG 20329 --- [catastrophe-profiles] [           main] org.hibernate.SQL                        : 
    select
        he1_0.id,
        he1_0.active,
        he1_0.created_at,
        he1_0.display_name,
        he1_0.email,
        he1_0.last_login,
        he1_0.password_hash,
        he1_0.username 
    from
        humans he1_0 
    where
        he1_0.id=?
2026-05-17T21:56:47.596+02:00 DEBUG 20329 --- [catastrophe-profiles] [           main] org.hibernate.SQL                        : 
    insert 
    into
        humans
        (active, created_at, display_name, email, last_login, password_hash, username, id) 
    values
        (?, ?, ?, ?, ?, ?, ?, ?)
2026-05-17T21:56:47.599+02:00 DEBUG 20329 --- [catastrophe-profiles] [           main] o.s.security.web.FilterChainProxy        : Securing POST /api/v1/auth/login
2026-05-17T21:56:47.599+02:00 DEBUG 20329 --- [catastrophe-profiles] [           main] o.s.s.w.a.AnonymousAuthenticationFilter  : Set SecurityContextHolder to anonymous SecurityContext
2026-05-17T21:56:47.599+02:00 DEBUG 20329 --- [catastrophe-profiles] [           main] o.s.security.web.FilterChainProxy        : Secured POST /api/v1/auth/login
2026-05-17T21:56:47.600+02:00 DEBUG 20329 --- [catastrophe-profiles] [           main] org.hibernate.SQL                        : 
    select
        he1_0.id,
        he1_0.active,
        he1_0.created_at,
        he1_0.display_name,
        he1_0.email,
        he1_0.last_login,
        he1_0.password_hash,
        he1_0.username 
    from
        humans he1_0 
    where
        he1_0.username=?
2026-05-17T21:56:47.669+02:00 DEBUG 20329 --- [catastrophe-profiles] [           main] o.s.s.a.dao.DaoAuthenticationProvider    : Authenticated user
2026-05-17T21:56:47.670+02:00 DEBUG 20329 --- [catastrophe-profiles] [           main] org.hibernate.SQL                        : 
    select
        he1_0.id,
        he1_0.active,
        he1_0.created_at,
        he1_0.display_name,
        he1_0.email,
        he1_0.last_login,
        he1_0.password_hash,
        he1_0.username 
    from
        humans he1_0 
    where
        he1_0.username=?
2026-05-17T21:56:47.675+02:00 DEBUG 20329 --- [catastrophe-profiles] [           main] o.s.security.web.FilterChainProxy        : Securing POST /api/v1/cats
2026-05-17T21:56:47.676+02:00 DEBUG 20329 --- [catastrophe-profiles] [           main] w.c.HttpSessionSecurityContextRepository : Retrieved SecurityContextImpl [Authentication=UsernamePasswordAuthenticationToken [Principal=org.springframework.security.core.userdetails.User [Username=multicats, Password=[PROTECTED], Enabled=true, AccountNonExpired=true, CredentialsNonExpired=true, AccountNonLocked=true, Granted Authorities=[ROLE_HUMAN]], Credentials=[PROTECTED], Authenticated=true, Details=null, Granted Authorities=[ROLE_HUMAN]]]
2026-05-17T21:56:47.676+02:00 DEBUG 20329 --- [catastrophe-profiles] [           main] o.s.security.web.FilterChainProxy        : Secured POST /api/v1/cats
2026-05-17T21:56:47.676+02:00 DEBUG 20329 --- [catastrophe-profiles] [           main] org.hibernate.SQL                        : 
    select
        he1_0.id,
        he1_0.active,
        he1_0.created_at,
        he1_0.display_name,
        he1_0.email,
        he1_0.last_login,
        he1_0.password_hash,
        he1_0.username 
    from
        humans he1_0 
    where
        he1_0.username=?
2026-05-17T21:56:47.678+02:00 DEBUG 20329 --- [catastrophe-profiles] [           main] org.hibernate.SQL                        : 
    select
        ce1_0.id 
    from
        cats ce1_0 
    where
        ce1_0.human_id=? 
        and ce1_0.name=? 
    fetch
        first ? rows only
2026-05-17T21:56:47.763+02:00  INFO 20329 --- [catastrophe-profiles] [        kafka-1] org.apache.kafka.clients.NetworkClient   : [Consumer clientId=consumer-profiles-xp-applier-1, groupId=profiles-xp-applier] Node 1 disconnected.
2026-05-17T21:56:47.763+02:00  WARN 20329 --- [catastrophe-profiles] [        kafka-1] org.apache.kafka.clients.NetworkClient   : [Consumer clientId=consumer-profiles-xp-applier-1, groupId=profiles-xp-applier] Connection to node 1 (localhost/127.0.0.1:39321) could not be established. Node may not be available.
2026-05-17T21:56:48.085+02:00 DEBUG 20329 --- [catastrophe-profiles] [           main] org.hibernate.SQL                        : 
    select
        ce1_0.id,
        ce1_0.age_months,
        ce1_0.avatar_url,
        ce1_0.bio,
        ce1_0.breed,
        ce1_0.created_at,
        ce1_0.human_id,
        ce1_0.level,
        ce1_0.mood,
        ce1_0.name,
        ce1_0.updated_at,
        ce1_0.xp 
    from
        cats ce1_0 
    where
        ce1_0.id=?
2026-05-17T21:56:48.087+02:00 DEBUG 20329 --- [catastrophe-profiles] [           main] c.c.p.a.o.messaging.KafkaEventPublisher  : Publicando evento CatCreated en topic 'catastrophe.profiles' con key 'ab18c9f3-49dd-47f3-ade9-3a53a2d8f9e6'
2026-05-17T21:56:48.089+02:00 DEBUG 20329 --- [catastrophe-profiles] [           main] org.hibernate.SQL                        : 
    insert 
    into
        cats
        (age_months, avatar_url, bio, breed, created_at, human_id, level, mood, name, updated_at, xp, id) 
    values
        (?, ?, ?, ?, ?, ?, ?, ?, ?, ?, ?, ?)
2026-05-17T21:56:48.094+02:00 DEBUG 20329 --- [catastrophe-profiles] [iles-producer-1] c.c.p.a.o.messaging.KafkaEventPublisher  : Evento CatCreated publicado con offset 5
2026-05-17T21:56:48.099+02:00 DEBUG 20329 --- [catastrophe-profiles] [           main] o.s.security.web.FilterChainProxy        : Securing POST /api/v1/cats
2026-05-17T21:56:48.101+02:00 DEBUG 20329 --- [catastrophe-profiles] [           main] w.c.HttpSessionSecurityContextRepository : Retrieved SecurityContextImpl [Authentication=UsernamePasswordAuthenticationToken [Principal=org.springframework.security.core.userdetails.User [Username=multicats, Password=[PROTECTED], Enabled=true, AccountNonExpired=true, CredentialsNonExpired=true, AccountNonLocked=true, Granted Authorities=[ROLE_HUMAN]], Credentials=[PROTECTED], Authenticated=true, Details=null, Granted Authorities=[ROLE_HUMAN]]]
2026-05-17T21:56:48.101+02:00 DEBUG 20329 --- [catastrophe-profiles] [           main] o.s.security.web.FilterChainProxy        : Secured POST /api/v1/cats
2026-05-17T21:56:48.104+02:00 DEBUG 20329 --- [catastrophe-profiles] [           main] org.hibernate.SQL                        : 
    select
        he1_0.id,
        he1_0.active,
        he1_0.created_at,
        he1_0.display_name,
        he1_0.email,
        he1_0.last_login,
        he1_0.password_hash,
        he1_0.username 
    from
        humans he1_0 
    where
        he1_0.username=?
2026-05-17T21:56:48.107+02:00 DEBUG 20329 --- [catastrophe-profiles] [           main] org.hibernate.SQL                        : 
    select
        ce1_0.id 
    from
        cats ce1_0 
    where
        ce1_0.human_id=? 
        and ce1_0.name=? 
    fetch
        first ? rows only
2026-05-17T21:56:48.494+02:00 DEBUG 20329 --- [catastrophe-profiles] [           main] org.hibernate.SQL                        : 
    select
        ce1_0.id,
        ce1_0.age_months,
        ce1_0.avatar_url,
        ce1_0.bio,
        ce1_0.breed,
        ce1_0.created_at,
        ce1_0.human_id,
        ce1_0.level,
        ce1_0.mood,
        ce1_0.name,
        ce1_0.updated_at,
        ce1_0.xp 
    from
        cats ce1_0 
    where
        ce1_0.id=?
2026-05-17T21:56:48.496+02:00 DEBUG 20329 --- [catastrophe-profiles] [           main] c.c.p.a.o.messaging.KafkaEventPublisher  : Publicando evento CatCreated en topic 'catastrophe.profiles' con key 'cc20b6cf-a0f3-4fe9-a35e-d2cb88032dda'
2026-05-17T21:56:48.497+02:00 DEBUG 20329 --- [catastrophe-profiles] [           main] org.hibernate.SQL                        : 
    insert 
    into
        cats
        (age_months, avatar_url, bio, breed, created_at, human_id, level, mood, name, updated_at, xp, id) 
    values
        (?, ?, ?, ?, ?, ?, ?, ?, ?, ?, ?, ?)
2026-05-17T21:56:48.502+02:00 DEBUG 20329 --- [catastrophe-profiles] [iles-producer-1] c.c.p.a.o.messaging.KafkaEventPublisher  : Evento CatCreated publicado con offset 6
2026-05-17T21:56:48.509+02:00 DEBUG 20329 --- [catastrophe-profiles] [           main] o.s.security.web.FilterChainProxy        : Securing GET /api/v1/cats/mine
2026-05-17T21:56:48.511+02:00 DEBUG 20329 --- [catastrophe-profiles] [           main] o.s.security.web.FilterChainProxy        : Secured GET /api/v1/cats/mine
2026-05-17T21:56:48.512+02:00 DEBUG 20329 --- [catastrophe-profiles] [           main] w.c.HttpSessionSecurityContextRepository : Retrieved SecurityContextImpl [Authentication=UsernamePasswordAuthenticationToken [Principal=org.springframework.security.core.userdetails.User [Username=multicats, Password=[PROTECTED], Enabled=true, AccountNonExpired=true, CredentialsNonExpired=true, AccountNonLocked=true, Granted Authorities=[ROLE_HUMAN]], Credentials=[PROTECTED], Authenticated=true, Details=null, Granted Authorities=[ROLE_HUMAN]]]
2026-05-17T21:56:48.513+02:00 DEBUG 20329 --- [catastrophe-profiles] [           main] org.hibernate.SQL                        : 
    select
        he1_0.id,
        he1_0.active,
        he1_0.created_at,
        he1_0.display_name,
        he1_0.email,
        he1_0.last_login,
        he1_0.password_hash,
        he1_0.username 
    from
        humans he1_0 
    where
        he1_0.username=?
2026-05-17T21:56:48.516+02:00 DEBUG 20329 --- [catastrophe-profiles] [           main] org.hibernate.SQL                        : 
    select
        ce1_0.id,
        ce1_0.age_months,
        ce1_0.avatar_url,
        ce1_0.bio,
        ce1_0.breed,
        ce1_0.created_at,
        ce1_0.human_id,
        ce1_0.level,
        ce1_0.mood,
        ce1_0.name,
        ce1_0.updated_at,
        ce1_0.xp 
    from
        cats ce1_0 
    where
        ce1_0.human_id=?
]]></system-out>
  </testcase>
  <testcase name="viewCatProfileIsPublic" classname="com.catastrophe.profiles.adapter.in.web.CatIntegrationTest" time="0.604">
    <system-out><![CDATA[2026-05-17T21:56:48.533+02:00 DEBUG 20329 --- [catastrophe-profiles] [           main] org.hibernate.SQL                        : 
    select
        ce1_0.id,
        ce1_0.age_months,
        ce1_0.avatar_url,
        ce1_0.bio,
        ce1_0.breed,
        ce1_0.created_at,
        ce1_0.human_id,
        ce1_0.level,
        ce1_0.mood,
        ce1_0.name,
        ce1_0.updated_at,
        ce1_0.xp 
    from
        cats ce1_0
2026-05-17T21:56:48.534+02:00 DEBUG 20329 --- [catastrophe-profiles] [           main] org.hibernate.SQL                        : 
    delete 
    from
        cats 
    where
        id=?
2026-05-17T21:56:48.534+02:00 DEBUG 20329 --- [catastrophe-profiles] [           main] org.hibernate.SQL                        : 
    delete 
    from
        cats 
    where
        id=?
2026-05-17T21:56:48.536+02:00 DEBUG 20329 --- [catastrophe-profiles] [           main] org.hibernate.SQL                        : 
    select
        he1_0.id,
        he1_0.active,
        he1_0.created_at,
        he1_0.display_name,
        he1_0.email,
        he1_0.last_login,
        he1_0.password_hash,
        he1_0.username 
    from
        humans he1_0
2026-05-17T21:56:48.536+02:00 DEBUG 20329 --- [catastrophe-profiles] [           main] org.hibernate.SQL                        : 
    delete 
    from
        humans 
    where
        id=?
2026-05-17T21:56:48.538+02:00 DEBUG 20329 --- [catastrophe-profiles] [           main] o.s.security.web.FilterChainProxy        : Securing POST /api/v1/auth/register
2026-05-17T21:56:48.538+02:00 DEBUG 20329 --- [catastrophe-profiles] [           main] o.s.s.w.a.AnonymousAuthenticationFilter  : Set SecurityContextHolder to anonymous SecurityContext
2026-05-17T21:56:48.538+02:00 DEBUG 20329 --- [catastrophe-profiles] [           main] o.s.security.web.FilterChainProxy        : Secured POST /api/v1/auth/register
2026-05-17T21:56:48.539+02:00 DEBUG 20329 --- [catastrophe-profiles] [           main] org.hibernate.SQL                        : 
    select
        he1_0.id 
    from
        humans he1_0 
    where
        he1_0.username=? 
    fetch
        first ? rows only
2026-05-17T21:56:48.540+02:00 DEBUG 20329 --- [catastrophe-profiles] [           main] org.hibernate.SQL                        : 
    select
        he1_0.id 
    from
        humans he1_0 
    where
        he1_0.email=? 
    fetch
        first ? rows only
2026-05-17T21:56:48.627+02:00 DEBUG 20329 --- [catastrophe-profiles] [           main] org.hibernate.SQL                        : 
    select
        he1_0.id,
        he1_0.active,
        he1_0.created_at,
        he1_0.display_name,
        he1_0.email,
        he1_0.last_login,
        he1_0.password_hash,
        he1_0.username 
    from
        humans he1_0 
    where
        he1_0.id=?
2026-05-17T21:56:48.628+02:00 DEBUG 20329 --- [catastrophe-profiles] [           main] org.hibernate.SQL                        : 
    insert 
    into
        humans
        (active, created_at, display_name, email, last_login, password_hash, username, id) 
    values
        (?, ?, ?, ?, ?, ?, ?, ?)
2026-05-17T21:56:48.631+02:00 DEBUG 20329 --- [catastrophe-profiles] [           main] o.s.security.web.FilterChainProxy        : Securing POST /api/v1/auth/login
2026-05-17T21:56:48.631+02:00 DEBUG 20329 --- [catastrophe-profiles] [           main] o.s.s.w.a.AnonymousAuthenticationFilter  : Set SecurityContextHolder to anonymous SecurityContext
2026-05-17T21:56:48.631+02:00 DEBUG 20329 --- [catastrophe-profiles] [           main] o.s.security.web.FilterChainProxy        : Secured POST /api/v1/auth/login
2026-05-17T21:56:48.632+02:00 DEBUG 20329 --- [catastrophe-profiles] [           main] org.hibernate.SQL                        : 
    select
        he1_0.id,
        he1_0.active,
        he1_0.created_at,
        he1_0.display_name,
        he1_0.email,
        he1_0.last_login,
        he1_0.password_hash,
        he1_0.username 
    from
        humans he1_0 
    where
        he1_0.username=?
2026-05-17T21:56:48.705+02:00 DEBUG 20329 --- [catastrophe-profiles] [           main] o.s.s.a.dao.DaoAuthenticationProvider    : Authenticated user
2026-05-17T21:56:48.706+02:00 DEBUG 20329 --- [catastrophe-profiles] [           main] org.hibernate.SQL                        : 
    select
        he1_0.id,
        he1_0.active,
        he1_0.created_at,
        he1_0.display_name,
        he1_0.email,
        he1_0.last_login,
        he1_0.password_hash,
        he1_0.username 
    from
        humans he1_0 
    where
        he1_0.username=?
2026-05-17T21:56:48.712+02:00 DEBUG 20329 --- [catastrophe-profiles] [           main] o.s.security.web.FilterChainProxy        : Securing POST /api/v1/cats
2026-05-17T21:56:48.714+02:00 DEBUG 20329 --- [catastrophe-profiles] [           main] w.c.HttpSessionSecurityContextRepository : Retrieved SecurityContextImpl [Authentication=UsernamePasswordAuthenticationToken [Principal=org.springframework.security.core.userdetails.User [Username=publicviewer, Password=[PROTECTED], Enabled=true, AccountNonExpired=true, CredentialsNonExpired=true, AccountNonLocked=true, Granted Authorities=[ROLE_HUMAN]], Credentials=[PROTECTED], Authenticated=true, Details=null, Granted Authorities=[ROLE_HUMAN]]]
2026-05-17T21:56:48.714+02:00 DEBUG 20329 --- [catastrophe-profiles] [           main] o.s.security.web.FilterChainProxy        : Secured POST /api/v1/cats
2026-05-17T21:56:48.715+02:00 DEBUG 20329 --- [catastrophe-profiles] [           main] org.hibernate.SQL                        : 
    select
        he1_0.id,
        he1_0.active,
        he1_0.created_at,
        he1_0.display_name,
        he1_0.email,
        he1_0.last_login,
        he1_0.password_hash,
        he1_0.username 
    from
        humans he1_0 
    where
        he1_0.username=?
2026-05-17T21:56:48.717+02:00 DEBUG 20329 --- [catastrophe-profiles] [           main] org.hibernate.SQL                        : 
    select
        ce1_0.id 
    from
        cats ce1_0 
    where
        ce1_0.human_id=? 
        and ce1_0.name=? 
    fetch
        first ? rows only
2026-05-17T21:56:48.764+02:00  INFO 20329 --- [catastrophe-profiles] [        kafka-1] org.apache.kafka.clients.NetworkClient   : [Consumer clientId=consumer-profiles-xp-applier-1, groupId=profiles-xp-applier] Node 1 disconnected.
2026-05-17T21:56:48.764+02:00  WARN 20329 --- [catastrophe-profiles] [        kafka-1] org.apache.kafka.clients.NetworkClient   : [Consumer clientId=consumer-profiles-xp-applier-1, groupId=profiles-xp-applier] Connection to node 1 (localhost/127.0.0.1:39321) could not be established. Node may not be available.
2026-05-17T21:56:48.967+02:00  INFO 20329 --- [catastrophe-profiles] [xecutorLoop-1-3] i.l.core.protocol.ConnectionWatchdog     : Reconnecting, last destination was localhost/<unresolved>:45315
2026-05-17T21:56:48.970+02:00  WARN 20329 --- [catastrophe-profiles] [ioEventLoop-4-4] i.l.core.protocol.ConnectionWatchdog     : Cannot reconnect to [localhost/<unresolved>:45315]: Connection refused: localhost/127.0.0.1:45315
2026-05-17T21:56:49.112+02:00 DEBUG 20329 --- [catastrophe-profiles] [           main] org.hibernate.SQL                        : 
    select
        ce1_0.id,
        ce1_0.age_months,
        ce1_0.avatar_url,
        ce1_0.bio,
        ce1_0.breed,
        ce1_0.created_at,
        ce1_0.human_id,
        ce1_0.level,
        ce1_0.mood,
        ce1_0.name,
        ce1_0.updated_at,
        ce1_0.xp 
    from
        cats ce1_0 
    where
        ce1_0.id=?
2026-05-17T21:56:49.116+02:00 DEBUG 20329 --- [catastrophe-profiles] [           main] c.c.p.a.o.messaging.KafkaEventPublisher  : Publicando evento CatCreated en topic 'catastrophe.profiles' con key 'f30c0fb0-909f-43dd-a85e-cc147cb9ab70'
2026-05-17T21:56:49.117+02:00 DEBUG 20329 --- [catastrophe-profiles] [           main] org.hibernate.SQL                        : 
    insert 
    into
        cats
        (age_months, avatar_url, bio, breed, created_at, human_id, level, mood, name, updated_at, xp, id) 
    values
        (?, ?, ?, ?, ?, ?, ?, ?, ?, ?, ?, ?)
2026-05-17T21:56:49.123+02:00 DEBUG 20329 --- [catastrophe-profiles] [iles-producer-1] c.c.p.a.o.messaging.KafkaEventPublisher  : Evento CatCreated publicado con offset 7
2026-05-17T21:56:49.128+02:00 DEBUG 20329 --- [catastrophe-profiles] [           main] o.s.security.web.FilterChainProxy        : Securing GET /api/v1/cats/f30c0fb0-909f-43dd-a85e-cc147cb9ab70
2026-05-17T21:56:49.128+02:00 DEBUG 20329 --- [catastrophe-profiles] [           main] o.s.s.w.a.AnonymousAuthenticationFilter  : Set SecurityContextHolder to anonymous SecurityContext
2026-05-17T21:56:49.129+02:00 DEBUG 20329 --- [catastrophe-profiles] [           main] o.s.security.web.FilterChainProxy        : Secured GET /api/v1/cats/f30c0fb0-909f-43dd-a85e-cc147cb9ab70
2026-05-17T21:56:49.129+02:00 DEBUG 20329 --- [catastrophe-profiles] [           main] org.hibernate.SQL                        : 
    select
        ce1_0.id,
        ce1_0.age_months,
        ce1_0.avatar_url,
        ce1_0.bio,
        ce1_0.breed,
        ce1_0.created_at,
        ce1_0.human_id,
        ce1_0.level,
        ce1_0.mood,
        ce1_0.name,
        ce1_0.updated_at,
        ce1_0.xp 
    from
        cats ce1_0 
    where
        ce1_0.id=?
]]></system-out>
  </testcase>
</testsuite>