<?xml version="1.0" encoding="UTF-8"?>
<testsuite xmlns:xsi="http://www.w3.org/2001/XMLSchema-instance" xsi:noNamespaceSchemaLocation="https://maven.apache.org/surefire/maven-surefire-plugin/xsd/surefire-test-report.xsd" version="3.0.2" name="com.catastrophe.profiles.adapter.out.persistence.PersistenceIntegrationTest$HumanPersistence" time="0.042" tests="4" errors="0" skipped="0" failures="0">
  <properties>
[...]
</properties>
  <testcase name="existsByEmail" classname="com.catastrophe.profiles.adapter.out.persistence.PersistenceIntegrationTest$HumanPersistence" time="0.012">
    <system-out><![CDATA[2026-06-11T21:14:33.636+02:00  INFO 95887 --- [catastrophe-profiles] [           main] t.c.s.AnnotationConfigContextLoaderUtils : Could not detect default configuration classes for test class [com.catastrophe.profiles.adapter.out.persistence.PersistenceIntegrationTest$HumanPersistence]: HumanPersistence does not declare any static, non-private, non-final, nested classes annotated with @Configuration.
2026-06-11T21:14:33.640+02:00  INFO 95887 --- [catastrophe-profiles] [           main] .b.t.c.SpringBootTestContextBootstrapper : Found @SpringBootConfiguration com.catastrophe.profiles.ProfilesApplication for test class com.catastrophe.profiles.adapter.out.persistence.PersistenceIntegrationTest$HumanPersistence
2026-06-11T21:14:33.643+02:00 DEBUG 95887 --- [catastrophe-profiles] [           main] org.hibernate.SQL                        : 
    select
        ce1_0.id,
        ce1_0.avatar_url,
        ce1_0.bio,
        ce1_0.birth_date,
        ce1_0.breed,
        ce1_0.created_at,
        ce1_0.human_id,
        ce1_0.level,
        ce1_0.mood,
        ce1_0.name,
        ce1_0.updated_at,
        ce1_0.xp 
    from
        cats ce1_0
Hibernate: 
    select
        ce1_0.id,
        ce1_0.avatar_url,
        ce1_0.bio,
        ce1_0.birth_date,
        ce1_0.breed,
        ce1_0.created_at,
        ce1_0.human_id,
        ce1_0.level,
        ce1_0.mood,
        ce1_0.name,
        ce1_0.updated_at,
        ce1_0.xp 
    from
        cats ce1_0
2026-06-11T21:14:33.645+02:00 DEBUG 95887 --- [catastrophe-profiles] [           main] org.hibernate.SQL                        : 
    select
        he1_0.id,
        he1_0.active,
        he1_0.created_at,
        he1_0.display_name,
        he1_0.email,
        he1_0.last_login,
        he1_0.password_hash,
        he1_0.username 
    from
        humans he1_0
Hibernate: 
    select
        he1_0.id,
        he1_0.active,
        he1_0.created_at,
        he1_0.display_name,
        he1_0.email,
        he1_0.last_login,
        he1_0.password_hash,
        he1_0.username 
    from
        humans he1_0
2026-06-11T21:14:33.646+02:00 DEBUG 95887 --- [catastrophe-profiles] [           main] org.hibernate.SQL                        : 
    select
        he1_0.id,
        he1_0.active,
        he1_0.created_at,
        he1_0.display_name,
        he1_0.email,
        he1_0.last_login,
        he1_0.password_hash,
        he1_0.username 
    from
        humans he1_0 
    where
        he1_0.id=?
Hibernate: 
    select
        he1_0.id,
        he1_0.active,
        he1_0.created_at,
        he1_0.display_name,
        he1_0.email,
        he1_0.last_login,
        he1_0.password_hash,
        he1_0.username 
    from
        humans he1_0 
    where
        he1_0.id=?
2026-06-11T21:14:33.648+02:00 DEBUG 95887 --- [catastrophe-profiles] [           main] org.hibernate.SQL                        : 
    insert 
    into
        humans
        (active, created_at, display_name, email, last_login, password_hash, username, id) 
    values
        (?, ?, ?, ?, ?, ?, ?, ?)
Hibernate: 
    insert 
    into
        humans
        (active, created_at, display_name, email, last_login, password_hash, username, id) 
    values
        (?, ?, ?, ?, ?, ?, ?, ?)
2026-06-11T21:14:33.649+02:00 DEBUG 95887 --- [catastrophe-profiles] [           main] org.hibernate.SQL                        : 
    select
        he1_0.id 
    from
        humans he1_0 
    where
        he1_0.email=? 
    fetch
        first ? rows only
Hibernate: 
    select
        he1_0.id 
    from
        humans he1_0 
    where
        he1_0.email=? 
    fetch
        first ? rows only
2026-06-11T21:14:33.651+02:00 DEBUG 95887 --- [catastrophe-profiles] [           main] org.hibernate.SQL                        : 
    select
        he1_0.id 
    from
        humans he1_0 
    where
        he1_0.email=? 
    fetch
        first ? rows only
Hibernate: 
    select
        he1_0.id 
    from
        humans he1_0 
    where
        he1_0.email=? 
    fetch
        first ? rows only
]]></system-out>
  </testcase>
  <testcase name="existsByUsername" classname="com.catastrophe.profiles.adapter.out.persistence.PersistenceIntegrationTest$HumanPersistence" time="0.009">
    <system-out><![CDATA[2026-06-11T21:14:33.656+02:00 DEBUG 95887 --- [catastrophe-profiles] [           main] org.hibernate.SQL                        : 
    select
        ce1_0.id,
        ce1_0.avatar_url,
        ce1_0.bio,
        ce1_0.birth_date,
        ce1_0.breed,
        ce1_0.created_at,
        ce1_0.human_id,
        ce1_0.level,
        ce1_0.mood,
        ce1_0.name,
        ce1_0.updated_at,
        ce1_0.xp 
    from
        cats ce1_0
Hibernate: 
    select
        ce1_0.id,
        ce1_0.avatar_url,
        ce1_0.bio,
        ce1_0.birth_date,
        ce1_0.breed,
        ce1_0.created_at,
        ce1_0.human_id,
        ce1_0.level,
        ce1_0.mood,
        ce1_0.name,
        ce1_0.updated_at,
        ce1_0.xp 
    from
        cats ce1_0
2026-06-11T21:14:33.657+02:00 DEBUG 95887 --- [catastrophe-profiles] [           main] org.hibernate.SQL                        : 
    select
        he1_0.id,
        he1_0.active,
        he1_0.created_at,
        he1_0.display_name,
        he1_0.email,
        he1_0.last_login,
        he1_0.password_hash,
        he1_0.username 
    from
        humans he1_0
Hibernate: 
    select
        he1_0.id,
        he1_0.active,
        he1_0.created_at,
        he1_0.display_name,
        he1_0.email,
        he1_0.last_login,
        he1_0.password_hash,
        he1_0.username 
    from
        humans he1_0
2026-06-11T21:14:33.657+02:00 DEBUG 95887 --- [catastrophe-profiles] [           main] org.hibernate.SQL                        : 
    select
        he1_0.id,
        he1_0.active,
        he1_0.created_at,
        he1_0.display_name,
        he1_0.email,
        he1_0.last_login,
        he1_0.password_hash,
        he1_0.username 
    from
        humans he1_0 
    where
        he1_0.id=?
Hibernate: 
    select
        he1_0.id,
        he1_0.active,
        he1_0.created_at,
        he1_0.display_name,
        he1_0.email,
        he1_0.last_login,
        he1_0.password_hash,
        he1_0.username 
    from
        humans he1_0 
    where
        he1_0.id=?
2026-06-11T21:14:33.659+02:00 DEBUG 95887 --- [catastrophe-profiles] [           main] org.hibernate.SQL                        : 
    insert 
    into
        humans
        (active, created_at, display_name, email, last_login, password_hash, username, id) 
    values
        (?, ?, ?, ?, ?, ?, ?, ?)
Hibernate: 
    insert 
    into
        humans
        (active, created_at, display_name, email, last_login, password_hash, username, id) 
    values
        (?, ?, ?, ?, ?, ?, ?, ?)
2026-06-11T21:14:33.659+02:00 DEBUG 95887 --- [catastrophe-profiles] [           main] org.hibernate.SQL                        : 
    select
        he1_0.id 
    from
        humans he1_0 
    where
        he1_0.username=? 
    fetch
        first ? rows only
Hibernate: 
    select
        he1_0.id 
    from
        humans he1_0 
    where
        he1_0.username=? 
    fetch
        first ? rows only
2026-06-11T21:14:33.661+02:00 DEBUG 95887 --- [catastrophe-profiles] [           main] org.hibernate.SQL                        : 
    select
        he1_0.id 
    from
        humans he1_0 
    where
        he1_0.username=? 
    fetch
        first ? rows only
Hibernate: 
    select
        he1_0.id 
    from
        humans he1_0 
    where
        he1_0.username=? 
    fetch
        first ? rows only
]]></system-out>
  </testcase>
  <testcase name="findByUsername" classname="com.catastrophe.profiles.adapter.out.persistence.PersistenceIntegrationTest$HumanPersistence" time="0.007">
    <system-out><![CDATA[2026-06-11T21:14:33.665+02:00 DEBUG 95887 --- [catastrophe-profiles] [           main] org.hibernate.SQL                        : 
    select
        ce1_0.id,
        ce1_0.avatar_url,
        ce1_0.bio,
        ce1_0.birth_date,
        ce1_0.breed,
        ce1_0.created_at,
        ce1_0.human_id,
        ce1_0.level,
        ce1_0.mood,
        ce1_0.name,
        ce1_0.updated_at,
        ce1_0.xp 
    from
        cats ce1_0
Hibernate: 
    select
        ce1_0.id,
        ce1_0.avatar_url,
        ce1_0.bio,
        ce1_0.birth_date,
        ce1_0.breed,
        ce1_0.created_at,
        ce1_0.human_id,
        ce1_0.level,
        ce1_0.mood,
        ce1_0.name,
        ce1_0.updated_at,
        ce1_0.xp 
    from
        cats ce1_0
2026-06-11T21:14:33.666+02:00 DEBUG 95887 --- [catastrophe-profiles] [           main] org.hibernate.SQL                        : 
    select
        he1_0.id,
        he1_0.active,
        he1_0.created_at,
        he1_0.display_name,
        he1_0.email,
        he1_0.last_login,
        he1_0.password_hash,
        he1_0.username 
    from
        humans he1_0
Hibernate: 
    select
        he1_0.id,
        he1_0.active,
        he1_0.created_at,
        he1_0.display_name,
        he1_0.email,
        he1_0.last_login,
        he1_0.password_hash,
        he1_0.username 
    from
        humans he1_0
2026-06-11T21:14:33.666+02:00 DEBUG 95887 --- [catastrophe-profiles] [           main] org.hibernate.SQL                        : 
    select
        he1_0.id,
        he1_0.active,
        he1_0.created_at,
        he1_0.display_name,
        he1_0.email,
        he1_0.last_login,
        he1_0.password_hash,
        he1_0.username 
    from
        humans he1_0 
    where
        he1_0.id=?
Hibernate: 
    select
        he1_0.id,
        he1_0.active,
        he1_0.created_at,
        he1_0.display_name,
        he1_0.email,
        he1_0.last_login,
        he1_0.password_hash,
        he1_0.username 
    from
        humans he1_0 
    where
        he1_0.id=?
2026-06-11T21:14:33.668+02:00 DEBUG 95887 --- [catastrophe-profiles] [           main] org.hibernate.SQL                        : 
    insert 
    into
        humans
        (active, created_at, display_name, email, last_login, password_hash, username, id) 
    values
        (?, ?, ?, ?, ?, ?, ?, ?)
Hibernate: 
    insert 
    into
        humans
        (active, created_at, display_name, email, last_login, password_hash, username, id) 
    values
        (?, ?, ?, ?, ?, ?, ?, ?)
2026-06-11T21:14:33.668+02:00 DEBUG 95887 --- [catastrophe-profiles] [           main] org.hibernate.SQL                        : 
    select
        he1_0.id,
        he1_0.active,
        he1_0.created_at,
        he1_0.display_name,
        he1_0.email,
        he1_0.last_login,
        he1_0.password_hash,
        he1_0.username 
    from
        humans he1_0 
    where
        he1_0.username=?
Hibernate: 
    select
        he1_0.id,
        he1_0.active,
        he1_0.created_at,
        he1_0.display_name,
        he1_0.email,
        he1_0.last_login,
        he1_0.password_hash,
        he1_0.username 
    from
        humans he1_0 
    where
        he1_0.username=?
]]></system-out>
  </testcase>
  <testcase name="saveAndFindById" classname="com.catastrophe.profiles.adapter.out.persistence.PersistenceIntegrationTest$HumanPersistence" time="0.006">
    <system-out><![CDATA[2026-06-11T21:14:33.673+02:00 DEBUG 95887 --- [catastrophe-profiles] [           main] org.hibernate.SQL                        : 
    select
        ce1_0.id,
        ce1_0.avatar_url,
        ce1_0.bio,
        ce1_0.birth_date,
        ce1_0.breed,
        ce1_0.created_at,
        ce1_0.human_id,
        ce1_0.level,
        ce1_0.mood,
        ce1_0.name,
        ce1_0.updated_at,
        ce1_0.xp 
    from
        cats ce1_0
Hibernate: 
    select
        ce1_0.id,
        ce1_0.avatar_url,
        ce1_0.bio,
        ce1_0.birth_date,
        ce1_0.breed,
        ce1_0.created_at,
        ce1_0.human_id,
        ce1_0.level,
        ce1_0.mood,
        ce1_0.name,
        ce1_0.updated_at,
        ce1_0.xp 
    from
        cats ce1_0
2026-06-11T21:14:33.674+02:00 DEBUG 95887 --- [catastrophe-profiles] [           main] org.hibernate.SQL                        : 
    select
        he1_0.id,
        he1_0.active,
        he1_0.created_at,
        he1_0.display_name,
        he1_0.email,
        he1_0.last_login,
        he1_0.password_hash,
        he1_0.username 
    from
        humans he1_0
Hibernate: 
    select
        he1_0.id,
        he1_0.active,
        he1_0.created_at,
        he1_0.display_name,
        he1_0.email,
        he1_0.last_login,
        he1_0.password_hash,
        he1_0.username 
    from
        humans he1_0
2026-06-11T21:14:33.674+02:00 DEBUG 95887 --- [catastrophe-profiles] [           main] org.hibernate.SQL                        : 
    select
        he1_0.id,
        he1_0.active,
        he1_0.created_at,
        he1_0.display_name,
        he1_0.email,
        he1_0.last_login,
        he1_0.password_hash,
        he1_0.username 
    from
        humans he1_0 
    where
        he1_0.id=?
Hibernate: 
    select
        he1_0.id,
        he1_0.active,
        he1_0.created_at,
        he1_0.display_name,
        he1_0.email,
        he1_0.last_login,
        he1_0.password_hash,
        he1_0.username 
    from
        humans he1_0 
    where
        he1_0.id=?
]]></system-out>
  </testcase>
</testsuite>